###########################################################[

Copyright (C) 1994-2021 Synopsys, Inc.
This Synopsys software and all associated documentation are proprietary to Synopsys, Inc.
and may only be used pursuant to the terms and conditions of a written license agreement
with Synopsys, Inc. All other use, reproduction, modification, or distribution of the
Synopsys software or the associated documentation is strictly prohibited.
Tool: Synplify Pro (R)
Build: R-2021.03L-SP1
Install: C:\lscc\diamond\3.12\synpbase
OS: Windows 6.2

Hostname: IF11R205-08

Implementation : impl1
Synopsys VHDL Compiler, Version comp202103synp2, Build 093R, Built Aug 10 2021 09:15:36, @

@N|Running in 64-bit mode
@N:"D:\Vytenis Krisciunas\Architektura\Reikalingi failai n. adresacijai\N_top.vhd":28:7:28:9|Top entity is set to TOP.
@N: CD140 :	| Using the VHDL 1993 Standard for file 'C:/lscc/diamond/3.12/cae_library/synthesis/vhdl/xp2.vhd'.
@N: CD140 :	| Using the VHDL 1993 Standard for file 'D:/Vytenis Krisciunas/Architektura/Reikalingi failai n. adresacijai/N_alu_s.vhd'.
@N: CD140 :	| Using the VHDL 1993 Standard for file 'D:/Vytenis Krisciunas/Architektura/Reikalingi failai n. adresacijai/N_cnt.vhd'.
@N: CD140 :	| Using the VHDL 1993 Standard for file 'D:/Vytenis Krisciunas/Architektura/Reikalingi failai n. adresacijai/N_ctrl.vhd'.
@N: CD140 :	| Using the VHDL 1993 Standard for file 'D:/Vytenis Krisciunas/Architektura/Reikalingi failai n. adresacijai/N_flg.vhd'.
@N: CD140 :	| Using the VHDL 1993 Standard for file 'D:/Vytenis Krisciunas/Architektura/Reikalingi failai n. adresacijai/N_mux.vhd'.
@N: CD140 :	| Using the VHDL 1993 Standard for file 'D:/Vytenis Krisciunas/Architektura/Reikalingi failai n. adresacijai/N_reg.vhd'.
@N: CD140 :	| Using the VHDL 1993 Standard for file 'D:/Vytenis Krisciunas/Architektura/Reikalingi failai n. adresacijai/N_rom.vhd'.
@N: CD140 :	| Using the VHDL 1993 Standard for file 'D:/Vytenis Krisciunas/Architektura/Reikalingi failai n. adresacijai/N_top.vhd'.

At c_vhdl Exit (Real Time elapsed 0h:00m:00s; CPU Time elapsed 0h:00m:00s; Memory used current: 90MB peak: 90MB)

Process took 0h:00m:01s realtime, 0h:00m:01s cputime

Process completed successfully.
# Thu Sep 22 11:47:12 2022

###########################################################]
