
edif2ngd  -l "LatticeXP2" -d LFXP2-5E -path "C:/Users/Labas/Desktop/Skaitmenine logika/3 LD/Universalus" -path "C:/Users/Labas/Desktop/Skaitmenine logika/3 LD"   "C:/Users/Labas/Desktop/Skaitmenine logika/3 LD/Universalus/Universalus_Universalus.edi" "Universalus_Universalus.ngo"   
edif2ngd:  version Diamond (64-bit) 3.12.0.240.2

Copyright (c) 1991-1994 by NeoCAD Inc. All rights reserved.
Copyright (c) 1995 AT&T Corp.   All rights reserved.
Copyright (c) 1995-2001 Lucent Technologies Inc.  All rights reserved.
Copyright (c) 2001 Agere Systems   All rights reserved.
Copyright (c) 2002-2020 Lattice Semiconductor Corporation,  All rights reserved.
Writing the design to Universalus_Universalus.ngo...

Total CPU Time: 0 secs  
Total REAL Time: 0 secs  
Peak Memory Usage: 10 MB


ngdbuild  -a "LatticeXP2" -d LFXP2-5E  -p "C:/lscc/diamond/3.12/ispfpga/mg5a00/data"  -p "C:/Users/Labas/Desktop/Skaitmenine logika/3 LD/Universalus" -p "C:/Users/Labas/Desktop/Skaitmenine logika/3 LD"  "Universalus_Universalus.ngo" "Universalus_Universalus.ngd"  	
ngdbuild:  version Diamond (64-bit) 3.12.0.240.2

Copyright (c) 1991-1994 by NeoCAD Inc. All rights reserved.
Copyright (c) 1995 AT&T Corp.   All rights reserved.
Copyright (c) 1995-2001 Lucent Technologies Inc.  All rights reserved.
Copyright (c) 2001 Agere Systems   All rights reserved.
Copyright (c) 2002-2020 Lattice Semiconductor Corporation,  All rights reserved.
Reading 'Universalus_Universalus.ngo' ...
Loading NGL library 'C:/lscc/diamond/3.12/ispfpga/mg5a00/data/mg5alib.ngl'...
Loading NGL library 'C:/lscc/diamond/3.12/ispfpga/ep5a00/data/ep5alib.ngl'...
Loading NGL library 'C:/lscc/diamond/3.12/ispfpga/ep5g00/data/ep5glib.ngl'...
Loading NGL library 'C:/lscc/diamond/3.12/ispfpga/or5g00/data/orc5glib.ngl'...


Running DRC...

DRC complete with no errors or warnings

Design Results:
     35 blocks expanded
Complete the first expansion.
Writing 'Universalus_Universalus.ngd' ...
Total CPU Time: 0 secs 
Total REAL Time: 0 secs 
Peak Memory Usage: 17 MB

