
       Lattice Mapping Report File for Design Module 'UNIVERSALUSPLIS'


Design Information
------------------

Command line:   map -a LatticeXP2 -p LFXP2-5E -t TQFP144 -s 6 -oc Commercial
     Universalus_Universalus.ngd -o Universalus_Universalus_map.ncd -pr
     Universalus_Universalus.prf -mp Universalus_Universalus.mrp -lpf
     C:/Users/Labas/Desktop/Skaitmenine logika/3
     LD/Universalus/Universalus_Universalus_synplify.lpf -lpf
     C:/Users/Labas/Desktop/Skaitmenine logika/3 LD/Universalus.lpf -gui -msgset
     C:/Users/Labas/Desktop/Skaitmenine logika/3 LD/promote.xml 
Target Vendor:  LATTICE
Target Device:  LFXP2-5ETQFP144
Target Performance:   6
Mapper:  mg5a00,  version:  Diamond (64-bit) 3.12.0.240.2
Mapped on:  04/24/22  20:51:05

Design Summary
--------------

   Number of registers:      7 out of  3864 (0%)
      PFU registers:            7 out of  3564 (0%)
      PIO registers:            0 out of   300 (0%)
   Number of SLICEs:        14 out of  2376 (1%)
      SLICEs as Logic/ROM:     14 out of  2376 (1%)
      SLICEs as RAM:            0 out of   405 (0%)
      SLICEs as Carry:          0 out of  2376 (0%)
   Number of LUT4s:         21 out of  4752 (0%)
      Number used as logic LUTs:         21
      Number used as distributed RAM:     0
      Number used as ripple logic:        0
      Number used as shift registers:     0
   Number of PIO sites used: 13 out of 100 (13%)
   Number of PIO FIXEDDELAY:    0
   Number of DQSDLLs:  0 out of 2 (0%)
   Number of PLLs:  0 out of 2 (0%)
   Number of block RAMs:  0 out of 9 (0%)
   Number of CLKDIVs:  0 out of 2 (0%)
   Number of GSRs:  1 out of 1 (100%)
   JTAG used :      No
   Readback used :  No
   Oscillator used :  No
   Startup used :   No
   Notes:-
      1. Total number of LUT4s = (Number of logic LUT4s) + 2*(Number of
     distributed RAMs) + 2*(Number of ripple logic)
      2. Number of logic LUT4s does not include count of distributed RAM and
     ripple logic.

        Number Of Mapped DSP Components:
   --------------------------------
   MULT36X36B          0
   MULT18X18B          0
   MULT18X18MACB       0
   MULT18X18ADDSUBB    0
   MULT18X18ADDSUBSUMB 0
   MULT9X9B            0
   MULT9X9ADDSUBB      0
   MULT9X9ADDSUBSUMB   0

                                    Page 1




Design:  UNIVERSALUSPLIS                               Date:  04/24/22  20:51:05

Design Summary (cont)
---------------------
   --------------------------------
   Number of Used DSP Sites:  0 out of 24 (0 %)
   Number of clocks:  1
     Net Clk_c: 7 loads, 7 rising, 0 falling (Driver: PIO Clk )
   Number of Clock Enables:  0
   Number of local set/reset loads for net Rst_c merged into GSR:  7
   Number of LSRs:  0
   Number of nets driven by tri-state buffers:  0
   Top 10 highest fanout non-clock nets:
     Net A0_c: 14 loads
     Net A1_c: 7 loads
     Net N_11: 4 loads
     Net N_12: 4 loads
     Net N_13: 4 loads
     Net N_14: 4 loads
     Net N_9: 4 loads
     Net N_15: 3 loads
     Net N_8: 3 loads
     Net DR_c: 1 loads




   Number of warnings:  1
   Number of errors:    0
     

Design Errors/Warnings
----------------------

WARNING - map: Using local reset signal 'Rst_c' to infer global GSR net.

IO (PIO) Attributes
-------------------

+---------------------+-----------+-----------+------------+------------+
| IO Name             | Direction | Levelmode | IO         | FIXEDDELAY |
|                     |           |  IO_TYPE  | Register   |            |
+---------------------+-----------+-----------+------------+------------+
| Q6                  | OUTPUT    | LVCMOS25  |            |            |
+---------------------+-----------+-----------+------------+------------+
| A0                  | INPUT     | LVCMOS25  |            |            |
+---------------------+-----------+-----------+------------+------------+
| Q2                  | OUTPUT    | LVCMOS25  |            |            |
+---------------------+-----------+-----------+------------+------------+
| Q1                  | OUTPUT    | LVCMOS25  |            |            |
+---------------------+-----------+-----------+------------+------------+
| Q0                  | OUTPUT    | LVCMOS25  |            |            |
+---------------------+-----------+-----------+------------+------------+
| Q3                  | OUTPUT    | LVCMOS25  |            |            |
+---------------------+-----------+-----------+------------+------------+
| Q4                  | OUTPUT    | LVCMOS25  |            |            |
+---------------------+-----------+-----------+------------+------------+
| Q5                  | OUTPUT    | LVCMOS25  |            |            |
+---------------------+-----------+-----------+------------+------------+
| DL                  | INPUT     | LVCMOS25  |            |            |

                                    Page 2




Design:  UNIVERSALUSPLIS                               Date:  04/24/22  20:51:05

IO (PIO) Attributes (cont)
--------------------------
+---------------------+-----------+-----------+------------+------------+
| DR                  | INPUT     | LVCMOS25  |            |            |
+---------------------+-----------+-----------+------------+------------+
| Clk                 | INPUT     | LVCMOS25  |            |            |
+---------------------+-----------+-----------+------------+------------+
| Rst                 | INPUT     | LVCMOS25  |            |            |
+---------------------+-----------+-----------+------------+------------+
| A1                  | INPUT     | LVCMOS25  |            |            |
+---------------------+-----------+-----------+------------+------------+

Removed logic
-------------

Signal GND undriven or does not drive anything - clipped.
Signal VCC undriven or does not drive anything - clipped.
Block GND was optimized away.
Block VCC was optimized away.

GSR Usage
---------

GSR Component:
   The local reset signal 'Rst_c' of the design has been inferred as Global Set
        Reset (GSR). The reset signal used for GSR control is 'Rst_c'.
        

     GSR Property:
   The design components with GSR property set to ENABLED will respond to global
        set reset while the components with GSR property set to DISABLED will
        not.
        

Run Time and Memory Usage
-------------------------

   Total CPU Time: 0 secs  
   Total REAL Time: 0 secs  
   Peak Memory Usage: 58 MB
        


















                                    Page 3


Copyright (c) 1991-1994 by NeoCAD Inc. All rights reserved.
     Copyright (c) 1995 AT&T Corp.   All rights reserved.
     Copyright (c) 1995-2001 Lucent Technologies Inc.  All rights reserved.
     Copyright (c) 2001 Agere Systems   All rights reserved.
     Copyright (c) 2002-2020 Lattice Semiconductor Corporation,  All rights
     reserved.
