Running in Lattice mode

Starting:    C:\lscc\diamond\3.12\synpbase\bin64\mbin\synbatch.exe
Install:     C:\lscc\diamond\3.12\synpbase
Hostname:    DESKTOP-39206IM
Date:        Tue May 17 01:13:09 2022
Version:     Q-2020.03L-SP1

Arguments:   -product synplify_pro -batch Lab4_Lab4_synplify.tcl
ProductType: synplify_pro




Copied C:\Users\Labas\Desktop\Skaitmenine logika\Lab_4\Lab4\Lab4_Lab4.srr to C:\Users\Labas\Desktop\Skaitmenine logika\Lab_4\Lab4\backup\Lab4_Lab4.srr
log file: "C:\Users\Labas\Desktop\Skaitmenine logika\Lab_4\Lab4\Lab4_Lab4.srr"
Running: hdl_info_gen in foreground

Generating HDL info...
Copied C:\Users\Labas\Desktop\Skaitmenine logika\Lab_4\Lab4\Lab4_Lab4.srr to C:\Users\Labas\Desktop\Skaitmenine logika\Lab_4\Lab4\Lab4_Lab4.srf

hdl_info_gen completed
# Tue May 17 01:13:10 2022

Return Code: 0
Run Time:00h:00m:00s
log file: "C:\Users\Labas\Desktop\Skaitmenine logika\Lab_4\Lab4\Lab4_Lab4.srr"
Running: Lab4 in foreground

Running proj_1|Lab4

Running Flow: compile (Compile) on proj_1|Lab4
# Tue May 17 01:13:10 2022

Running Flow: compile_flow (Compile Process) on proj_1|Lab4
# Tue May 17 01:13:10 2022

Running: compiler (Compile Input) on proj_1|Lab4
# Tue May 17 01:13:10 2022
Copied C:\Users\Labas\Desktop\Skaitmenine logika\Lab_4\Lab4\synwork\Lab4_Lab4_comp.srs to C:\Users\Labas\Desktop\Skaitmenine logika\Lab_4\Lab4\Lab4_Lab4.srs

compiler completed
# Tue May 17 01:13:13 2022

Return Code: 0
Run Time:00h:00m:03s

Running: multi_srs_gen (Multi-srs Generator) on proj_1|Lab4
# Tue May 17 01:13:13 2022

multi_srs_gen completed
# Tue May 17 01:13:13 2022

Return Code: 0
Run Time:00h:00m:00s
Copied C:\Users\Labas\Desktop\Skaitmenine logika\Lab_4\Lab4\synwork\Lab4_Lab4_mult.srs to C:\Users\Labas\Desktop\Skaitmenine logika\Lab_4\Lab4\Lab4_Lab4.srs
Copied C:\Users\Labas\Desktop\Skaitmenine logika\Lab_4\Lab4\Lab4_Lab4.srr to C:\Users\Labas\Desktop\Skaitmenine logika\Lab_4\Lab4\Lab4_Lab4.srf
Complete: Compile Process on proj_1|Lab4

Running: premap (Premap) on proj_1|Lab4
# Tue May 17 01:13:13 2022

premap compleexit status=0
gs
# Tue May 17 01:13:18 2022

Return Code: 1
Run Time:00h:00m:05s
Complete: Compile on proj_1|Lab4

Running Flow: map (Map) on proj_1|Lab4
# Tue May 17 01:13:18 2022

Running: fpga_mapper (Map & Optimize) on proj_1|Lab4
# Tue May 17 01:13:18 2022
Copied C:\Users\Labas\Desktop\Skaitmenine logika\Lab_4\Lab4\synwork\Lab4_Lab4_m.srm to C:\Users\Labas\Desktop\Skaitmenine logika\Lab_4\Lab4\Lab4_Lab4.srm

fpga_mapper completed with warnings
# Tue May 17 01:13:28 2022

Return Code: 1
Run Time:00h:00m:10s
Complete: Map on proj_1|Lab4
Copied C:\Users\Labas\Desktop\Skaitmenine logika\Lab_4\Lab4\Lab4_Lab4.srr to C:\Users\Labas\Desktop\Skaitmenine logika\Lab_4\Lab4\Lab4_Lab4.srf
Complete: Logic Synthesis on proj_1|Lab4
TCL script complete: "Lab4_Lab4_synplify.tcl"
exit status=0
exit status=0
Save changes for project:
C:\Users\Labas\Desktop\Skaitmenine logika\Lab_4\Lab4\proj_1.prj
batch mode default:no
