10 1 1
10 1 1
10 1 1
17 0 fd1s3dx 784 784 0
17 0 fd1s3dx 1552 784 0
17 0 fd1s3dx 2272 800 0
17 0 fd1s3dx 3008 800 0
17 0 fd1s3dx 784 1216 0
17 0 fd1s3dx 1536 1216 0
17 0 fd1s3dx 2272 1216 0
17 0 mux41 448 736 0
17 0 mux41 1216 736 0
17 0 mux41 1936 752 0
17 0 mux41 2672 752 0
17 0 mux41 448 1168 0
17 0 mux41 1200 1168 0
17 0 mux41 1936 1168 0
17 0 vhi 1664 1232 3
13 0 1040 528 2624 528
13 0 368 656 1008 656
13 0 1152 672 1904 672
13 0 1904 672 3232 672
13 0 400 704 1200 704
13 0 1200 704 2512 704
13 0 416 720 1776 720
13 0 416 816 448 816
13 0 1200 816 1216 816
13 0 640 832 784 832
13 0 1008 832 1072 832
13 0 1072 832 1184 832
13 0 1408 832 1552 832
13 0 1904 832 1936 832
13 0 2624 832 2672 832
13 0 400 848 448 848
13 0 1152 848 1216 848
13 0 2128 848 2272 848
13 0 2496 848 2512 848
13 0 2864 848 3008 848
13 0 1840 864 1936 864
13 0 2656 864 2672 864
13 0 368 880 448 880
13 0 1152 880 1216 880
13 0 1840 896 1936 896
13 0 2656 896 2672 896
13 0 400 928 448 928
13 0 1168 928 1216 928
13 0 1872 944 1936 944
13 0 2640 944 2672 944
13 0 1040 992 1840 992
13 0 896 1040 1664 1040
13 0 1664 1040 2384 1040
13 0 2384 1040 3120 1040
13 0 784 1072 1552 1072
13 0 1552 1072 2272 1072
13 0 2272 1072 3008 1072
13 0 352 1104 400 1104
13 0 400 1104 1168 1104
13 0 1168 1104 1872 1104
13 0 1872 1104 2640 1104
13 0 368 1136 416 1136
13 0 416 1136 448 1136
13 0 448 1136 1136 1136
13 0 1136 1136 1216 1136
13 0 1216 1136 1904 1136
13 0 1904 1136 1936 1136
13 0 1936 1136 2672 1136
13 0 1744 1168 1920 1168
13 0 352 1216 448 1216
13 0 1120 1216 1200 1216
13 0 1840 1216 1936 1216
13 0 304 1248 448 1248
13 0 1152 1248 1200 1248
13 0 1920 1248 1936 1248
13 0 640 1264 784 1264
13 0 1008 1264 1040 1264
13 0 1392 1264 1536 1264
13 0 2128 1264 2272 1264
13 0 432 1280 448 1280
13 0 1184 1280 1200 1280
13 0 1776 1280 1936 1280
13 0 432 1312 448 1312
13 0 1184 1312 1200 1312
13 0 1920 1312 1936 1312
13 0 400 1360 448 1360
13 0 1168 1360 1200 1360
13 0 1872 1360 1936 1360
13 0 416 1392 448 1392
13 0 1136 1392 1200 1392
13 0 1904 1392 1936 1392
13 0 1760 1440 2656 1440
13 0 368 1488 896 1488
13 0 896 1488 1648 1488
13 0 1648 1488 2384 1488
13 0 2384 1488 3120 1488
13 0 368 1536 784 1536
13 0 784 1536 1536 1536
13 0 1536 1536 2272 1536
13 0 2272 1536 3008 1536
13 0 432 1552 2496 1552
13 0 1152 1584 2496 1584
13 0 304 1616 1760 1616
13 0 1072 1728 1920 1728
13 0 304 1248 304 1616
13 0 368 656 368 880
13 0 400 704 400 848
13 0 400 928 400 1104
13 0 400 1104 400 1360
13 0 416 720 416 816
13 0 416 1136 416 1392
13 0 432 1280 432 1312
13 0 432 1312 432 1552
13 0 448 592 448 784
13 0 448 960 448 1136
13 0 784 864 784 1072
13 0 784 1296 784 1536
13 0 896 944 896 1040
13 0 896 1376 896 1488
13 0 1008 608 1008 656
13 0 1008 656 1008 832
13 0 1008 1264 1008 1680
13 0 1040 528 1040 992
13 0 1040 992 1040 1264
13 0 1072 832 1072 1728
13 0 1120 1216 1120 1680
13 0 1136 1136 1136 1392
13 0 1152 672 1152 848
13 0 1152 848 1152 880
13 0 1152 1248 1152 1584
13 0 1168 928 1168 1104
13 0 1168 1104 1168 1360
13 0 1184 832 1184 1280
13 0 1184 1280 1184 1312
13 0 1200 704 1200 816
13 0 1216 592 1216 784
13 0 1216 960 1216 1136
13 0 1536 1296 1536 1536
13 0 1552 864 1552 1072
13 0 1648 1376 1648 1488
13 0 1664 944 1664 1040
13 0 1760 1264 1760 1440
13 0 1760 1440 1760 1616
13 0 1760 1616 1760 1648
13 0 1776 624 1776 720
13 0 1776 720 1776 832
13 0 1776 832 1776 1280
13 0 1840 864 1840 896
13 0 1840 896 1840 992
13 0 1840 1216 1840 1648
13 0 1872 944 1872 1104
13 0 1872 1104 1872 1360
13 0 1904 672 1904 832
13 0 1904 1136 1904 1392
13 0 1920 1168 1920 1248
13 0 1920 1312 1920 1728
13 0 1936 576 1936 800
13 0 1936 976 1936 1136
13 0 2272 880 2272 1072
13 0 2272 1296 2272 1536
13 0 2384 960 2384 1040
13 0 2384 1376 2384 1488
13 0 2496 1264 2496 1552
13 0 2496 1552 2496 1584
13 0 2496 1584 2496 1648
13 0 2512 656 2512 704
13 0 2512 704 2512 848
13 0 2624 528 2624 832
13 0 2640 944 2640 1104
13 0 2656 864 2656 896
13 0 2656 896 2656 1440
13 0 2672 624 2672 800
13 0 2672 976 2672 1136
13 0 3008 880 3008 1072
13 0 3008 1072 3008 1536
13 0 3120 960 3120 1040
13 0 3120 1040 3120 1488
13 0 3232 640 3232 672
13 0 3232 672 3232 848
13 5 352 1104 A0
13 5 368 1136 A1
13 5 352 1216 D2
13 5 368 1488 Rst
13 5 368 1536 Clk
13 5 448 592 D6
13 5 1008 608 Q6
13 5 1008 1680 Q2
13 5 1120 1680 D1
13 5 1216 592 D5
13 5 1760 1648 Q1
13 5 1776 624 Q5
13 5 1840 1648 D0
13 5 1936 576 D4
13 5 2496 1648 Q0
13 5 2512 656 Q4
13 5 2672 624 D3
13 5 3232 640 Q3
13 8 352 1104 1
13 8 368 1136 1
13 8 352 1216 1
13 8 368 1488 1
13 8 368 1536 1
13 8 448 592 1
13 8 1008 608 2
13 8 1008 1680 2
13 8 1120 1680 1
13 8 1216 592 1
13 8 1760 1648 2
13 8 1776 624 2
13 8 1840 1648 1
13 8 1936 576 1
13 8 2496 1648 2
13 8 2512 656 2
13 8 2672 624 1
13 8 3232 640 2
13 7 448 592
13 8 448 592 0
13 8 448 592 0
13 7 1216 592
13 8 1216 592 0
13 8 1216 592 0
13 7 1936 576
13 8 1936 576 0
13 8 1936 576 0
13 7 2672 624
13 8 2672 624 0
13 8 2672 624 0
13 7 352 1216
13 8 352 1216 0
13 8 352 1216 0
13 0 1104 1728 1152 1728
13 2 1104 1728 1152 1728
13 7 1120 1680
13 8 1120 1680 0
13 8 1120 1680 0
13 0 1104 1728 1152 1728
13 5 1120 1680 D1
13 8 1120 1680 1
13 0 1120 1664 1120 1680
13 2 1120 1664 1120 1680
13 7 1120 1680
13 8 1120 1680 0
13 8 1120 1680 0
13 7 1840 1648
13 8 1840 1648 0
13 8 1840 1648 0
17 0 vhi 1968 1616 0
17 0 vlo 2096 1664 0
13 0 1840 1648 1872 1648
17 0 vhi 1808 1568 0
17 0 vlo 1120 1664 0
17 0 vhi 288 1136 0
13 0 2672 624 2672 592
13 0 2672 592 2704 592
17 0 vlo 2704 592 0
13 0 1936 576 1968 576
17 0 vlo 1968 576 0
13 0 1216 592 1248 592
17 0 vlo 1248 592 0
17 0 vhi 384 528 0
17 0 24
17 0 vhi 384 512 0
13 2 2496 1584 2496 1648
13 7 2496 1648
13 8 2496 1648 0
13 0 2496 1744 2496 1760
13 0 2496 1584 2496 1744
13 5 2496 1760 Q0
13 8 2496 1648 2
13 8 2496 1760 2
13 2 1760 1616 1760 1648
13 7 1760 1648
13 8 1760 1648 0
13 0 1760 1616 1760 1792
13 5 1760 1792 Q1
13 8 1760 1648 2
13 8 1760 1792 2
13 2 1008 1264 1008 1680
13 7 1008 1680
13 8 1008 1680 0
13 0 1008 1264 1008 1824
13 5 1008 1824 Q2
13 8 1008 1680 2
13 8 1008 1824 2
13 2 3232 640 3232 672
13 7 3232 640
13 8 3232 640 0
13 0 3232 448 3232 672
13 5 3232 448 Q3
13 8 3232 640 2
13 8 3232 448 2
13 2 2512 656 2512 704
13 7 2512 656
13 8 2512 656 0
13 0 2512 448 2512 704
13 5 2512 448 Q4
13 8 2512 656 2
13 8 2512 448 2
13 2 1776 624 1776 720
13 7 1776 624
13 8 1776 624 0
13 0 1776 432 1776 448
13 0 1776 448 1776 720
13 5 1776 432 Q5
13 8 1776 624 2
13 8 1776 432 2
13 2 1008 608 1008 656
13 7 1008 608
13 8 1008 608 0
13 0 1008 448 1008 656
13 5 1008 448 Q6
13 8 1008 608 2
13 8 1008 448 2
17 0 17
17 0 16
13 0 2496 1664 2496 1584
13 2 2496 1584 2496 1664
13 2 2496 1664 2496 1760
13 0 2496 1664 2496 1760
13 0 2496 1664 2496 1584
13 0 2496 1680 2496 1584
13 2 2496 1584 2496 1680
13 2 2496 1680 2496 1760
17 0 inv 2544 1648 1
13 0 2496 1760 2496 1744
13 0 2496 1584 2496 1648
13 0 1760 1664 1760 1616
13 2 1760 1616 1760 1664
13 2 1760 1664 1760 1792
17 0 inv 1808 1616 1
17 0 17
17 0 inv 1808 1648 1
17 0 17
17 0 inv 1808 1680 1
13 0 1760 1616 1760 1680
13 0 1760 1776 1760 1792
13 2 1760 1776 1760 1792
13 7 1760 1792
13 8 1760 1792 0
13 0 1760 1792 1760 1776
13 5 1760 1792 Q1
13 8 1760 1792 2
13 8 1760 1792 2
13 2 1760 1616 1760 1680
13 2 1760 1776 1760 1792
13 2 1760 1776 1760 1792
13 7 1760 1792
13 8 1760 1792 0
17 0 17
17 0 inv 1808 1728 1
13 0 1760 1616 1760 1728
13 0 1760 1824 1760 1792
13 0 1760 1840 1760 1776
13 0 1760 1776 1760 1824
13 0 1760 1824 1760 1840
13 5 1760 1840 Q1
13 8 1760 1792 2
13 8 1760 1840 2
13 2 1072 1728 1760 1728
13 2 1760 1728 1920 1728
13 2 1760 1616 1760 1728
13 2 1760 1776 1760 1824
13 2 1760 1824 1760 1840
17 0 17
17 0 inv 1808 1712 1
13 0 1728 1712 1760 1712
13 0 1728 1712 1728 1728
13 0 1072 1728 1728 1728
13 0 1760 1712 1792 1712
13 0 1792 1712 1792 1728
13 0 1792 1728 1920 1728
13 0 1760 1616 1760 1712
13 0 1760 1760 1760 1808
13 0 1760 1808 1760 1840
13 0 1760 1824 1760 1808
13 2 1760 1808 1760 1824
13 2 1760 1824 1760 1840
13 0 1760 1824 1760 1840
13 0 1760 1808 1760 1824
13 2 1760 1808 1760 1840
13 2 1760 1760 1760 1808
13 2 1760 1616 1760 1712
13 2 1792 1728 1920 1728
13 2 1792 1712 1792 1728
13 2 1760 1712 1792 1712
13 2 1072 1728 1728 1728
13 2 1728 1712 1728 1728
13 2 1728 1712 1760 1712
17 0 17
17 0 inv 1808 1728 1
13 0 1760 1824 1760 1840
13 0 1760 1776 1760 1824
13 0 1760 1616 1760 1728
13 0 1760 1728 1920 1728
13 0 1072 1728 1760 1728
13 2 1760 1824 1760 1840
13 0 1760 1776 1760 1792
13 2 1760 1776 1760 1792
13 2 1760 1792 1760 1824
13 2 1760 1616 1760 1728
13 7 1760 1840
13 8 1760 1840 0
17 0 17
17 0 inv 1808 1680 1
13 0 1760 1776 1760 1792
13 0 1760 1616 1760 1680
13 5 1760 1792 Q1
13 8 1760 1840 2
13 8 1760 1792 2
13 8 1760 1792 2
13 0 1008 1760 1008 1264
13 2 1008 1264 1008 1760
13 2 1008 1760 1008 1824
17 0 inv 1056 1680 1
13 0 1008 1776 1008 1824
13 0 1008 1680 1008 1264
13 0 3232 528 3232 448
13 2 3232 448 3232 528
13 2 3232 528 3232 672
17 0 inv 3184 576 3
13 0 3232 448 3232 480
13 0 3232 576 3232 672
13 2 2512 448 2512 704
13 7 2512 448
13 8 2512 448 0
13 0 2512 368 2512 704
13 5 2512 368 Q4
13 8 2512 448 2
13 8 2512 368 2
13 0 2512 432 2512 368
13 2 2512 368 2512 432
13 2 2512 432 2512 704
17 0 inv 2464 480 3
13 0 2512 368 2512 384
13 0 2512 480 2512 704
13 0 1776 464 1776 432
13 2 1776 432 1776 464
13 2 1776 464 1776 720
17 0 inv 1728 640 3
13 0 1776 432 1776 544
13 0 1776 640 1776 720
13 0 1008 480 1008 448
13 2 1008 448 1008 480
13 2 1008 480 1008 656
17 0 inv 960 576 3
13 0 1008 448 1008 480
13 0 1008 576 1008 656
