10 1 1
10 1 1
10 1 1
17 0 fd1s3dx 816 736 0
17 0 fd1s3dx 1600 752 0
17 0 fd1s3dx 2288 752 0
17 0 fd1s3dx 816 1168 0
17 0 fd1s3dx 1600 1184 0
17 0 fd1s3dx 2288 1200 0
17 0 fd1s3dx 2944 736 0
17 0 mux41 496 688 0
17 0 mux41 1280 704 0
17 0 mux41 1968 704 0
17 0 mux41 496 1120 0
17 0 mux41 1280 1136 0
17 0 mux41 1968 1152 0
17 0 mux41 2624 688 0
13 0 1936 576 3200 576
13 0 384 592 3200 592
13 0 400 624 2608 624
13 0 2624 624 3200 624
13 0 1248 640 2544 640
13 0 496 656 1104 656
13 0 1280 656 1856 656
13 0 1968 672 2544 672
13 0 432 688 1856 688
13 0 432 768 496 768
13 0 2608 768 2624 768
13 0 688 784 816 784
13 0 1040 784 1104 784
13 0 1248 784 1280 784
13 0 1936 784 1968 784
13 0 2816 784 2944 784
13 0 3168 784 3200 784
13 0 464 800 496 800
13 0 1472 800 1600 800
13 0 1824 800 1856 800
13 0 2160 800 2288 800
13 0 2512 800 2544 800
13 0 2544 800 2624 800
13 0 1104 816 1280 816
13 0 1856 816 1968 816
13 0 352 832 496 832
13 0 2576 832 2624 832
13 0 1216 848 1280 848
13 0 1904 848 1968 848
13 0 464 880 496 880
13 0 2576 880 2624 880
13 0 1232 896 1280 896
13 0 1920 896 1968 896
13 0 928 992 1712 992
13 0 1712 992 2400 992
13 0 2400 992 3056 992
13 0 816 1024 1600 1024
13 0 1600 1024 2288 1024
13 0 2288 1024 2944 1024
13 0 352 1072 464 1072
13 0 464 1072 1232 1072
13 0 1232 1072 1920 1072
13 0 1920 1072 2576 1072
13 0 368 1104 432 1104
13 0 432 1104 496 1104
13 0 496 1104 1200 1104
13 0 1200 1104 1280 1104
13 0 1280 1104 1888 1104
13 0 1888 1104 1968 1104
13 0 1968 1104 2624 1104
13 0 1280 1120 1872 1120
13 0 1968 1136 2576 1136
13 0 480 1168 496 1168
13 0 416 1200 496 1200
13 0 688 1216 816 1216
13 0 1040 1216 1104 1216
13 0 1248 1216 1280 1216
13 0 384 1232 496 1232
13 0 1472 1232 1600 1232
13 0 1824 1232 1872 1232
13 0 1952 1232 1968 1232
13 0 1104 1248 1280 1248
13 0 2160 1248 2288 1248
13 0 2512 1248 2576 1248
13 0 448 1264 496 1264
13 0 1872 1264 1968 1264
13 0 1264 1280 1280 1280
13 0 1936 1296 1968 1296
13 0 464 1312 496 1312
13 0 1232 1328 1280 1328
13 0 432 1344 496 1344
13 0 1920 1344 1968 1344
13 0 1200 1360 1280 1360
13 0 1888 1376 1968 1376
13 0 336 1424 928 1424
13 0 928 1424 1712 1424
13 0 1712 1424 2400 1424
13 0 2400 1424 3056 1424
13 0 352 1456 816 1456
13 0 816 1456 1600 1456
13 0 1600 1456 2288 1456
13 0 2288 1456 2944 1456
13 0 1248 1504 2576 1504
13 0 480 1520 1104 1520
13 0 416 1536 1872 1536
13 0 400 1568 1104 1568
13 0 384 592 384 1232
13 0 400 624 400 1568
13 0 416 1200 416 1536
13 0 432 688 432 768
13 0 432 1104 432 1344
13 0 448 1264 448 1584
13 0 464 576 464 800
13 0 464 880 464 1072
13 0 464 1072 464 1312
13 0 480 1168 480 1520
13 0 496 656 496 736
13 0 496 912 496 1104
13 0 816 816 816 1024
13 0 816 1248 816 1456
13 0 928 896 928 992
13 0 928 1328 928 1424
13 0 1104 560 1104 656
13 0 1104 656 1104 784
13 0 1104 784 1104 816
13 0 1104 1216 1104 1248
13 0 1104 1248 1104 1520
13 0 1104 1520 1104 1568
13 0 1104 1568 1104 1584
13 0 1200 1104 1200 1360
13 0 1216 544 1216 848
13 0 1232 896 1232 1072
13 0 1232 1072 1232 1328
13 0 1248 640 1248 784
13 0 1248 1216 1248 1504
13 0 1264 1280 1264 1616
13 0 1280 656 1280 752
13 0 1280 928 1280 1104
13 0 1280 1120 1280 1184
13 0 1600 832 1600 1024
13 0 1600 1264 1600 1456
13 0 1712 912 1712 992
13 0 1712 1344 1712 1424
13 0 1856 576 1856 656
13 0 1856 656 1856 688
13 0 1856 688 1856 800
13 0 1856 800 1856 816
13 0 1872 1120 1872 1232
13 0 1872 1232 1872 1264
13 0 1872 1264 1872 1536
13 0 1872 1536 1872 1568
13 0 1888 1104 1888 1376
13 0 1904 560 1904 848
13 0 1920 896 1920 1072
13 0 1920 1072 1920 1344
13 0 1936 576 1936 784
13 0 1936 1296 1936 1648
13 0 1952 1232 1952 1536
13 0 1968 672 1968 752
13 0 1968 928 1968 1104
13 0 1968 1136 1968 1200
13 0 2288 832 2288 1024
13 0 2288 1280 2288 1456
13 0 2400 912 2400 992
13 0 2400 1360 2400 1424
13 0 2544 560 2544 640
13 0 2544 640 2544 672
13 0 2544 672 2544 800
13 0 2576 544 2576 832
13 0 2576 880 2576 1072
13 0 2576 1136 2576 1248
13 0 2576 1248 2576 1504
13 0 2576 1504 2576 1552
13 0 2608 624 2608 768
13 0 2624 624 2624 736
13 0 2624 912 2624 1104
13 0 2944 816 2944 1024
13 0 2944 1024 2944 1456
13 0 3056 896 3056 992
13 0 3056 992 3056 1424
13 0 3200 560 3200 576
13 0 3200 576 3200 592
13 0 3200 592 3200 624
13 0 3200 624 3200 784
13 5 352 832 D6
13 5 352 1072 A0
13 5 368 1104 A1
13 5 336 1424 Rst
13 5 352 1456 Clk
13 5 448 1584 D2
13 5 464 576 DR
13 5 1104 560 Q6
13 5 1104 1584 Q2
13 5 1216 544 D5
13 5 1264 1616 D1
13 5 1856 576 Q5
13 5 1872 1568 Q1
13 5 1904 560 D4
13 5 1936 1648 D0
13 5 1952 1536 DL
13 5 2544 560 Q4
13 5 2576 544 D3
13 5 2576 1552 Q0
13 5 3200 560 Q3
13 8 352 832 1
13 8 352 1072 1
13 8 368 1104 1
13 8 336 1424 1
13 8 352 1456 1
13 8 448 1584 1
13 8 464 576 1
13 8 1104 560 2
13 8 1104 1584 2
13 8 1216 544 1
13 8 1264 1616 1
13 8 1856 576 2
13 8 1872 1568 2
13 8 1904 560 1
13 8 1936 1648 1
13 8 1952 1536 1
13 8 2544 560 2
13 8 2576 544 1
13 8 2576 1552 2
13 8 3200 560 2
13 7 1936 1648
13 8 1936 1648 0
13 8 1936 1648 0
13 2 1264 1280 1264 1616
13 7 1264 1616
13 8 1264 1616 0
13 0 1264 1632 1264 1280
13 5 1264 1632 D1
13 8 1264 1616 1
13 8 1264 1632 1
13 2 1264 1280 1264 1632
13 7 1264 1632
13 8 1264 1632 0
13 8 1264 1632 0
13 0 1264 1280 1264 1632
13 5 1264 1632 D1
13 8 1264 1632 1
13 2 1264 1280 1264 1632
13 7 1264 1632
13 8 1264 1632 0
13 0 1264 1280 1264 1616
13 5 1264 1616 D1
13 8 1264 1632 1
13 8 1264 1616 1
13 8 1264 1616 1
13 7 1264 1616
13 8 1264 1616 0
13 8 1264 1616 0
13 7 448 1584
13 8 448 1584 0
13 8 448 1584 0
13 7 2576 544
13 8 2576 544 0
13 8 2576 544 0
13 7 1904 560
13 8 1904 560 0
13 8 1904 560 0
13 7 1216 544
13 8 1216 544 0
13 8 1216 544 0
13 0 352 832 368 832
13 2 352 832 368 832
13 7 352 832
13 8 352 832 0
13 8 352 832 0
17 0 vhi 816 448 0
17 0 vlo 992 464 0
17 0 15
17 0 vhi 304 752 0
17 0 vlo 1216 848 0
13 0 1216 560 1216 544
13 2 1216 544 1216 560
13 2 1216 560 1216 848
17 0 vhi 1840 480 0
13 0 2576 816 2576 544
13 2 2576 544 2576 816
13 2 2576 816 2576 832
17 0 vlo 2576 832 0
17 0 vhi 384 1104 0
13 0 448 1184 448 1264
13 0 448 1328 448 1264
13 2 448 1264 448 1328
13 2 448 1328 448 1584
17 0 vlo 1264 1616 0
13 0 1936 1296 1936 1200
17 0 vhi 1872 1120 0
13 0 1936 1312 1936 1296
13 2 1936 1296 1936 1312
13 2 1936 1312 1936 1648
17 0 16
17 0 vlo 992 464 0
17 0 16
17 0 inv 608 416 0
17 0 16
17 0 inv 608 416 0
13 2 1104 560 1104 656
13 7 1104 560
13 8 1104 560 0
13 0 1104 448 1104 656
13 5 1104 448 Q6
13 8 1104 560 2
13 8 1104 448 2
17 0 16
17 0 inv 784 336 0
17 0 16
17 0 inv 784 336 0
17 0 16
17 0 inv 784 416 0
17 0 16
17 0 inv 784 416 0
17 0 16
17 0 inv 800 416 0
17 0 16
17 0 inv 800 432 0
17 0 inv 1056 560 3
13 2 1104 448 1104 464
13 2 1104 464 1104 560
13 2 1104 560 1104 656
17 0 23
17 0 inv 1184 576 3
13 0 1232 480 1104 480
13 0 1104 448 1104 480
13 0 1232 480 1232 576
13 0 1232 576 1104 576
13 0 1104 576 1104 656
13 2 1104 480 1232 480
13 2 1104 576 1232 576
13 2 1232 480 1232 576
17 0 23
17 0 inv 1120 576 3
13 0 1136 480 1168 480
13 0 1104 480 1136 480
13 0 1136 576 1168 576
13 0 1120 576 1136 576
13 0 1104 576 1120 576
13 0 1168 480 1168 576
13 2 1104 480 1168 480
13 2 1168 480 1168 576
13 0 1168 480 1104 480
13 2 1104 480 1168 480
13 0 1168 480 1168 576
13 0 1104 480 1168 480
13 2 1168 480 1168 576
13 0 1104 576 1120 576
13 2 1104 576 1120 576
13 0 1120 576 1136 576
13 2 1120 576 1136 576
13 2 1136 576 1168 576
13 0 1104 480 1136 480
13 2 1104 480 1136 480
13 2 1136 480 1168 480
17 0 23
17 0 inv 1184 576 3
13 0 1232 480 1232 576
13 0 1104 576 1232 576
13 0 1104 480 1232 480
13 2 1104 576 1104 656
13 2 1104 576 1232 576
13 2 1232 480 1232 576
13 2 1104 448 1104 480
13 2 1104 480 1232 480
17 0 23
17 0 inv 1056 560 3
13 0 1104 560 1104 656
13 0 1104 464 1104 560
13 0 1104 448 1104 464
17 0 23
13 0 1104 496 1104 448
13 2 1104 448 1104 496
13 2 1104 496 1104 656
13 0 1104 496 1104 656
13 0 1104 496 1104 448
13 0 1104 512 1104 448
13 2 1104 448 1104 512
13 2 1104 512 1104 656
17 0 inv 1056 544 3
17 0 inv 1056 576 3
13 0 1104 656 1104 576
13 0 1104 480 1104 448
13 0 1856 608 1856 576
13 2 1856 576 1856 608
13 2 1856 608 1856 656
13 0 1856 576 1856 656
13 2 1856 576 1856 656
13 0 1856 608 1856 656
13 0 1856 576 1856 608
13 2 1104 448 1104 480
13 0 1104 480 1104 448
13 2 1856 576 1856 656
13 7 1856 576
13 8 1856 576 0
13 8 1856 576 0
13 0 1856 656 1856 496
17 0 inv 1808 496 3
13 5 1856 400 Q5
13 5 1856 400 Q5
13 5 1856 400 Q5
13 0 1856 384 1856 400
13 5 1856 384 Q5
13 8 1856 384 2
17 0 inv 2448 432 3
13 2 2544 560 2544 640
13 7 2544 560
13 8 2544 560 0
13 0 2544 448 2544 640
13 5 2544 448 Q4
13 8 2544 560 2
13 8 2544 448 2
13 0 2544 528 2544 448
13 2 2544 448 2544 528
13 2 2544 528 2544 640
17 0 25
17 0 inv 2496 576 3
17 0 25
17 0 inv 2448 432 3
17 0 25
17 0 inv 2496 560 3
13 0 2544 448 2544 464
13 0 2544 560 2544 640
17 0 inv 3072 528 3
13 2 3200 560 3200 576
13 7 3200 560
13 8 3200 560 0
13 0 3200 416 3200 576
13 5 3200 416 Q3
13 8 3200 560 2
13 8 3200 416 2
13 0 3200 480 3200 416
13 2 3200 416 3200 480
13 2 3200 480 3200 576
17 0 26
17 0 inv 3152 528 3
13 0 3200 416 3200 448
13 0 3200 416 3200 432
13 0 3200 432 3200 448
13 2 3200 432 3200 448
13 2 3200 416 3200 432
13 0 3200 416 3200 432
13 0 3200 528 3200 576
13 0 2576 1520 2576 1504
13 2 2576 1504 2576 1520
13 2 2576 1520 2576 1552
13 0 2576 1552 2576 1504
13 0 2576 1536 2576 1504
13 2 2576 1504 2576 1536
13 2 2576 1536 2576 1552
13 0 2576 1536 2576 1552
13 0 2576 1536 2576 1504
13 2 2576 1504 2576 1552
13 7 2576 1552
13 8 2576 1552 0
13 0 2576 1680 2576 1504
13 5 2576 1680 Q0
13 8 2576 1552 2
13 8 2576 1680 2
13 2 1872 1536 1872 1568
13 7 1872 1568
13 8 1872 1568 0
13 0 1872 1792 1872 1536
13 5 1872 1792 Q1
13 8 1872 1568 2
13 8 1872 1792 2
13 2 1104 1568 1104 1584
13 7 1104 1584
13 8 1104 1584 0
13 0 1104 1760 1104 1568
13 5 1104 1760 Q2
13 8 1104 1584 2
13 8 1104 1760 2
13 0 1104 1680 1104 1568
13 2 1104 1568 1104 1680
13 2 1104 1680 1104 1760
17 0 inv 1152 1600 1
13 0 1104 1568 1104 1600
13 0 1104 1696 1104 1760
13 0 1184 2016 1440 2016
13 0 1440 2016 1440 2032
13 0 1872 1648 1872 1536
13 2 1872 1536 1872 1648
13 2 1872 1648 1872 1792
17 0 inv 1920 1616 1
13 0 1872 1712 1872 1792
13 0 1872 1536 1872 1616
13 0 2576 1600 2576 1504
13 2 2576 1504 2576 1600
13 2 2576 1600 2576 1680
17 0 inv 2624 1552 1
13 0 2576 1680 2576 1648
13 0 2576 1552 2576 1504
17 0 16
