10 1 1
10 1 1
10 1 1
13 2 832 496 880 496
13 2 912 496 960 496
13 2 992 496 1040 496
13 2 1072 496 1120 496
13 2 1152 496 1200 496
13 2 1232 496 1280 496
13 2 1040 608 1472 608
13 2 1120 640 1472 640
13 2 1616 688 1696 688
13 2 1616 720 1696 720
13 2 992 752 1472 752
13 2 1840 752 1888 752
13 2 1072 784 1472 784
13 2 1648 784 1888 784
13 2 2032 784 2192 784
13 2 1152 816 1472 816
13 2 1680 816 1888 816
13 2 880 848 1648 848
13 2 960 864 1680 864
13 2 912 880 1472 880
13 2 992 912 1472 912
13 2 1120 944 1472 944
13 2 1152 976 1472 976
13 2 1616 992 1696 992
13 2 1616 1024 1696 1024
13 2 960 1040 1472 1040
13 2 1840 1056 1888 1056
13 2 1040 1072 1472 1072
13 2 1072 1104 1472 1104
13 2 1280 1136 1472 1136
13 2 880 1168 1888 1168
13 2 912 1200 1472 1200
13 2 1072 1232 1472 1232
13 2 1280 1264 1472 1264
13 2 1616 1296 1696 1296
13 2 1616 1328 1696 1328
13 2 960 1360 1472 1360
13 2 1840 1360 1888 1360
13 2 2032 1360 2192 1360
13 2 1120 1392 1472 1392
13 2 1680 1392 1888 1392
13 2 2032 1392 2192 1392
13 2 2336 1392 2400 1392
13 2 1152 1424 1472 1424
13 2 1728 1424 1888 1424
13 2 2032 1424 2192 1424
13 2 832 1456 1680 1456
13 2 992 1472 1728 1472
13 2 832 1504 1472 1504
13 2 1152 1536 1472 1536
13 2 1280 1568 1472 1568
13 2 1616 1600 1696 1600
13 2 1616 1632 1696 1632
13 2 1040 1664 1472 1664
13 2 1840 1664 1888 1664
13 2 1200 1696 1472 1696
13 2 1664 1696 1888 1696
13 2 1232 1728 1472 1728
13 2 1712 1728 1888 1728
13 2 960 1760 1664 1760
13 2 1120 1792 1712 1792
13 2 1040 1840 1472 1840
13 2 1152 1872 1472 1872
13 2 1616 1904 1680 1904
13 2 1616 1936 1680 1936
13 2 1824 1952 1888 1952
13 2 992 1968 1472 1968
13 2 1648 1984 1888 1984
13 2 1200 2000 1472 2000
13 2 1680 2016 1888 2016
13 2 2032 2016 2192 2016
13 2 1712 2048 1888 2048
13 2 832 2064 1648 2064
13 2 912 2080 1680 2080
13 2 1744 2080 1888 2080
13 2 1120 2112 1712 2112
13 2 1232 2144 1744 2144
13 0 832 464 832 496
13 2 832 464 832 496
13 0 832 496 832 1456
13 2 832 496 832 1456
13 0 832 1456 832 1504
13 2 832 1456 832 1504
13 2 832 1504 832 2064
13 0 880 592 880 848
13 2 880 592 880 848
13 2 880 848 880 1168
13 0 912 464 912 496
13 2 912 464 912 496
13 0 912 496 912 880
13 2 912 496 912 880
13 0 912 880 912 1200
13 2 912 880 912 1200
13 2 912 1200 912 2080
13 0 960 592 960 864
13 2 960 592 960 864
13 0 960 864 960 1040
13 2 960 864 960 1040
13 0 960 1040 960 1360
13 2 960 1040 960 1360
13 2 960 1360 960 1760
13 0 992 464 992 496
13 2 992 464 992 496
13 0 992 496 992 752
13 2 992 496 992 752
13 0 992 752 992 912
13 2 992 752 992 912
13 0 992 912 992 1472
13 2 992 912 992 1472
13 2 992 1472 992 1968
13 0 1040 592 1040 608
13 2 1040 592 1040 608
13 0 1040 608 1040 1072
13 2 1040 608 1040 1072
13 0 1040 1072 1040 1664
13 2 1040 1072 1040 1664
13 2 1040 1664 1040 1840
13 0 1072 464 1072 496
13 2 1072 464 1072 496
13 0 1072 496 1072 784
13 2 1072 496 1072 784
13 0 1072 784 1072 1104
13 2 1072 784 1072 1104
13 2 1072 1104 1072 1232
13 0 1120 592 1120 640
13 2 1120 592 1120 640
13 0 1120 640 1120 944
13 2 1120 640 1120 944
13 0 1120 944 1120 1392
13 2 1120 944 1120 1392
13 0 1120 1392 1120 1792
13 2 1120 1392 1120 1792
13 2 1120 1792 1120 2112
13 0 1152 464 1152 496
13 2 1152 464 1152 496
13 0 1152 496 1152 816
13 2 1152 496 1152 816
13 0 1152 816 1152 976
13 2 1152 816 1152 976
13 0 1152 976 1152 1424
13 2 1152 976 1152 1424
13 0 1152 1424 1152 1536
13 2 1152 1424 1152 1536
13 2 1152 1536 1152 1872
13 0 1200 592 1200 1696
13 2 1200 592 1200 1696
13 2 1200 1696 1200 2000
13 0 1232 464 1232 496
13 2 1232 464 1232 496
13 0 1232 496 1232 1728
13 2 1232 496 1232 1728
13 2 1232 1728 1232 2144
13 0 1280 592 1280 1136
13 2 1280 592 1280 1136
13 0 1280 1136 1280 1264
13 2 1280 1136 1280 1264
13 2 1280 1264 1280 1568
13 2 1616 624 1616 688
13 2 1616 720 1616 784
13 2 1616 928 1616 992
13 2 1616 1024 1616 1088
13 2 1616 1232 1616 1296
13 2 1616 1328 1616 1392
13 2 1616 1536 1616 1600
13 2 1616 1632 1616 1696
13 2 1616 1856 1616 1904
13 2 1616 1936 1616 1984
13 2 1648 784 1648 848
13 2 1648 1984 1648 2064
13 2 1664 1696 1664 1760
13 2 1680 816 1680 864
13 2 1680 1392 1680 1456
13 2 1680 2016 1680 2080
13 2 1712 1728 1712 1792
13 2 1712 2048 1712 2112
13 2 1728 1424 1728 1472
13 2 1744 2080 1744 2144
13 2 1824 1920 1824 1952
13 2 1840 704 1840 752
13 2 1840 1008 1840 1056
13 2 1840 1312 1840 1360
13 2 1840 1616 1840 1664
13 2 1888 1088 1888 1168
13 2 2032 1072 2032 1360
13 2 2032 1424 2032 1696
13 2 2192 784 2192 1328
13 2 2192 1456 2192 2016
13 7 2400 1392
13 8 2400 1392 0
13 7 832 464
13 8 832 464 0
13 7 912 464
13 8 912 464 0
13 7 992 464
13 8 992 464 0
13 7 1072 464
13 8 1072 464 0
13 7 1152 464
13 8 1152 464 0
13 7 1232 464
13 8 1232 464 0
17 0 13
17 0 16
17 0 20
17 0 26
17 0 7
17 0 19
17 0 25
17 0 10
17 0 9
17 0 11
17 0 12
17 0 14
17 0 15
17 0 17
17 0 18
17 0 23
17 0 24
17 0 28
17 0 29
17 0 30
17 0 31
17 0 32
17 0 33
17 0 21
17 0 22
17 0 27
17 0 8
17 0 or2 1040 1312 0
17 0 or2 1040 1008 0
17 0 or2 1040 704 0
17 0 or2 1040 400 0
17 0 or2 1024 1616 0
17 0 and2 1232 768 0
17 0 and2 816 320 0
17 0 and2 816 1552 0
17 0 and2 816 1680 0
17 0 and3 816 1216 0
17 0 and3 816 1376 0
17 0 and3 1232 1376 0
17 0 and3 1232 1072 0
17 0 and3 816 1072 0
17 0 and3 816 912 0
17 0 and3 1232 464 0
17 0 and3 816 464 0
17 0 inv 672 256 1
17 0 inv 592 256 1
17 0 inv 512 256 1
17 0 inv 432 256 1
17 0 inv 352 256 1
17 0 inv 272 256 1
17 0 and4 816 752 0
17 0 and4 816 592 0
17 0 or5 1536 1040 0
17 0 and5 1232 1664 0
13 0 176 256 224 256
13 0 256 256 304 256
13 0 336 256 384 256
13 0 416 256 464 256
13 0 496 256 544 256
13 0 576 256 624 256
13 0 384 368 816 368
13 0 464 400 816 400
13 0 960 448 1040 448
13 0 960 480 1040 480
13 0 336 512 816 512
13 0 1184 512 1232 512
13 0 416 544 816 544
13 0 992 544 1232 544
13 0 1376 544 1536 544
13 0 496 576 816 576
13 0 1024 576 1232 576
13 0 224 608 992 608
13 0 304 624 1024 624
13 0 256 640 816 640
13 0 336 672 816 672
13 0 464 704 816 704
13 0 496 736 816 736
13 0 960 752 1040 752
13 0 960 784 1040 784
13 0 304 800 816 800
13 0 1184 816 1232 816
13 0 384 832 816 832
13 0 416 864 816 864
13 0 624 896 816 896
13 0 224 928 1232 928
13 0 256 960 816 960
13 0 416 992 816 992
13 0 624 1024 816 1024
13 0 960 1056 1040 1056
13 0 960 1088 1040 1088
13 0 304 1120 816 1120
13 0 1184 1120 1232 1120
13 0 1376 1120 1536 1120
13 0 464 1152 816 1152
13 0 1024 1152 1232 1152
13 0 1376 1152 1536 1152
13 0 1680 1152 1744 1152
13 0 496 1184 816 1184
13 0 1072 1184 1232 1184
13 0 1376 1184 1536 1184
13 0 176 1216 1024 1216
13 0 336 1232 1072 1232
13 0 176 1264 816 1264
13 0 496 1296 816 1296
13 0 624 1328 816 1328
13 0 960 1360 1040 1360
13 0 960 1392 1040 1392
13 0 384 1424 816 1424
13 0 1184 1424 1232 1424
13 0 544 1456 816 1456
13 0 1008 1456 1232 1456
13 0 576 1488 816 1488
13 0 1056 1488 1232 1488
13 0 304 1520 1008 1520
13 0 464 1552 1056 1552
13 0 384 1600 816 1600
13 0 496 1632 816 1632
13 0 960 1664 1024 1664
13 0 960 1696 1024 1696
13 0 1168 1712 1232 1712
13 0 336 1728 816 1728
13 0 992 1744 1232 1744
13 0 544 1760 816 1760
13 0 1024 1776 1232 1776
13 0 1376 1776 1536 1776
13 0 1056 1808 1232 1808
13 0 176 1824 992 1824
13 0 256 1840 1024 1840
13 0 1088 1840 1232 1840
13 0 464 1872 1056 1872
13 0 576 1904 1088 1904
13 0 176 224 176 256
13 0 176 256 176 1216
13 0 176 1216 176 1264
13 0 176 1264 176 1824
13 0 224 352 224 608
13 0 224 608 224 928
13 0 256 224 256 256
13 0 256 256 256 640
13 0 256 640 256 960
13 0 256 960 256 1840
13 0 304 352 304 624
13 0 304 624 304 800
13 0 304 800 304 1120
13 0 304 1120 304 1520
13 0 336 224 336 256
13 0 336 256 336 512
13 0 336 512 336 672
13 0 336 672 336 1232
13 0 336 1232 336 1728
13 0 384 352 384 368
13 0 384 368 384 832
13 0 384 832 384 1424
13 0 384 1424 384 1600
13 0 416 224 416 256
13 0 416 256 416 544
13 0 416 544 416 864
13 0 416 864 416 992
13 0 464 352 464 400
13 0 464 400 464 704
13 0 464 704 464 1152
13 0 464 1152 464 1552
13 0 464 1552 464 1872
13 0 496 224 496 256
13 0 496 256 496 576
13 0 496 576 496 736
13 0 496 736 496 1184
13 0 496 1184 496 1296
13 0 496 1296 496 1632
13 0 544 352 544 1456
13 0 544 1456 544 1760
13 0 576 224 576 256
13 0 576 256 576 1488
13 0 576 1488 576 1904
13 0 624 352 624 896
13 0 624 896 624 1024
13 0 624 1024 624 1328
13 0 960 384 960 448
13 0 960 480 960 544
13 0 960 688 960 752
13 0 960 784 960 848
13 0 960 992 960 1056
13 0 960 1088 960 1152
13 0 960 1296 960 1360
13 0 960 1392 960 1456
13 0 960 1616 960 1664
13 0 960 1696 960 1744
13 0 992 544 992 608
13 0 992 1744 992 1824
13 0 1008 1456 1008 1520
13 0 1024 576 1024 624
13 0 1024 1152 1024 1216
13 0 1024 1776 1024 1840
13 0 1056 1488 1056 1552
13 0 1056 1808 1056 1872
13 0 1072 1184 1072 1232
13 0 1088 1840 1088 1904
13 0 1168 1680 1168 1712
13 0 1184 464 1184 512
13 0 1184 768 1184 816
13 0 1184 1072 1184 1120
13 0 1184 1376 1184 1424
13 0 1232 848 1232 928
13 0 1376 832 1376 1120
13 0 1376 1184 1376 1456
13 0 1536 544 1536 1088
13 0 1536 1216 1536 1776
13 5 1744 1152 Funkcija
13 5 176 224 A
13 5 256 224 B
13 5 336 224 C
13 5 416 224 D
13 5 496 224 E
13 5 576 224 F
13 8 2400 1392 2
13 8 832 464 1
13 8 912 464 1
13 8 992 464 1
13 8 1072 464 1
13 8 1152 464 1
13 8 1232 464 1
13 8 1744 1152 2
13 8 176 224 1
13 8 256 224 1
13 8 336 224 1
13 8 416 224 1
13 8 496 224 1
13 8 576 224 1
17 0 or2 2784 1728 0
17 0 or2 2784 1424 0
17 0 or2 2784 1120 0
17 0 or2 2784 816 0
17 0 or2 2768 2032 0
17 0 and2 2976 1184 0
17 0 and2 2560 736 0
17 0 and2 2560 1968 0
17 0 and2 2560 2096 0
17 0 and3 2560 1632 0
17 0 and3 2560 1792 0
17 0 and3 2976 1792 0
17 0 and3 2976 1488 0
17 0 and3 2560 1488 0
17 0 and3 2560 1328 0
17 0 and3 2976 880 0
17 0 and3 2560 880 0
17 0 inv 2416 672 1
17 0 inv 2336 672 1
17 0 inv 2256 672 1
17 0 inv 2176 672 1
17 0 inv 2096 672 1
17 0 inv 2016 672 1
17 0 and4 2560 1168 0
17 0 and4 2560 1008 0
17 0 or5 3280 1456 0
17 0 and5 2976 2080 0
13 0 1920 672 1968 672
13 0 2000 672 2048 672
13 0 2080 672 2128 672
13 0 2160 672 2208 672
13 0 2240 672 2288 672
13 0 2320 672 2368 672
13 0 2128 784 2560 784
13 0 2208 816 2560 816
13 0 2704 864 2784 864
13 0 2704 896 2784 896
13 0 2080 928 2560 928
13 0 2928 928 2976 928
13 0 2160 960 2560 960
13 0 2736 960 2976 960
13 0 3120 960 3280 960
13 0 2240 992 2560 992
13 0 2768 992 2976 992
13 0 1968 1024 2736 1024
13 0 2048 1040 2768 1040
13 0 2000 1056 2560 1056
13 0 2080 1088 2560 1088
13 0 2208 1120 2560 1120
13 0 2240 1152 2560 1152
13 0 2704 1168 2784 1168
13 0 2704 1200 2784 1200
13 0 2048 1216 2560 1216
13 0 2928 1232 2976 1232
13 0 2128 1248 2560 1248
13 0 2160 1280 2560 1280
13 0 2368 1312 2560 1312
13 0 1968 1344 2976 1344
13 0 2000 1376 2560 1376
13 0 2160 1408 2560 1408
13 0 2368 1440 2560 1440
13 0 2704 1472 2784 1472
13 0 2704 1504 2784 1504
13 0 2048 1536 2560 1536
13 0 2928 1536 2976 1536
13 0 3120 1536 3280 1536
13 0 2208 1568 2560 1568
13 0 2768 1568 2976 1568
13 0 3120 1568 3280 1568
13 0 3424 1568 3488 1568
13 0 2240 1600 2560 1600
13 0 2816 1600 2976 1600
13 0 3120 1600 3280 1600
13 0 1920 1632 2768 1632
13 0 2080 1648 2816 1648
13 0 1920 1680 2560 1680
13 0 2240 1712 2560 1712
13 0 2368 1744 2560 1744
13 0 2704 1776 2784 1776
13 0 2704 1808 2784 1808
13 0 2128 1840 2560 1840
13 0 2928 1840 2976 1840
13 0 2288 1872 2560 1872
13 0 2752 1872 2976 1872
13 0 2320 1904 2560 1904
13 0 2800 1904 2976 1904
13 0 2048 1936 2752 1936
13 0 2208 1968 2800 1968
13 0 2128 2016 2560 2016
13 0 2240 2048 2560 2048
13 0 2704 2080 2768 2080
13 0 2704 2112 2768 2112
13 0 2912 2128 2976 2128
13 0 2080 2144 2560 2144
13 0 2736 2160 2976 2160
13 0 2288 2176 2560 2176
13 0 2768 2192 2976 2192
13 0 3120 2192 3280 2192
13 0 2800 2224 2976 2224
13 0 1920 2240 2736 2240
13 0 2000 2256 2768 2256
13 0 2832 2256 2976 2256
13 0 2208 2288 2800 2288
13 0 2320 2320 2832 2320
13 0 1920 640 1920 672
13 0 1920 672 1920 1632
13 0 1920 1632 1920 1680
13 0 1920 1680 1920 2240
13 0 1968 768 1968 1024
13 0 1968 1024 1968 1344
13 0 2000 640 2000 672
13 0 2000 672 2000 1056
13 0 2000 1056 2000 1376
13 0 2000 1376 2000 2256
13 0 2048 768 2048 1040
13 0 2048 1040 2048 1216
13 0 2048 1216 2048 1536
13 0 2048 1536 2048 1936
13 0 2080 640 2080 672
13 0 2080 672 2080 928
13 0 2080 928 2080 1088
13 0 2080 1088 2080 1648
13 0 2080 1648 2080 2144
13 0 2128 768 2128 784
13 0 2128 784 2128 1248
13 0 2128 1248 2128 1840
13 0 2128 1840 2128 2016
13 0 2160 640 2160 672
13 0 2160 672 2160 960
13 0 2160 960 2160 1280
13 0 2160 1280 2160 1408
13 0 2208 768 2208 816
13 0 2208 816 2208 1120
13 0 2208 1120 2208 1568
13 0 2208 1568 2208 1968
13 0 2208 1968 2208 2288
13 0 2240 640 2240 672
13 0 2240 672 2240 992
13 0 2240 992 2240 1152
13 0 2240 1152 2240 1600
13 0 2240 1600 2240 1712
13 0 2240 1712 2240 2048
13 0 2288 768 2288 1872
13 0 2288 1872 2288 2176
13 0 2320 640 2320 672
13 0 2320 672 2320 1904
13 0 2320 1904 2320 2320
13 0 2368 768 2368 1312
13 0 2368 1312 2368 1440
13 0 2368 1440 2368 1744
13 0 2704 800 2704 864
13 0 2704 896 2704 960
13 0 2704 1104 2704 1168
13 0 2704 1200 2704 1264
13 0 2704 1408 2704 1472
13 0 2704 1504 2704 1568
13 0 2704 1712 2704 1776
13 0 2704 1808 2704 1872
13 0 2704 2032 2704 2080
13 0 2704 2112 2704 2160
13 0 2736 960 2736 1024
13 0 2736 2160 2736 2240
13 0 2752 1872 2752 1936
13 0 2768 992 2768 1040
13 0 2768 1568 2768 1632
13 0 2768 2192 2768 2256
13 0 2800 1904 2800 1968
13 0 2800 2224 2800 2288
13 0 2816 1600 2816 1648
13 0 2832 2256 2832 2320
13 0 2912 2096 2912 2128
13 0 2928 880 2928 928
13 0 2928 1184 2928 1232
13 0 2928 1488 2928 1536
13 0 2928 1792 2928 1840
13 0 2976 1264 2976 1344
13 0 3120 1248 3120 1536
13 0 3120 1600 3120 1872
13 0 3280 960 3280 1504
13 0 3280 1632 3280 2192
13 5 3488 1568 Funkcija
13 5 1920 640 A
13 5 2000 640 B
13 5 2080 640 C
13 5 2160 640 D
13 5 2240 640 E
13 5 2320 640 F
13 8 3488 1568 2
13 8 1920 640 1
13 8 2000 640 1
13 8 2080 640 1
13 8 2160 640 1
13 8 2240 640 1
13 8 2320 640 1
10 1 101
17 0 54
17 0 53
17 0 52
17 0 51
17 0 50
17 0 49
17 0 48
17 0 47
17 0 46
17 0 45
17 0 44
17 0 43
17 0 42
17 0 41
17 0 40
17 0 39
17 0 38
17 0 37
17 0 36
17 0 35
17 0 34
17 0 1
17 0 2
17 0 6
17 0 3
17 0 4
17 0 5
17 0 8
17 0 27
17 0 22
17 0 21
17 0 33
17 0 32
17 0 31
17 0 30
17 0 29
17 0 28
17 0 24
17 0 23
17 0 18
17 0 17
17 0 15
17 0 14
17 0 12
17 0 11
17 0 9
17 0 10
17 0 25
17 0 19
17 0 7
17 0 26
17 0 20
17 0 16
17 0 13
13 2 176 256 224 256
13 2 256 256 304 256
13 2 336 256 384 256
13 2 416 256 464 256
13 2 496 256 544 256
13 2 576 256 624 256
13 2 384 368 816 368
13 2 464 400 816 400
13 2 960 448 1040 448
13 2 960 480 1040 480
13 2 336 512 816 512
13 2 1184 512 1232 512
13 2 416 544 816 544
13 2 992 544 1232 544
13 2 1376 544 1536 544
13 2 496 576 816 576
13 2 1024 576 1232 576
13 2 224 608 992 608
13 2 304 624 1024 624
13 2 256 640 816 640
13 2 336 672 816 672
13 2 1920 672 1968 672
13 2 2000 672 2048 672
13 2 2080 672 2128 672
13 2 2160 672 2208 672
13 2 2240 672 2288 672
13 2 2320 672 2368 672
13 2 464 704 816 704
13 2 496 736 816 736
13 2 960 752 1040 752
13 2 960 784 1040 784
13 2 2128 784 2560 784
13 2 304 800 816 800
13 2 1184 816 1232 816
13 2 2208 816 2560 816
13 2 384 832 816 832
13 2 416 864 816 864
13 2 2704 864 2784 864
13 2 624 896 816 896
13 2 2704 896 2784 896
13 2 224 928 1232 928
13 2 2080 928 2560 928
13 2 2928 928 2976 928
13 2 256 960 816 960
13 2 2160 960 2560 960
13 2 2736 960 2976 960
13 2 3120 960 3280 960
13 2 416 992 816 992
13 2 2240 992 2560 992
13 2 2768 992 2976 992
13 2 624 1024 816 1024
13 2 1968 1024 2736 1024
13 2 2048 1040 2768 1040
13 2 960 1056 1040 1056
13 2 2000 1056 2560 1056
13 2 960 1088 1040 1088
13 2 2080 1088 2560 1088
13 2 304 1120 816 1120
13 2 1184 1120 1232 1120
13 2 1376 1120 1536 1120
13 2 2208 1120 2560 1120
13 2 464 1152 816 1152
13 2 1024 1152 1232 1152
13 2 1376 1152 1536 1152
13 2 1680 1152 1744 1152
13 2 2240 1152 2560 1152
13 2 2704 1168 2784 1168
13 2 496 1184 816 1184
13 2 1072 1184 1232 1184
13 2 1376 1184 1536 1184
13 2 2704 1200 2784 1200
13 2 176 1216 1024 1216
13 2 2048 1216 2560 1216
13 2 336 1232 1072 1232
13 2 2928 1232 2976 1232
13 2 2128 1248 2560 1248
13 2 176 1264 816 1264
13 2 2160 1280 2560 1280
13 2 496 1296 816 1296
13 2 2368 1312 2560 1312
13 2 624 1328 816 1328
13 2 1968 1344 2976 1344
13 2 960 1360 1040 1360
13 2 2000 1376 2560 1376
13 2 960 1392 1040 1392
13 2 2160 1408 2560 1408
13 2 384 1424 816 1424
13 2 1184 1424 1232 1424
13 2 2368 1440 2560 1440
13 2 544 1456 816 1456
13 2 1008 1456 1232 1456
13 2 2704 1472 2784 1472
13 2 576 1488 816 1488
13 2 1056 1488 1232 1488
13 2 2704 1504 2784 1504
13 2 304 1520 1008 1520
13 2 2048 1536 2560 1536
13 2 2928 1536 2976 1536
13 2 3120 1536 3280 1536
13 2 464 1552 1056 1552
13 2 2208 1568 2560 1568
13 2 2768 1568 2976 1568
13 2 3120 1568 3280 1568
13 2 3424 1568 3488 1568
13 2 384 1600 816 1600
13 2 2240 1600 2560 1600
13 2 2816 1600 2976 1600
13 2 3120 1600 3280 1600
13 2 496 1632 816 1632
13 2 1920 1632 2768 1632
13 2 2080 1648 2816 1648
13 2 960 1664 1024 1664
13 2 1920 1680 2560 1680
13 2 960 1696 1024 1696
13 2 1168 1712 1232 1712
13 2 2240 1712 2560 1712
13 2 336 1728 816 1728
13 2 992 1744 1232 1744
13 2 2368 1744 2560 1744
13 2 544 1760 816 1760
13 2 1024 1776 1232 1776
13 2 1376 1776 1536 1776
13 2 2704 1776 2784 1776
13 2 1056 1808 1232 1808
13 2 2704 1808 2784 1808
13 2 176 1824 992 1824
13 2 256 1840 1024 1840
13 2 1088 1840 1232 1840
13 2 2128 1840 2560 1840
13 2 2928 1840 2976 1840
13 2 464 1872 1056 1872
13 2 2288 1872 2560 1872
13 2 2752 1872 2976 1872
13 2 576 1904 1088 1904
13 2 2320 1904 2560 1904
13 2 2800 1904 2976 1904
13 2 2048 1936 2752 1936
13 2 2208 1968 2800 1968
13 2 2128 2016 2560 2016
13 2 2240 2048 2560 2048
13 2 2704 2080 2768 2080
13 2 2704 2112 2768 2112
13 2 2912 2128 2976 2128
13 2 2080 2144 2560 2144
13 2 2736 2160 2976 2160
13 2 2288 2176 2560 2176
13 2 2768 2192 2976 2192
13 2 3120 2192 3280 2192
13 2 2800 2224 2976 2224
13 2 1920 2240 2736 2240
13 2 2000 2256 2768 2256
13 2 2832 2256 2976 2256
13 2 2208 2288 2800 2288
13 2 2320 2320 2832 2320
13 0 176 224 176 256
13 2 176 224 176 256
13 0 176 256 176 1216
13 2 176 256 176 1216
13 0 176 1216 176 1264
13 2 176 1216 176 1264
13 2 176 1264 176 1824
13 0 224 352 224 608
13 2 224 352 224 608
13 2 224 608 224 928
13 0 256 224 256 256
13 2 256 224 256 256
13 0 256 256 256 640
13 2 256 256 256 640
13 0 256 640 256 960
13 2 256 640 256 960
13 2 256 960 256 1840
13 0 304 352 304 624
13 2 304 352 304 624
13 0 304 624 304 800
13 2 304 624 304 800
13 0 304 800 304 1120
13 2 304 800 304 1120
13 2 304 1120 304 1520
13 0 336 224 336 256
13 2 336 224 336 256
13 0 336 256 336 512
13 2 336 256 336 512
13 0 336 512 336 672
13 2 336 512 336 672
13 0 336 672 336 1232
13 2 336 672 336 1232
13 2 336 1232 336 1728
13 0 384 352 384 368
13 2 384 352 384 368
13 0 384 368 384 832
13 2 384 368 384 832
13 0 384 832 384 1424
13 2 384 832 384 1424
13 2 384 1424 384 1600
13 0 416 224 416 256
13 2 416 224 416 256
13 0 416 256 416 544
13 2 416 256 416 544
13 0 416 544 416 864
13 2 416 544 416 864
13 2 416 864 416 992
13 0 464 352 464 400
13 2 464 352 464 400
13 0 464 400 464 704
13 2 464 400 464 704
13 0 464 704 464 1152
13 2 464 704 464 1152
13 0 464 1152 464 1552
13 2 464 1152 464 1552
13 2 464 1552 464 1872
13 0 496 224 496 256
13 2 496 224 496 256
13 0 496 256 496 576
13 2 496 256 496 576
13 0 496 576 496 736
13 2 496 576 496 736
13 0 496 736 496 1184
13 2 496 736 496 1184
13 0 496 1184 496 1296
13 2 496 1184 496 1296
13 2 496 1296 496 1632
13 0 544 352 544 1456
13 2 544 352 544 1456
13 2 544 1456 544 1760
13 0 576 224 576 256
13 2 576 224 576 256
13 0 576 256 576 1488
13 2 576 256 576 1488
13 2 576 1488 576 1904
13 0 624 352 624 896
13 2 624 352 624 896
13 0 624 896 624 1024
13 2 624 896 624 1024
13 2 624 1024 624 1328
13 2 960 384 960 448
13 2 960 480 960 544
13 2 960 688 960 752
13 2 960 784 960 848
13 2 960 992 960 1056
13 2 960 1088 960 1152
13 2 960 1296 960 1360
13 2 960 1392 960 1456
13 2 960 1616 960 1664
13 2 960 1696 960 1744
13 2 992 544 992 608
13 2 992 1744 992 1824
13 2 1008 1456 1008 1520
13 2 1024 576 1024 624
13 2 1024 1152 1024 1216
13 2 1024 1776 1024 1840
13 2 1056 1488 1056 1552
13 2 1056 1808 1056 1872
13 2 1072 1184 1072 1232
13 2 1088 1840 1088 1904
13 2 1168 1680 1168 1712
13 2 1184 464 1184 512
13 2 1184 768 1184 816
13 2 1184 1072 1184 1120
13 2 1184 1376 1184 1424
13 2 1232 848 1232 928
13 2 1376 832 1376 1120
13 2 1376 1184 1376 1456
13 2 1536 544 1536 1088
13 2 1536 1216 1536 1776
13 0 1920 640 1920 672
13 2 1920 640 1920 672
13 0 1920 672 1920 1632
13 2 1920 672 1920 1632
13 0 1920 1632 1920 1680
13 2 1920 1632 1920 1680
13 2 1920 1680 1920 2240
13 0 1968 768 1968 1024
13 2 1968 768 1968 1024
13 2 1968 1024 1968 1344
13 0 2000 640 2000 672
13 2 2000 640 2000 672
13 0 2000 672 2000 1056
13 2 2000 672 2000 1056
13 0 2000 1056 2000 1376
13 2 2000 1056 2000 1376
13 2 2000 1376 2000 2256
13 0 2048 768 2048 1040
13 2 2048 768 2048 1040
13 0 2048 1040 2048 1216
13 2 2048 1040 2048 1216
13 0 2048 1216 2048 1536
13 2 2048 1216 2048 1536
13 2 2048 1536 2048 1936
13 0 2080 640 2080 672
13 2 2080 640 2080 672
13 0 2080 672 2080 928
13 2 2080 672 2080 928
13 0 2080 928 2080 1088
13 2 2080 928 2080 1088
13 0 2080 1088 2080 1648
13 2 2080 1088 2080 1648
13 2 2080 1648 2080 2144
13 0 2128 768 2128 784
13 2 2128 768 2128 784
13 0 2128 784 2128 1248
13 2 2128 784 2128 1248
13 0 2128 1248 2128 1840
13 2 2128 1248 2128 1840
13 2 2128 1840 2128 2016
13 0 2160 640 2160 672
13 2 2160 640 2160 672
13 0 2160 672 2160 960
13 2 2160 672 2160 960
13 0 2160 960 2160 1280
13 2 2160 960 2160 1280
13 2 2160 1280 2160 1408
13 0 2208 768 2208 816
13 2 2208 768 2208 816
13 0 2208 816 2208 1120
13 2 2208 816 2208 1120
13 0 2208 1120 2208 1568
13 2 2208 1120 2208 1568
13 0 2208 1568 2208 1968
13 2 2208 1568 2208 1968
13 2 2208 1968 2208 2288
13 0 2240 640 2240 672
13 2 2240 640 2240 672
13 0 2240 672 2240 992
13 2 2240 672 2240 992
13 0 2240 992 2240 1152
13 2 2240 992 2240 1152
13 0 2240 1152 2240 1600
13 2 2240 1152 2240 1600
13 0 2240 1600 2240 1712
13 2 2240 1600 2240 1712
13 2 2240 1712 2240 2048
13 0 2288 768 2288 1872
13 2 2288 768 2288 1872
13 2 2288 1872 2288 2176
13 0 2320 640 2320 672
13 2 2320 640 2320 672
13 0 2320 672 2320 1904
13 2 2320 672 2320 1904
13 2 2320 1904 2320 2320
13 0 2368 768 2368 1312
13 2 2368 768 2368 1312
13 0 2368 1312 2368 1440
13 2 2368 1312 2368 1440
13 2 2368 1440 2368 1744
13 2 2704 800 2704 864
13 2 2704 896 2704 960
13 2 2704 1104 2704 1168
13 2 2704 1200 2704 1264
13 2 2704 1408 2704 1472
13 2 2704 1504 2704 1568
13 2 2704 1712 2704 1776
13 2 2704 1808 2704 1872
13 2 2704 2032 2704 2080
13 2 2704 2112 2704 2160
13 2 2736 960 2736 1024
13 2 2736 2160 2736 2240
13 2 2752 1872 2752 1936
13 2 2768 992 2768 1040
13 2 2768 1568 2768 1632
13 2 2768 2192 2768 2256
13 2 2800 1904 2800 1968
13 2 2800 2224 2800 2288
13 2 2816 1600 2816 1648
13 2 2832 2256 2832 2320
13 2 2912 2096 2912 2128
13 2 2928 880 2928 928
13 2 2928 1184 2928 1232
13 2 2928 1488 2928 1536
13 2 2928 1792 2928 1840
13 2 2976 1264 2976 1344
13 2 3120 1248 3120 1536
13 2 3120 1600 3120 1872
13 2 3280 960 3280 1504
13 2 3280 1632 3280 2192
13 7 1744 1152
13 8 1744 1152 0
13 7 3488 1568
13 8 3488 1568 0
13 7 176 224
13 8 176 224 0
13 7 256 224
13 8 256 224 0
13 7 336 224
13 8 336 224 0
13 7 416 224
13 8 416 224 0
13 7 496 224
13 8 496 224 0
13 7 576 224
13 8 576 224 0
13 7 1920 640
13 8 1920 640 0
13 7 2000 640
13 8 2000 640 0
13 7 2080 640
13 8 2080 640 0
13 7 2160 640
13 8 2160 640 0
13 7 2240 640
13 8 2240 640 0
13 7 2320 640
13 8 2320 640 0
13 8 1744 1152 2
13 8 3488 1568 2
13 8 176 224 1
13 8 256 224 1
13 8 336 224 1
13 8 416 224 1
13 8 496 224 1
13 8 576 224 1
13 8 1920 640 1
13 8 2000 640 1
13 8 2080 640 1
13 8 2160 640 1
13 8 2240 640 1
13 8 2320 640 1
10 1 1
10 1 1
10 3 1
13 0 3280 1632 3280 2192
13 0 3280 960 3280 1504
13 0 3120 1600 3120 1872
13 0 3120 1248 3120 1536
13 0 2976 1264 2976 1344
13 0 2928 1792 2928 1840
13 0 2928 1488 2928 1536
13 0 2928 1184 2928 1232
13 0 2928 880 2928 928
13 0 2912 2096 2912 2128
13 0 2832 2256 2832 2320
13 0 2816 1600 2816 1648
13 0 2800 2224 2800 2288
13 0 2800 1904 2800 1968
13 0 2768 2192 2768 2256
13 0 2768 1568 2768 1632
13 0 2768 992 2768 1040
13 0 2752 1872 2752 1936
13 0 2736 2160 2736 2240
13 0 2736 960 2736 1024
13 0 2704 2112 2704 2160
13 0 2704 2032 2704 2080
13 0 2704 1808 2704 1872
13 0 2704 1712 2704 1776
13 0 2704 1504 2704 1568
13 0 2704 1408 2704 1472
13 0 2704 1200 2704 1264
13 0 2704 1104 2704 1168
13 0 2704 896 2704 960
13 0 2704 800 2704 864
13 0 2368 1440 2368 1744
13 0 2368 1312 2368 1440
13 0 2368 768 2368 1312
13 0 2320 1904 2320 2320
13 0 2320 672 2320 1904
13 0 2320 640 2320 672
13 0 2288 1872 2288 2176
13 0 2288 768 2288 1872
13 0 2240 1712 2240 2048
13 0 2240 1600 2240 1712
13 0 2240 1152 2240 1600
13 0 2240 992 2240 1152
13 0 2240 672 2240 992
13 0 2240 640 2240 672
13 0 2208 1968 2208 2288
13 0 2208 1568 2208 1968
13 0 2208 1120 2208 1568
13 0 2208 816 2208 1120
13 0 2208 768 2208 816
13 0 2160 1280 2160 1408
13 0 2160 960 2160 1280
13 0 2160 672 2160 960
13 0 2160 640 2160 672
13 0 2128 1840 2128 2016
13 0 2128 1248 2128 1840
13 0 2128 784 2128 1248
13 0 2128 768 2128 784
13 0 2080 1648 2080 2144
13 0 2080 1088 2080 1648
13 0 2080 928 2080 1088
13 0 2080 672 2080 928
13 0 2080 640 2080 672
13 0 2048 1536 2048 1936
13 0 2048 1216 2048 1536
13 0 2048 1040 2048 1216
13 0 2048 768 2048 1040
13 0 2000 1376 2000 2256
13 0 2000 1056 2000 1376
13 0 2000 672 2000 1056
13 0 2000 640 2000 672
13 0 1968 1024 1968 1344
13 0 1968 768 1968 1024
13 0 1920 1680 1920 2240
13 0 1920 1632 1920 1680
13 0 1920 672 1920 1632
13 0 1920 640 1920 672
13 0 1536 1216 1536 1776
13 0 1536 544 1536 1088
13 0 1376 1184 1376 1456
13 0 1376 832 1376 1120
13 0 1232 848 1232 928
13 0 1184 1376 1184 1424
13 0 1184 1072 1184 1120
13 0 1184 768 1184 816
13 0 1184 464 1184 512
13 0 1168 1680 1168 1712
13 0 1088 1840 1088 1904
13 0 1072 1184 1072 1232
13 0 1056 1808 1056 1872
13 0 1056 1488 1056 1552
13 0 1024 1776 1024 1840
13 0 1024 1152 1024 1216
13 0 1024 576 1024 624
13 0 1008 1456 1008 1520
13 0 992 1744 992 1824
13 0 992 544 992 608
13 0 960 1696 960 1744
13 0 960 1616 960 1664
13 0 960 1392 960 1456
13 0 960 1296 960 1360
13 0 960 1088 960 1152
13 0 960 992 960 1056
13 0 960 784 960 848
13 0 960 688 960 752
13 0 960 480 960 544
13 0 960 384 960 448
13 0 624 1024 624 1328
13 0 624 896 624 1024
13 0 624 352 624 896
13 0 576 1488 576 1904
13 0 576 256 576 1488
13 0 576 224 576 256
13 0 544 1456 544 1760
13 0 544 352 544 1456
13 0 496 1296 496 1632
13 0 496 1184 496 1296
13 0 496 736 496 1184
13 0 496 576 496 736
13 0 496 256 496 576
13 0 496 224 496 256
13 0 464 1552 464 1872
13 0 464 1152 464 1552
13 0 464 704 464 1152
13 0 464 400 464 704
13 0 464 352 464 400
13 0 416 864 416 992
13 0 416 544 416 864
13 0 416 256 416 544
13 0 416 224 416 256
13 0 384 1424 384 1600
13 0 384 832 384 1424
13 0 384 368 384 832
13 0 384 352 384 368
13 0 336 1232 336 1728
13 0 336 672 336 1232
13 0 336 512 336 672
13 0 336 256 336 512
13 0 336 224 336 256
13 0 304 1120 304 1520
13 0 304 800 304 1120
13 0 304 624 304 800
13 0 304 352 304 624
13 0 256 960 256 1840
13 0 256 640 256 960
13 0 256 256 256 640
13 0 256 224 256 256
13 0 224 608 224 928
13 0 224 352 224 608
13 0 176 1264 176 1824
13 0 176 1216 176 1264
13 0 176 256 176 1216
13 0 176 224 176 256
13 0 2320 2320 2832 2320
13 0 2208 2288 2800 2288
13 0 2832 2256 2976 2256
13 0 2000 2256 2768 2256
13 0 1920 2240 2736 2240
13 0 2800 2224 2976 2224
13 0 3120 2192 3280 2192
13 0 2768 2192 2976 2192
13 0 2288 2176 2560 2176
13 0 2736 2160 2976 2160
13 0 2080 2144 2560 2144
13 0 2912 2128 2976 2128
13 0 2704 2112 2768 2112
13 0 2704 2080 2768 2080
13 0 2240 2048 2560 2048
13 0 2128 2016 2560 2016
13 0 2208 1968 2800 1968
13 0 2048 1936 2752 1936
13 0 2800 1904 2976 1904
13 0 2320 1904 2560 1904
13 0 576 1904 1088 1904
13 0 2752 1872 2976 1872
13 0 2288 1872 2560 1872
13 0 464 1872 1056 1872
13 0 2928 1840 2976 1840
13 0 2128 1840 2560 1840
13 0 1088 1840 1232 1840
13 0 256 1840 1024 1840
13 0 176 1824 992 1824
13 0 2704 1808 2784 1808
13 0 1056 1808 1232 1808
13 0 2704 1776 2784 1776
13 0 1376 1776 1536 1776
13 0 1024 1776 1232 1776
13 0 544 1760 816 1760
13 0 2368 1744 2560 1744
13 0 992 1744 1232 1744
13 0 336 1728 816 1728
13 0 2240 1712 2560 1712
13 0 1168 1712 1232 1712
13 0 960 1696 1024 1696
13 0 1920 1680 2560 1680
13 0 960 1664 1024 1664
13 0 2080 1648 2816 1648
13 0 1920 1632 2768 1632
13 0 496 1632 816 1632
13 0 3120 1600 3280 1600
13 0 2816 1600 2976 1600
13 0 2240 1600 2560 1600
13 0 384 1600 816 1600
13 0 3424 1568 3488 1568
13 0 3120 1568 3280 1568
13 0 2768 1568 2976 1568
13 0 2208 1568 2560 1568
13 0 464 1552 1056 1552
13 0 3120 1536 3280 1536
13 0 2928 1536 2976 1536
13 0 2048 1536 2560 1536
13 0 304 1520 1008 1520
13 0 2704 1504 2784 1504
13 0 1056 1488 1232 1488
13 0 576 1488 816 1488
13 0 2704 1472 2784 1472
13 0 1008 1456 1232 1456
13 0 544 1456 816 1456
13 0 2368 1440 2560 1440
13 0 1184 1424 1232 1424
13 0 384 1424 816 1424
13 0 2160 1408 2560 1408
13 0 960 1392 1040 1392
13 0 2000 1376 2560 1376
13 0 960 1360 1040 1360
13 0 1968 1344 2976 1344
13 0 624 1328 816 1328
13 0 2368 1312 2560 1312
13 0 496 1296 816 1296
13 0 2160 1280 2560 1280
13 0 176 1264 816 1264
13 0 2128 1248 2560 1248
13 0 2928 1232 2976 1232
13 0 336 1232 1072 1232
13 0 2048 1216 2560 1216
13 0 176 1216 1024 1216
13 0 2704 1200 2784 1200
13 0 1376 1184 1536 1184
13 0 1072 1184 1232 1184
13 0 496 1184 816 1184
13 0 2704 1168 2784 1168
13 0 2240 1152 2560 1152
13 0 1680 1152 1744 1152
13 0 1376 1152 1536 1152
13 0 1024 1152 1232 1152
13 0 464 1152 816 1152
13 0 2208 1120 2560 1120
13 0 1376 1120 1536 1120
13 0 1184 1120 1232 1120
13 0 304 1120 816 1120
13 0 2080 1088 2560 1088
13 0 960 1088 1040 1088
13 0 2000 1056 2560 1056
13 0 960 1056 1040 1056
13 0 2048 1040 2768 1040
13 0 1968 1024 2736 1024
13 0 624 1024 816 1024
13 0 2768 992 2976 992
13 0 2240 992 2560 992
13 0 416 992 816 992
13 0 3120 960 3280 960
13 0 2736 960 2976 960
13 0 2160 960 2560 960
13 0 256 960 816 960
13 0 2928 928 2976 928
13 0 2080 928 2560 928
13 0 224 928 1232 928
13 0 2704 896 2784 896
13 0 624 896 816 896
13 0 2704 864 2784 864
13 0 416 864 816 864
13 0 384 832 816 832
13 0 2208 816 2560 816
13 0 1184 816 1232 816
13 0 304 800 816 800
13 0 2128 784 2560 784
13 0 960 784 1040 784
13 0 960 752 1040 752
13 0 496 736 816 736
13 0 464 704 816 704
13 0 2320 672 2368 672
13 0 2240 672 2288 672
13 0 2160 672 2208 672
13 0 2080 672 2128 672
13 0 2000 672 2048 672
13 0 1920 672 1968 672
13 0 336 672 816 672
13 0 256 640 816 640
13 0 304 624 1024 624
13 0 224 608 992 608
13 0 1024 576 1232 576
13 0 496 576 816 576
13 0 1376 544 1536 544
13 0 992 544 1232 544
13 0 416 544 816 544
13 0 1184 512 1232 512
13 0 336 512 816 512
13 0 960 480 1040 480
13 0 960 448 1040 448
13 0 464 400 816 400
13 0 384 368 816 368
13 0 576 256 624 256
13 0 496 256 544 256
13 0 416 256 464 256
13 0 336 256 384 256
13 0 256 256 304 256
13 0 176 256 224 256
13 5 2320 640 F
13 5 2240 640 E
13 5 2160 640 D
13 5 2080 640 C
13 5 2000 640 B
13 5 1920 640 A
13 5 576 224 F
13 5 496 224 E
13 5 416 224 D
13 5 336 224 C
13 5 256 224 B
13 5 176 224 A
13 5 3488 1568 Funkcija
13 5 1744 1152 Funkcija
13 8 2320 640 1
13 8 2240 640 1
13 8 2160 640 1
13 8 2080 640 1
13 8 2000 640 1
13 8 1920 640 1
13 8 576 224 1
13 8 496 224 1
13 8 416 224 1
13 8 336 224 1
13 8 256 224 1
13 8 176 224 1
13 8 3488 1568 2
13 8 1744 1152 2
17 0 and5 2976 2080 0
17 0 or5 3280 1456 0
17 0 and4 2560 1008 0
17 0 and4 2560 1168 0
17 0 inv 2016 672 1
17 0 inv 2096 672 1
17 0 inv 2176 672 1
17 0 inv 2256 672 1
17 0 inv 2336 672 1
17 0 inv 2416 672 1
17 0 and3 2560 880 0
17 0 and3 2976 880 0
17 0 and3 2560 1328 0
17 0 and3 2560 1488 0
17 0 and3 2976 1488 0
17 0 and3 2976 1792 0
17 0 and3 2560 1792 0
17 0 and3 2560 1632 0
17 0 and2 2560 2096 0
17 0 and2 2560 1968 0
17 0 and2 2560 736 0
17 0 and2 2976 1184 0
17 0 or2 2768 2032 0
17 0 or2 2784 816 0
17 0 or2 2784 1120 0
17 0 or2 2784 1424 0
17 0 or2 2784 1728 0
17 0 or2 1040 1312 0
17 0 or2 1040 1008 0
17 0 or2 1040 704 0
17 0 or2 1040 400 0
17 0 or2 1024 1616 0
17 0 and2 1232 768 0
17 0 and2 816 320 0
17 0 and2 816 1552 0
17 0 and2 816 1680 0
17 0 and3 816 1216 0
17 0 and3 816 1376 0
17 0 and3 1232 1376 0
17 0 and3 1232 1072 0
17 0 and3 816 1072 0
17 0 and3 816 912 0
17 0 and3 1232 464 0
17 0 and3 816 464 0
17 0 inv 672 256 1
17 0 inv 592 256 1
17 0 inv 512 256 1
17 0 inv 432 256 1
17 0 inv 352 256 1
17 0 inv 272 256 1
17 0 and4 816 752 0
17 0 and4 816 592 0
17 0 or5 1536 1040 0
17 0 and5 1232 1664 0
10 1 1
10 1 1
13 2 1920 672 1968 672
13 2 2000 672 2048 672
13 2 2080 672 2128 672
13 2 2160 672 2208 672
13 2 2240 672 2288 672
13 2 2320 672 2368 672
13 2 2128 784 2560 784
13 2 2208 816 2560 816
13 2 2704 864 2784 864
13 2 2704 896 2784 896
13 2 2080 928 2560 928
13 2 2928 928 2976 928
13 2 2160 960 2560 960
13 2 2736 960 2976 960
13 2 3120 960 3280 960
13 2 2240 992 2560 992
13 2 2768 992 2976 992
13 2 1968 1024 2736 1024
13 2 2048 1040 2768 1040
13 2 2000 1056 2560 1056
13 2 2080 1088 2560 1088
13 2 2208 1120 2560 1120
13 2 2240 1152 2560 1152
13 2 2704 1168 2784 1168
13 2 2704 1200 2784 1200
13 2 2048 1216 2560 1216
13 2 2928 1232 2976 1232
13 2 2128 1248 2560 1248
13 2 2160 1280 2560 1280
13 2 2368 1312 2560 1312
13 2 1968 1344 2976 1344
13 2 2000 1376 2560 1376
13 2 2160 1408 2560 1408
13 2 2368 1440 2560 1440
13 2 2704 1472 2784 1472
13 2 2704 1504 2784 1504
13 2 2048 1536 2560 1536
13 2 2928 1536 2976 1536
13 2 3120 1536 3280 1536
13 2 2208 1568 2560 1568
13 2 2768 1568 2976 1568
13 2 3120 1568 3280 1568
13 2 3424 1568 3488 1568
13 2 2240 1600 2560 1600
13 2 2816 1600 2976 1600
13 2 3120 1600 3280 1600
13 2 1920 1632 2768 1632
13 2 2080 1648 2816 1648
13 2 1920 1680 2560 1680
13 2 2240 1712 2560 1712
13 2 2368 1744 2560 1744
13 2 2704 1776 2784 1776
13 2 2704 1808 2784 1808
13 2 2128 1840 2560 1840
13 2 2928 1840 2976 1840
13 2 2288 1872 2560 1872
13 2 2752 1872 2976 1872
13 2 2320 1904 2560 1904
13 2 2800 1904 2976 1904
13 2 2048 1936 2752 1936
13 2 2208 1968 2800 1968
13 2 2128 2016 2560 2016
13 2 2240 2048 2560 2048
13 2 2704 2080 2768 2080
13 2 2704 2112 2768 2112
13 2 2912 2128 2976 2128
13 2 2080 2144 2560 2144
13 2 2736 2160 2976 2160
13 2 2288 2176 2560 2176
13 2 2768 2192 2976 2192
13 2 3120 2192 3280 2192
13 2 2800 2224 2976 2224
13 2 1920 2240 2736 2240
13 2 2000 2256 2768 2256
13 2 2832 2256 2976 2256
13 2 2208 2288 2800 2288
13 2 2320 2320 2832 2320
13 0 1920 640 1920 672
13 2 1920 640 1920 672
13 0 1920 672 1920 1632
13 2 1920 672 1920 1632
13 0 1920 1632 1920 1680
13 2 1920 1632 1920 1680
13 2 1920 1680 1920 2240
13 0 1968 768 1968 1024
13 2 1968 768 1968 1024
13 2 1968 1024 1968 1344
13 0 2000 640 2000 672
13 2 2000 640 2000 672
13 0 2000 672 2000 1056
13 2 2000 672 2000 1056
13 0 2000 1056 2000 1376
13 2 2000 1056 2000 1376
13 2 2000 1376 2000 2256
13 0 2048 768 2048 1040
13 2 2048 768 2048 1040
13 0 2048 1040 2048 1216
13 2 2048 1040 2048 1216
13 0 2048 1216 2048 1536
13 2 2048 1216 2048 1536
13 2 2048 1536 2048 1936
13 0 2080 640 2080 672
13 2 2080 640 2080 672
13 0 2080 672 2080 928
13 2 2080 672 2080 928
13 0 2080 928 2080 1088
13 2 2080 928 2080 1088
13 0 2080 1088 2080 1648
13 2 2080 1088 2080 1648
13 2 2080 1648 2080 2144
13 0 2128 768 2128 784
13 2 2128 768 2128 784
13 0 2128 784 2128 1248
13 2 2128 784 2128 1248
13 0 2128 1248 2128 1840
13 2 2128 1248 2128 1840
13 2 2128 1840 2128 2016
13 0 2160 640 2160 672
13 2 2160 640 2160 672
13 0 2160 672 2160 960
13 2 2160 672 2160 960
13 0 2160 960 2160 1280
13 2 2160 960 2160 1280
13 2 2160 1280 2160 1408
13 0 2208 768 2208 816
13 2 2208 768 2208 816
13 0 2208 816 2208 1120
13 2 2208 816 2208 1120
13 0 2208 1120 2208 1568
13 2 2208 1120 2208 1568
13 0 2208 1568 2208 1968
13 2 2208 1568 2208 1968
13 2 2208 1968 2208 2288
13 0 2240 640 2240 672
13 2 2240 640 2240 672
13 0 2240 672 2240 992
13 2 2240 672 2240 992
13 0 2240 992 2240 1152
13 2 2240 992 2240 1152
13 0 2240 1152 2240 1600
13 2 2240 1152 2240 1600
13 0 2240 1600 2240 1712
13 2 2240 1600 2240 1712
13 2 2240 1712 2240 2048
13 0 2288 768 2288 1872
13 2 2288 768 2288 1872
13 2 2288 1872 2288 2176
13 0 2320 640 2320 672
13 2 2320 640 2320 672
13 0 2320 672 2320 1904
13 2 2320 672 2320 1904
13 2 2320 1904 2320 2320
13 0 2368 768 2368 1312
13 2 2368 768 2368 1312
13 0 2368 1312 2368 1440
13 2 2368 1312 2368 1440
13 2 2368 1440 2368 1744
13 2 2704 800 2704 864
13 2 2704 896 2704 960
13 2 2704 1104 2704 1168
13 2 2704 1200 2704 1264
13 2 2704 1408 2704 1472
13 2 2704 1504 2704 1568
13 2 2704 1712 2704 1776
13 2 2704 1808 2704 1872
13 2 2704 2032 2704 2080
13 2 2704 2112 2704 2160
13 2 2736 960 2736 1024
13 2 2736 2160 2736 2240
13 2 2752 1872 2752 1936
13 2 2768 992 2768 1040
13 2 2768 1568 2768 1632
13 2 2768 2192 2768 2256
13 2 2800 1904 2800 1968
13 2 2800 2224 2800 2288
13 2 2816 1600 2816 1648
13 2 2832 2256 2832 2320
13 2 2912 2096 2912 2128
13 2 2928 880 2928 928
13 2 2928 1184 2928 1232
13 2 2928 1488 2928 1536
13 2 2928 1792 2928 1840
13 2 2976 1264 2976 1344
13 2 3120 1248 3120 1536
13 2 3120 1600 3120 1872
13 2 3280 960 3280 1504
13 2 3280 1632 3280 2192
13 7 3488 1568
13 8 3488 1568 0
13 7 1920 640
13 8 1920 640 0
13 7 2000 640
13 8 2000 640 0
13 7 2080 640
13 8 2080 640 0
13 7 2160 640
13 8 2160 640 0
13 7 2240 640
13 8 2240 640 0
13 7 2320 640
13 8 2320 640 0
17 0 8
17 0 27
17 0 22
17 0 21
17 0 33
17 0 32
17 0 31
17 0 30
17 0 29
17 0 28
17 0 24
17 0 23
17 0 18
17 0 17
17 0 15
17 0 14
17 0 12
17 0 11
17 0 9
17 0 10
17 0 25
17 0 19
17 0 7
17 0 26
17 0 20
17 0 16
17 0 13
17 0 or2 1232 3264 0
17 0 or2 1232 2960 0
17 0 or2 1232 2656 0
17 0 or2 1232 2352 0
17 0 or2 1216 3568 0
17 0 and2 1424 2720 0
17 0 and2 1008 2272 0
17 0 and2 1008 3504 0
17 0 and2 1008 3632 0
17 0 and3 1008 3168 0
17 0 and3 1008 3328 0
17 0 and3 1424 3328 0
17 0 and3 1424 3024 0
17 0 and3 1008 3024 0
17 0 and3 1008 2864 0
17 0 and3 1424 2416 0
17 0 and3 1008 2416 0
17 0 inv 864 2208 1
17 0 inv 784 2208 1
17 0 inv 704 2208 1
17 0 inv 624 2208 1
17 0 inv 544 2208 1
17 0 inv 464 2208 1
17 0 and4 1008 2704 0
17 0 and4 1008 2544 0
17 0 or5 1728 2992 0
17 0 and5 1424 3616 0
13 0 368 2208 416 2208
13 0 448 2208 496 2208
13 0 528 2208 576 2208
13 0 608 2208 656 2208
13 0 688 2208 736 2208
13 0 768 2208 816 2208
13 0 576 2320 1008 2320
13 0 656 2352 1008 2352
13 0 1152 2400 1232 2400
13 0 1152 2432 1232 2432
13 0 528 2464 1008 2464
13 0 1376 2464 1424 2464
13 0 608 2496 1008 2496
13 0 1184 2496 1424 2496
13 0 1568 2496 1728 2496
13 0 688 2528 1008 2528
13 0 1216 2528 1424 2528
13 0 416 2560 1184 2560
13 0 496 2576 1216 2576
13 0 448 2592 1008 2592
13 0 528 2624 1008 2624
13 0 656 2656 1008 2656
13 0 688 2688 1008 2688
13 0 1152 2704 1232 2704
13 0 1152 2736 1232 2736
13 0 496 2752 1008 2752
13 0 1376 2768 1424 2768
13 0 576 2784 1008 2784
13 0 608 2816 1008 2816
13 0 816 2848 1008 2848
13 0 416 2880 1424 2880
13 0 448 2912 1008 2912
13 0 608 2944 1008 2944
13 0 816 2976 1008 2976
13 0 1152 3008 1232 3008
13 0 1152 3040 1232 3040
13 0 496 3072 1008 3072
13 0 1376 3072 1424 3072
13 0 1568 3072 1728 3072
13 0 656 3104 1008 3104
13 0 1216 3104 1424 3104
13 0 1568 3104 1728 3104
13 0 1872 3104 1936 3104
13 0 688 3136 1008 3136
13 0 1264 3136 1424 3136
13 0 1568 3136 1728 3136
13 0 368 3168 1216 3168
13 0 528 3184 1264 3184
13 0 368 3216 1008 3216
13 0 688 3248 1008 3248
13 0 816 3280 1008 3280
13 0 1152 3312 1232 3312
13 0 1152 3344 1232 3344
13 0 576 3376 1008 3376
13 0 1376 3376 1424 3376
13 0 736 3408 1008 3408
13 0 1200 3408 1424 3408
13 0 768 3440 1008 3440
13 0 1248 3440 1424 3440
13 0 496 3472 1200 3472
13 0 656 3504 1248 3504
13 0 576 3552 1008 3552
13 0 688 3584 1008 3584
13 0 1152 3616 1216 3616
13 0 1152 3648 1216 3648
13 0 1360 3664 1424 3664
13 0 528 3680 1008 3680
13 0 1184 3696 1424 3696
13 0 736 3712 1008 3712
13 0 1216 3728 1424 3728
13 0 1568 3728 1728 3728
13 0 1248 3760 1424 3760
13 0 368 3776 1184 3776
13 0 448 3792 1216 3792
13 0 1280 3792 1424 3792
13 0 656 3824 1248 3824
13 0 768 3856 1280 3856
13 0 368 2176 368 2208
13 0 368 2208 368 3168
13 0 368 3168 368 3216
13 0 368 3216 368 3776
13 0 416 2304 416 2560
13 0 416 2560 416 2880
13 0 448 2176 448 2208
13 0 448 2208 448 2592
13 0 448 2592 448 2912
13 0 448 2912 448 3792
13 0 496 2304 496 2576
13 0 496 2576 496 2752
13 0 496 2752 496 3072
13 0 496 3072 496 3472
13 0 528 2176 528 2208
13 0 528 2208 528 2464
13 0 528 2464 528 2624
13 0 528 2624 528 3184
13 0 528 3184 528 3680
13 0 576 2304 576 2320
13 0 576 2320 576 2784
13 0 576 2784 576 3376
13 0 576 3376 576 3552
13 0 608 2176 608 2208
13 0 608 2208 608 2496
13 0 608 2496 608 2816
13 0 608 2816 608 2944
13 0 656 2304 656 2352
13 0 656 2352 656 2656
13 0 656 2656 656 3104
13 0 656 3104 656 3504
13 0 656 3504 656 3824
13 0 688 2176 688 2208
13 0 688 2208 688 2528
13 0 688 2528 688 2688
13 0 688 2688 688 3136
13 0 688 3136 688 3248
13 0 688 3248 688 3584
13 0 736 2304 736 3408
13 0 736 3408 736 3712
13 0 768 2176 768 2208
13 0 768 2208 768 3440
13 0 768 3440 768 3856
13 0 816 2304 816 2848
13 0 816 2848 816 2976
13 0 816 2976 816 3280
13 0 1152 2336 1152 2400
13 0 1152 2432 1152 2496
13 0 1152 2640 1152 2704
13 0 1152 2736 1152 2800
13 0 1152 2944 1152 3008
13 0 1152 3040 1152 3104
13 0 1152 3248 1152 3312
13 0 1152 3344 1152 3408
13 0 1152 3568 1152 3616
13 0 1152 3648 1152 3696
13 0 1184 2496 1184 2560
13 0 1184 3696 1184 3776
13 0 1200 3408 1200 3472
13 0 1216 2528 1216 2576
13 0 1216 3104 1216 3168
13 0 1216 3728 1216 3792
13 0 1248 3440 1248 3504
13 0 1248 3760 1248 3824
13 0 1264 3136 1264 3184
13 0 1280 3792 1280 3856
13 0 1360 3632 1360 3664
13 0 1376 2416 1376 2464
13 0 1376 2720 1376 2768
13 0 1376 3024 1376 3072
13 0 1376 3328 1376 3376
13 0 1424 2800 1424 2880
13 0 1568 2784 1568 3072
13 0 1568 3136 1568 3408
13 0 1728 2496 1728 3040
13 0 1728 3168 1728 3728
13 5 1936 3104 Funkcija
13 5 368 2176 A
13 5 448 2176 B
13 5 528 2176 C
13 5 608 2176 D
13 5 688 2176 E
13 5 768 2176 F
13 8 3488 1568 2
13 8 1920 640 1
13 8 2000 640 1
13 8 2080 640 1
13 8 2160 640 1
13 8 2240 640 1
13 8 2320 640 1
13 8 1936 3104 2
13 8 368 2176 1
13 8 448 2176 1
13 8 528 2176 1
13 8 608 2176 1
13 8 688 2176 1
13 8 768 2176 1
17 0 and2 2400 2496 0
17 0 26
17 0 55
17 0 and2 1216 2352 0
13 2 1152 2400 1216 2400
13 2 1216 2400 1232 2400
13 2 1152 2432 1216 2432
13 2 1216 2432 1232 2432
17 0 55
17 0 and2 1232 2352 0
13 0 1152 2400 1232 2400
13 0 1232 2400 1248 2400
13 0 1216 2432 1232 2432
13 0 1152 2432 1216 2432
13 0 1232 2432 1248 2432
13 2 1232 2432 1248 2432
13 2 1152 2432 1232 2432
13 0 1232 2432 1152 2432
13 0 1232 2432 1248 2432
13 2 1232 2432 1248 2432
13 2 1152 2432 1232 2432
13 0 1216 2400 1232 2400
13 2 1216 2400 1232 2400
13 2 1152 2400 1216 2400
13 0 1216 2400 1152 2400
13 0 1216 2400 1232 2400
13 0 1200 2400 1232 2400
13 2 1200 2400 1232 2400
13 2 1152 2400 1200 2400
13 0 1152 2400 1248 2400
13 2 1152 2400 1232 2400
13 0 1152 2400 1232 2400
13 2 1152 2400 1232 2400
13 0 1152 2400 1248 2400
13 2 1152 2400 1232 2400
13 2 1232 2400 1248 2400
13 2 1376 2416 1376 2464
17 0 55
17 0 and2 1232 2352 0
13 0 1232 2400 1248 2400
13 0 1376 2416 1376 2448
13 0 1376 2448 1376 2464
13 2 1232 2400 1248 2400
13 2 1376 2416 1376 2464
17 0 55
17 0 and2 1232 2352 0
13 0 1232 2400 1248 2400
13 0 1376 2416 1376 2448
13 0 1376 2448 1376 2464
13 2 1232 2400 1248 2400
13 2 1376 2416 1376 2464
17 0 55
17 0 and2 1232 2352 0
13 0 1232 2400 1248 2400
13 0 1376 2416 1376 2448
13 0 1376 2448 1376 2464
13 0 1232 2432 1152 2432
13 0 1248 2400 1152 2400
13 2 1152 2400 1232 2400
17 0 55
13 2 1232 2400 1248 2400
13 0 1248 2400 1232 2400
13 2 1232 2400 1248 2400
13 0 1232 2400 1248 2400
13 2 1232 2400 1248 2400
13 0 1232 2400 1248 2400
17 0 and2 1232 2352 0
17 0 55
13 2 1232 2400 1248 2400
13 0 1248 2400 1232 2400
13 2 1232 2400 1248 2400
13 0 1232 2400 1248 2400
17 0 and2 1232 2352 0
13 2 1232 2400 1248 2400
13 2 1152 2432 1232 2432
13 2 1376 2416 1376 2464
17 0 55
17 0 and2 1264 2320 0
13 0 1264 2368 1280 2368
13 0 1248 2400 1264 2400
13 0 1248 2400 1248 2432
13 0 1152 2432 1248 2432
13 0 1408 2384 1408 2416
13 0 1408 2416 1376 2416
13 0 1376 2416 1376 2464
13 2 1376 2416 1376 2464
13 2 1376 2416 1408 2416
13 2 1408 2384 1408 2416
13 2 1152 2432 1248 2432
13 2 1248 2400 1248 2432
13 2 1248 2400 1264 2400
13 2 1264 2368 1280 2368
17 0 55
17 0 and2 1232 2352 0
13 0 1376 2416 1376 2464
13 0 1152 2432 1232 2432
13 0 1232 2400 1248 2400
13 2 1152 2432 1232 2432
13 0 1376 2448 1376 2464
13 2 1376 2448 1376 2464
13 2 1376 2416 1376 2448
13 2 1232 2400 1248 2400
17 0 55
17 0 and2 1232 2352 0
13 0 1376 2416 1376 2464
13 0 1232 2400 1248 2400
13 0 1376 2448 1376 2464
13 2 1376 2448 1376 2464
13 2 1376 2416 1376 2448
13 2 1232 2400 1248 2400
17 0 55
17 0 and2 1232 2352 0
13 0 1376 2416 1376 2464
13 0 1232 2400 1248 2400
13 0 1376 2448 1376 2464
13 2 1376 2448 1376 2464
13 2 1376 2416 1376 2448
13 2 1232 2400 1248 2400
17 0 55
17 0 and2 1232 2352 0
13 0 1376 2416 1376 2464
13 0 1232 2400 1248 2400
13 0 1152 2400 1200 2400
13 0 1200 2400 1232 2400
17 0 55
13 2 1152 2400 1248 2400
17 0 and2 1376 2304 0
17 0 55
17 0 and2 1232 2352 0
13 0 1232 2432 1152 2432
13 0 1232 2400 1152 2400
17 0 20
17 0 and2 1792 2544 0
17 0 20
17 0 and2 1792 2544 0
17 0 20
17 0 and2 1232 2656 0
17 0 16
17 0 and2 1984 2688 0
17 0 16
17 0 and2 1232 2960 0
17 0 13
17 0 and2 1824 3328 0
17 0 13
17 0 and2 1232 3264 0
13 2 1152 3616 1216 3616
13 2 1152 3648 1216 3648
13 2 1360 3664 1424 3664
13 2 1360 3632 1360 3664
17 0 7
17 0 or2 1216 3568 0
13 0 1152 3616 1216 3616
13 0 1200 3648 1216 3648
13 0 1152 3648 1200 3648
13 0 1360 3664 1424 3664
13 0 1360 3632 1360 3664
17 0 7
17 0 and2 1888 3392 0
17 0 7
17 0 and2 1216 3568 0
17 0 27
17 0 and5 1728 2992 0
13 2 576 2320 1008 2320
13 2 656 2352 1008 2352
13 2 1152 2336 1152 2400
17 0 25
17 0 and2 1008 2272 0
13 0 576 2320 1008 2320
13 0 992 2352 1008 2352
13 0 656 2352 992 2352
13 0 1152 2336 1152 2368
13 0 1152 2368 1152 2400
17 0 25
17 0 55
13 2 1152 2704 1232 2704
13 2 1152 2736 1232 2736
13 2 1376 2720 1376 2768
17 0 20
17 0 and2 1232 2656 0
13 0 1152 2704 1232 2704
13 0 1216 2736 1232 2736
13 0 1152 2736 1216 2736
13 0 1376 2720 1376 2752
13 0 1376 2752 1376 2768
17 0 20
17 0 16
17 0 13
17 0 7
17 0 10
17 0 9
17 0 19
17 0 nd2 2064 2784 0
17 0 nd2 1008 2272 0
17 0 nd2 1232 2656 0
17 0 nd2 1232 2960 0
17 0 nd2 1424 2720 0
17 0 nd2 1232 2352 0
17 0 nd2 1232 3264 0
17 0 nd2 1008 3504 0
17 0 nd2 1008 3632 0
17 0 nd2 1216 3568 0
17 0 19
17 0 nd2 2064 2800 0
17 0 19
17 0 24
17 0 23
17 0 18
17 0 15
17 0 17
17 0 11
17 0 14
13 2 576 3376 1008 3376
13 2 736 3408 1008 3408
13 2 768 3440 1008 3440
13 2 1152 3344 1152 3408
17 0 12
17 0 and3 1008 3328 0
13 0 576 3376 1008 3376
13 0 992 3408 1008 3408
13 0 736 3408 992 3408
13 0 976 3440 1008 3440
13 0 768 3440 976 3440
13 0 1152 3376 1152 3408
13 0 1152 3344 1152 3376
17 0 12
17 0 nd3 2256 3024 0
17 0 nd3 1008 2416 0
17 0 nd3 1424 2416 0
17 0 nd3 1008 2864 0
17 0 nd3 1008 3024 0
17 0 nd3 1424 3024 0
17 0 nd3 1008 3168 0
17 0 nd3 1008 3328 0
17 0 nd3 1424 3328 0
17 0 12
17 0 22
17 0 21
17 0 nd4 2224 2752 0
17 0 nd4 1008 2544 0
17 0 nd4 1008 2704 0
17 0 8
17 0 27
17 0 nd5 2272 3264 0
17 0 nd5 1424 3616 0
17 0 nd5 1744 2992 0
17 0 56
17 0 nd5 1728 2992 0
17 0 27
17 0 21
13 2 1872 3104 1936 3104
13 7 1936 3104
13 8 1936 3104 0
13 0 1936 3104 1872 3104
13 5 1936 3104 Funkcija
13 8 1936 3104 2
13 8 1936 3104 2
13 0 1920 3104 1936 3104
13 2 1920 3104 1936 3104
13 2 1872 3104 1920 3104
13 0 1920 3104 1872 3104
13 0 1920 3104 1936 3104
13 0 1888 3104 1936 3104
13 2 1888 3104 1936 3104
13 2 1872 3104 1888 3104
13 7 1936 3104
13 8 1936 3104 0
13 0 1872 3104 1952 3104
13 5 1952 3104 Funkcija2
13 8 1952 3104 2
13 8 1952 3104 2
13 8 1952 3104 0
13 8 1952 3104 2
13 0 1712 1152 1744 1152
13 2 1712 1152 1744 1152
13 2 1680 1152 1712 1152
13 0 1712 1152 1680 1152
13 0 1712 1152 1744 1152
13 0 1728 1152 1744 1152
13 2 1728 1152 1744 1152
13 2 1680 1152 1728 1152
13 0 1728 1152 1680 1152
13 0 1728 1152 1744 1152
13 0 1728 1152 1744 1152
13 2 1728 1152 1744 1152
13 2 1680 1152 1728 1152
13 7 1744 1152
13 8 1744 1152 0
13 5 1744 1152 Funkcija
13 8 1744 1152 2
13 8 1744 1152 2
13 7 1744 1152
13 8 1744 1152 0
13 0 1680 1152 1744 1152
13 5 1744 1152 Out1
13 8 1744 1152 2
13 0 1904 3104 1952 3104
13 2 1904 3104 1952 3104
13 2 1872 3104 1904 3104
13 7 1952 3104
13 8 1952 3104 0
13 8 1952 3104 0
13 0 1872 3104 1936 3104
13 5 1936 3104 Out2
13 8 1936 3104 2
