10 1 1
10 1 1
10 1 1
13 2 400 960 848 960
13 0 400 960 432 960
13 2 400 960 432 960
13 0 848 960 432 960
17 0 or2 800 1168 0
17 0 12
17 0 33
17 0 or2 848 880 0
17 0 xnor2 960 1136 0
17 0 13
17 0 12
17 0 xnor2 1072 912 0
13 2 336 2464 864 2464
13 2 400 2496 864 2496
13 2 1008 2496 1088 2496
13 2 1008 2480 1008 2496
17 0 24
17 0 nr2 864 2416 0
13 0 336 2464 864 2464
13 0 848 2496 864 2496
13 0 400 2496 848 2496
13 0 1008 2496 1088 2496
13 0 1008 2480 1008 2496
17 0 24
17 0 or2 864 2416 0
17 0 26
17 0 xnor2 1088 2448 0
13 0 720 2496 864 2496
13 2 720 2496 864 2496
13 2 400 2496 720 2496
13 0 864 2512 432 2512
13 2 432 2512 864 2512
13 0 864 2496 432 2496
13 0 1216 1200 1216 864
13 2 1216 864 1216 1200
13 2 1216 1200 1216 1392
13 0 1216 1392 1216 864
17 0 xor2 1216 1872 0
17 0 26
17 0 13
17 0 xor2 1104 2448 0
