10 1 1
10 1 1
10 1 1
13 0 496 480 496 384
13 2 496 384 496 480
13 2 496 480 496 992
13 0 496 480 496 992
13 0 496 480 496 384
17 0 27
17 0 30
17 0 26
17 0 25
17 0 24
17 0 29
17 0 36
17 0 32
17 0 35
17 0 34
17 0 28
17 0 31
13 2 1504 1728 1536 1728
13 2 1680 1744 1728 1744
13 2 1536 1792 1712 1792
13 2 1552 1824 1728 1824
13 2 1472 1904 1552 1904
13 2 1696 1904 1712 1904
13 2 1712 1904 1904 1904
13 2 2048 1920 2096 1920
13 2 2096 1920 2128 1920
13 2 1536 1936 1552 1936
13 2 1904 1984 2080 1984
13 2 1552 2000 1712 2000
13 2 1904 2016 2096 2016
13 0 704 2064 1536 2064
13 2 704 2064 1536 2064
13 2 1536 2064 1552 2064
13 2 1696 2064 1712 2064
13 2 1712 2064 1904 2064
13 2 2048 2064 2080 2064
13 2 1504 2096 1552 2096
13 0 704 2144 1472 2144
13 2 704 2144 1472 2144
13 2 1472 2144 1904 2144
13 2 1504 2192 1904 2192
13 0 704 2208 848 2208
13 2 704 2208 848 2208
13 2 1504 2208 1712 2208
13 2 1504 2224 1536 2224
13 0 704 2240 848 2240
13 2 704 2240 848 2240
13 2 1472 2256 1536 2256
13 2 992 2272 1104 2272
13 2 1248 2288 1536 2288
13 0 704 2304 1104 2304
13 2 704 2304 1104 2304
13 2 1680 2304 1760 2304
13 2 1712 2336 1760 2336
13 2 1536 2384 2080 2384
13 2 1504 2416 1536 2416
13 2 1472 2448 1536 2448
13 0 704 2464 864 2464
13 2 704 2464 864 2464
13 2 1680 2464 1712 2464
13 2 1376 2480 1536 2480
13 0 704 2496 864 2496
13 2 704 2496 864 2496
13 2 1008 2496 1088 2496
13 2 1248 2512 1376 2512
13 0 704 2528 1088 2528
13 2 704 2528 1088 2528
13 2 1536 2544 2096 2544
13 2 992 2224 992 2272
13 2 1008 2480 1008 2496
13 2 1376 2480 1376 2512
13 0 1472 1904 1472 2144
13 2 1472 1904 1472 2144
13 0 1472 2144 1472 2256
13 2 1472 2144 1472 2256
13 2 1472 2256 1472 2448
13 0 1504 1728 1504 2096
13 2 1504 1728 1504 2096
13 2 1504 2096 1504 2192
13 0 1504 2208 1504 2224
13 2 1504 2208 1504 2224
13 2 1504 2224 1504 2416
13 2 1536 1760 1536 1792
13 2 1536 1936 1536 2064
13 2 1536 2320 1536 2384
13 2 1536 2512 1536 2544
13 2 1552 1824 1552 1872
13 2 1552 2000 1552 2032
13 2 1680 2272 1680 2304
13 0 1712 1792 1712 1904
13 2 1712 1792 1712 1904
13 2 1712 1904 1712 2000
13 2 1712 2064 1712 2208
13 2 1712 2336 1712 2464
13 2 1728 1744 1728 1824
13 2 1904 1936 1904 1984
13 2 1904 2016 1904 2032
13 2 1904 2096 1904 2144
13 2 1904 2192 1904 2320
13 0 2080 1984 2080 2064
13 2 2080 1984 2080 2064
13 2 2080 2064 2080 2384
13 0 2096 1920 2096 2016
13 2 2096 1920 2096 2016
13 2 2096 2016 2096 2544
13 7 2128 1920
13 8 2128 1920 0
13 8 2128 1920 0
13 0 592 2064 704 2064
13 2 592 2064 704 2064
13 2 304 2064 592 2064
13 0 656 2144 704 2144
13 2 656 2144 704 2144
13 2 528 2144 656 2144
13 0 656 2208 704 2208
13 2 656 2208 704 2208
13 2 336 2208 656 2208
13 0 656 2240 704 2240
13 2 656 2240 704 2240
13 2 400 2240 656 2240
13 0 656 2304 704 2304
13 2 656 2304 704 2304
13 2 464 2304 656 2304
13 0 656 2464 704 2464
13 2 656 2464 704 2464
13 2 336 2464 656 2464
13 0 656 2496 704 2496
13 2 656 2496 704 2496
13 2 400 2496 656 2496
13 0 672 2528 704 2528
13 2 672 2528 704 2528
13 2 496 2528 672 2528
17 0 nd2 2672 1856 0
17 0 nd2 2304 1680 0
17 0 nd3 2672 1984 0
17 0 nd3 2320 1984 0
17 0 nd3 2320 1824 0
17 0 and2 2528 2256 0
17 0 and2 1616 2160 0
17 0 or2 1632 2416 0
17 0 or2 1872 2224 0
17 0 xor2 1872 2448 0
17 0 nd4 2304 2176 0
17 0 nd4 2304 2368 0
13 0 2272 1728 2304 1728
13 0 2448 1744 2496 1744
13 0 2304 1792 2480 1792
13 0 2320 1824 2496 1824
13 0 2240 1904 2320 1904
13 0 2464 1904 2480 1904
13 0 2480 1904 2672 1904
13 0 2816 1920 2864 1920
13 0 2864 1920 2896 1920
13 0 2304 1936 2320 1936
13 0 2672 1984 2848 1984
13 0 2320 2000 2480 2000
13 0 2672 2016 2864 2016
13 0 1472 2064 2304 2064
13 0 2304 2064 2320 2064
13 0 2464 2064 2480 2064
13 0 2480 2064 2672 2064
13 0 2816 2064 2848 2064
13 0 2272 2096 2320 2096
13 0 1472 2144 2240 2144
13 0 2240 2144 2672 2144
13 0 2272 2192 2672 2192
13 0 1472 2208 1616 2208
13 0 2272 2208 2480 2208
13 0 2272 2224 2304 2224
13 0 1472 2240 1616 2240
13 0 2240 2256 2304 2256
13 0 1760 2272 1872 2272
13 0 2016 2288 2304 2288
13 0 1472 2304 1872 2304
13 0 2448 2304 2528 2304
13 0 2480 2336 2528 2336
13 0 2304 2384 2848 2384
13 0 2272 2416 2304 2416
13 0 2240 2448 2304 2448
13 0 1472 2464 1632 2464
13 0 2448 2464 2480 2464
13 0 2144 2480 2304 2480
13 0 1472 2496 1632 2496
13 0 1776 2496 1856 2496
13 0 2016 2512 2144 2512
13 0 1472 2528 1856 2528
13 0 2304 2544 2864 2544
13 0 1760 2224 1760 2272
13 0 1776 2480 1776 2496
13 0 2144 2480 2144 2512
13 0 2240 1904 2240 2144
13 0 2240 2144 2240 2256
13 0 2240 2256 2240 2448
13 0 2272 1728 2272 2096
13 0 2272 2096 2272 2192
13 0 2272 2208 2272 2224
13 0 2272 2224 2272 2416
13 0 2304 1760 2304 1792
13 0 2304 1936 2304 2064
13 0 2304 2320 2304 2384
13 0 2304 2512 2304 2544
13 0 2320 1824 2320 1872
13 0 2320 2000 2320 2032
13 0 2448 2272 2448 2304
13 0 2480 1792 2480 1904
13 0 2480 1904 2480 2000
13 0 2480 2064 2480 2208
13 0 2480 2336 2480 2464
13 0 2496 1744 2496 1824
13 0 2672 1936 2672 1984
13 0 2672 2016 2672 2032
13 0 2672 2096 2672 2144
13 0 2672 2192 2672 2320
13 0 2848 1984 2848 2064
13 0 2848 2064 2848 2384
13 0 2864 1920 2864 2016
13 0 2864 2016 2864 2544
13 5 2896 1920 Qdin
13 8 2896 1920 2
13 2 2864 2016 2864 2544
13 2 2864 1920 2864 2016
13 2 2848 2064 2848 2384
13 2 2848 1984 2848 2064
13 2 2672 2192 2672 2320
13 2 2672 2096 2672 2144
13 2 2672 2016 2672 2032
13 2 2672 1936 2672 1984
13 2 2496 1744 2496 1824
13 2 2480 2336 2480 2464
13 2 2480 2064 2480 2208
13 2 2480 1904 2480 2000
13 2 2480 1792 2480 1904
13 2 2448 2272 2448 2304
13 2 2320 2000 2320 2032
13 2 2320 1824 2320 1872
13 2 2304 2512 2304 2544
13 2 2304 2320 2304 2384
13 2 2304 1936 2304 2064
13 2 2304 1760 2304 1792
13 2 2272 2224 2272 2416
13 2 2272 2208 2272 2224
13 2 2272 2096 2272 2192
13 2 2272 1728 2272 2096
13 2 2240 2256 2240 2448
13 2 2240 2144 2240 2256
13 2 2240 1904 2240 2144
13 2 2144 2480 2144 2512
13 2 1776 2480 1776 2496
13 2 1760 2224 1760 2272
13 2 2304 2544 2864 2544
13 2 1472 2528 1856 2528
13 2 2016 2512 2144 2512
13 2 1776 2496 1856 2496
13 2 1472 2496 1632 2496
13 2 2144 2480 2304 2480
13 2 2448 2464 2480 2464
13 2 1472 2464 1632 2464
13 2 2240 2448 2304 2448
13 2 2272 2416 2304 2416
13 2 2304 2384 2848 2384
13 2 2480 2336 2528 2336
13 2 2448 2304 2528 2304
13 2 1472 2304 1872 2304
13 2 2016 2288 2304 2288
13 2 1760 2272 1872 2272
13 2 2240 2256 2304 2256
13 2 1472 2240 1616 2240
13 2 2272 2224 2304 2224
13 2 2272 2208 2480 2208
13 2 1472 2208 1616 2208
13 2 2272 2192 2672 2192
13 0 2240 2144 2672 2144
13 2 2240 2144 2672 2144
13 2 1472 2144 2240 2144
13 2 2272 2096 2320 2096
13 2 2816 2064 2848 2064
13 0 2480 2064 2672 2064
13 2 2480 2064 2672 2064
13 2 2464 2064 2480 2064
13 0 2304 2064 2320 2064
13 2 2304 2064 2320 2064
13 2 1472 2064 2304 2064
13 2 2672 2016 2864 2016
13 2 2320 2000 2480 2000
13 2 2672 1984 2848 1984
13 2 2304 1936 2320 1936
13 0 2864 1920 2896 1920
13 2 2864 1920 2896 1920
13 2 2816 1920 2864 1920
13 0 2480 1904 2672 1904
13 2 2480 1904 2672 1904
13 2 2464 1904 2480 1904
13 2 2240 1904 2320 1904
13 2 2320 1824 2496 1824
13 2 2304 1792 2480 1792
13 2 2448 1744 2496 1744
13 2 2272 1728 2304 1728
13 7 2896 1920
13 8 2896 1920 0
13 8 2896 1920 2
17 0 27
17 0 30
17 0 26
17 0 25
17 0 24
17 0 29
17 0 36
17 0 32
17 0 35
17 0 34
17 0 28
17 0 31
13 0 496 2528 672 2528
13 0 672 2528 704 2528
13 0 400 2496 656 2496
13 0 656 2496 704 2496
13 0 336 2464 656 2464
13 0 656 2464 704 2464
13 0 464 2304 656 2304
13 0 656 2304 704 2304
13 0 400 2240 656 2240
13 0 656 2240 704 2240
13 0 336 2208 656 2208
13 0 656 2208 704 2208
13 0 528 2144 656 2144
13 0 656 2144 704 2144
13 0 304 2064 592 2064
13 0 592 2064 704 2064
13 0 2096 2016 2096 2544
13 0 2096 1920 2096 2016
13 0 2080 2064 2080 2384
13 0 2080 1984 2080 2064
13 0 1904 2192 1904 2320
13 0 1904 2096 1904 2144
13 0 1904 2016 1904 2032
13 0 1904 1936 1904 1984
13 0 1728 1744 1728 1824
13 0 1712 2336 1712 2464
13 0 1712 2064 1712 2208
13 0 1712 1904 1712 2000
13 0 1712 1792 1712 1904
13 0 1680 2272 1680 2304
13 0 1552 2000 1552 2032
13 0 1552 1824 1552 1872
13 0 1536 2512 1536 2544
13 0 1536 2320 1536 2384
13 0 1536 1936 1536 2064
13 0 1536 1760 1536 1792
13 0 1504 2224 1504 2416
13 0 1504 2208 1504 2224
13 0 1504 2096 1504 2192
13 0 1504 1728 1504 2096
13 0 1472 2256 1472 2448
13 0 1472 2144 1472 2256
13 0 1472 1904 1472 2144
13 0 1376 2480 1376 2512
13 0 1008 2480 1008 2496
13 0 992 2224 992 2272
13 0 1536 2544 2096 2544
13 0 704 2528 1088 2528
13 0 1248 2512 1376 2512
13 0 1008 2496 1088 2496
13 0 704 2496 864 2496
13 0 1376 2480 1536 2480
13 0 1680 2464 1712 2464
13 0 704 2464 864 2464
13 0 1472 2448 1536 2448
13 0 1504 2416 1536 2416
13 0 1536 2384 2080 2384
13 0 1712 2336 1760 2336
13 0 1680 2304 1760 2304
13 0 704 2304 1104 2304
13 0 1248 2288 1536 2288
13 0 992 2272 1104 2272
13 0 1472 2256 1536 2256
13 0 704 2240 848 2240
13 0 1504 2224 1536 2224
13 0 1504 2208 1712 2208
13 0 704 2208 848 2208
13 0 1504 2192 1904 2192
13 0 1472 2144 1904 2144
13 0 704 2144 1472 2144
13 0 1504 2096 1552 2096
13 0 2048 2064 2080 2064
13 0 1712 2064 1904 2064
13 0 1696 2064 1712 2064
13 0 1536 2064 1552 2064
13 0 704 2064 1536 2064
13 0 1904 2016 2096 2016
13 0 1552 2000 1712 2000
13 0 1904 1984 2080 1984
13 0 1536 1936 1552 1936
13 0 2096 1920 2128 1920
13 0 2048 1920 2096 1920
13 0 1712 1904 1904 1904
13 0 1696 1904 1712 1904
13 0 1472 1904 1552 1904
13 0 1552 1824 1728 1824
13 0 1536 1792 1712 1792
13 0 1680 1744 1728 1744
13 0 1504 1728 1536 1728
13 5 2128 1920 Qdin
13 8 2128 1920 2
17 0 nd2 1904 1856 0
17 0 nd2 1536 1680 0
17 0 nd3 1904 1984 0
17 0 nd3 1552 1984 0
17 0 nd3 1552 1824 0
17 0 and2 1760 2256 0
17 0 and2 848 2160 0
17 0 or2 864 2416 0
17 0 or2 1104 2224 0
17 0 xor2 1104 2448 0
17 0 nd4 1536 2176 0
17 0 nd4 1536 2368 0
17 0 24
17 0 nr2 864 2416 0
