10 1 1
10 1 1
10 1 1
17 0 and2 1744 1184 0
13 0 1296 752 1440 752
13 2 1296 752 1440 752
13 2 1232 752 1296 752
17 0 14
17 0 and2 1296 688 0
17 0 and2 1744 1184 0
17 0 14
17 0 and2 1744 1184 0
13 0 1344 976 1424 976
13 2 1344 976 1424 976
13 2 1232 976 1344 976
17 0 14
17 0 and2 1744 1184 0
17 0 14
17 0 and2 1744 1184 0
17 0 14
17 0 and2 1248 672 0
17 0 14
17 0 and2 1264 672 0
17 0 14
17 0 and2 1296 688 0
17 0 and2 1264 672 0
17 0 14
17 0 and2 1264 672 0
17 0 14
17 0 and2 1264 672 0
17 0 14
17 0 and2 1232 704 0
17 0 and2 1264 672 0
17 0 14
17 0 and2 1264 672 0
17 0 14
17 0 and2 1264 704 0
17 0 14
17 0 and2 1264 688 0
13 2 1440 752 1552 752
13 7 1440 752
13 0 1440 752 1552 752
13 5 1440 752 J
13 8 1440 752 0
13 8 1440 752 0
13 2 1440 752 1552 752
13 7 1440 752
13 8 1440 752 0
17 0 14
17 0 and2 1312 688 0
13 0 1552 752 1456 752
13 0 1312 736 1232 736
13 0 1232 736 1232 752
13 2 1232 736 1232 752
13 2 1232 736 1312 736
13 0 1312 768 1232 768
13 0 1232 768 1232 752
13 0 1440 976 1552 976
13 2 1440 976 1552 976
13 2 1424 976 1440 976
17 0 and2 1344 960 0
13 7 1424 976
17 0 15
17 0 and2 1344 912 0
17 0 15
17 0 and2 1312 912 0
13 0 1552 976 1456 976
13 0 1312 992 1232 992
13 0 1232 992 1232 976
13 0 1312 960 1280 960
13 0 1280 960 1280 944
13 0 1280 944 1280 608
13 0 1312 736 1280 736
13 5 1280 608 ENABLE
13 8 1280 608 1
13 5 1504 752 J
13 5 1472 976 K
13 7 1472 976
13 7 1504 752
13 5 1264 768 J
13 5 1280 992 K
17 0 nd3 1728 1312 0
17 0 nd2 1712 1200 0
17 0 nd2 1488 1184 0
17 0 nd2 1488 1328 0
17 0 nd2 1200 1200 0
17 0 nd3 1216 1312 0
17 0 17
17 0 nd2 1728 1200 0
17 0 20
17 0 nd2 1232 1200 0
17 0 20
17 0 nd2 1216 1200 0
17 0 nd3 960 1344 0
17 0 nd3 960 1200 0
17 0 23
17 0 22
17 0 nd3 960 1184 0
17 0 nd3 960 1328 0
17 0 19
17 0 18
17 0 nd2 1504 1328 0
17 0 nd2 1504 1184 0
17 0 21
17 0 20
17 0 nd3 1184 1312 0
17 0 nd2 1184 1200 0
13 0 1328 1264 1408 1264
13 0 1328 1392 1408 1392
13 5 1360 1264 Q_JK_Master
13 5 1344 1392 nQ_JK_Master
17 0 19
17 0 nd2 1504 1216 0
17 0 19
17 0 nd2 1504 1200 0
13 2 1360 1264 1408 1264
13 2 1344 1392 1408 1392
17 0 18
17 0 19
17 0 nd2 1504 1360 0
17 0 nd2 1504 1232 0
13 0 1408 1296 1408 1264
13 0 1360 1264 1408 1264
13 0 1392 1424 1408 1424
13 0 1392 1424 1392 1392
13 0 1344 1392 1392 1392
13 2 1344 1392 1392 1392
13 2 1392 1392 1392 1424
13 2 1392 1424 1408 1424
13 2 1360 1264 1408 1264
13 2 1408 1264 1408 1296
17 0 19
17 0 18
17 0 nd2 1504 1328 0
17 0 nd2 1504 1200 0
13 0 1344 1392 1408 1392
13 0 1360 1264 1408 1264
17 0 18
17 0 19
17 0 nd2 1504 1344 0
17 0 nd2 1504 1216 0
13 0 1408 1264 1504 1264
13 0 1504 1424 1408 1424
13 0 1408 1424 1408 1392
13 0 1504 1392 1456 1392
13 0 1456 1392 1456 1376
13 0 1456 1376 1456 1296
13 0 1456 1296 1504 1296
13 2 1328 1392 1344 1392
17 0 20
17 0 nd3 1184 1312 0
13 0 1328 1392 1344 1392
13 2 1328 1392 1344 1392
13 2 1344 1392 1408 1392
13 2 1408 1424 1504 1424
13 2 1408 1392 1408 1424
13 7 1344 1392
13 0 1328 1424 1344 1424
13 0 1344 1424 1408 1424
13 0 1408 1456 1408 1424
13 0 1408 1424 1504 1424
13 0 1408 1424 1408 1456
13 5 1344 1424 nQ_JK_Master
13 8 1344 1392 0
13 8 1344 1424 0
13 2 1408 1424 1504 1424
13 2 1408 1424 1408 1456
13 2 1344 1424 1408 1424
13 2 1328 1424 1344 1424
13 7 1344 1424
13 0 1408 1392 1408 1424
13 0 1408 1424 1504 1424
13 0 1344 1392 1408 1392
13 0 1328 1392 1344 1392
13 5 1344 1392 nQ_JK_Master
13 8 1344 1424 0
13 8 1344 1392 0
13 8 1344 1392 0
13 2 1328 1392 1344 1392
13 2 1344 1392 1408 1392
13 2 1408 1424 1504 1424
13 2 1408 1392 1408 1424
13 7 1344 1392
17 0 20
17 0 nd3 1184 1328 0
13 0 1328 1408 1344 1408
13 0 1344 1408 1408 1408
13 0 1408 1440 1440 1440
13 0 1440 1440 1440 1424
13 0 1440 1424 1504 1424
13 0 1408 1408 1408 1440
13 5 1344 1408 nQ_JK_Master
13 8 1344 1392 0
13 8 1344 1408 0
13 2 1408 1408 1408 1440
13 2 1440 1424 1504 1424
13 2 1440 1424 1440 1440
13 2 1408 1440 1440 1440
13 2 1344 1408 1408 1408
13 2 1328 1408 1344 1408
13 7 1344 1408
17 0 20
17 0 nd3 1184 1312 0
13 0 1408 1392 1408 1424
13 0 1408 1424 1504 1424
13 0 1344 1392 1408 1392
13 0 1328 1392 1344 1392
13 5 1344 1392 nQ_JK_Master
13 8 1344 1408 0
13 8 1344 1392 0
13 8 1344 1392 0
13 2 1328 1392 1344 1392
13 2 1344 1392 1408 1392
13 2 1408 1424 1504 1424
13 2 1408 1392 1408 1424
13 7 1344 1392
17 0 20
17 0 nd3 1184 1344 0
13 0 1328 1424 1344 1424
13 0 1344 1424 1408 1424
13 0 1408 1456 1408 1424
13 0 1408 1424 1504 1424
13 0 1408 1424 1408 1456
13 5 1344 1424 nQ_JK_Master
13 8 1344 1392 0
13 8 1344 1424 0
13 2 1408 1424 1408 1456
13 0 1184 1280 1184 1344
13 0 1184 1344 1200 1344
13 0 1200 1344 1408 1344
13 0 1408 1344 1408 1424
13 0 1184 1392 1184 1360
13 0 1184 1360 1376 1360
13 0 1376 1360 1376 1264
13 0 1872 1392 2080 1392
13 0 1872 1264 2080 1264
13 0 1728 1280 1728 1312
13 0 1728 1312 1936 1312
13 0 1936 1312 1936 1392
13 0 1728 1360 1728 1344
13 0 1728 1344 1952 1344
13 0 1952 1344 1952 1264
13 5 2000 1264 Q_JK_Slave
13 5 2000 1392 nQ_JK_Slave
13 7 2000 1392
13 7 2000 1264
13 5 2080 1264 Q_JK_Slave
13 5 2080 1392 nQ_JK_Slave
13 8 2080 1264 2
13 8 2080 1392 2
13 0 1728 1248 1648 1248
13 0 1648 1248 1648 1280
13 0 1648 1408 1728 1408
13 0 1728 1408 1728 1392
13 2 1872 1392 1936 1392
13 2 1648 1408 1728 1408
13 2 1728 1344 1728 1360
13 2 1728 1392 1728 1408
17 0 16
17 0 nd3 1728 1328 0
13 0 1872 1408 1872 1392
13 0 1872 1392 1936 1392
13 0 1728 1424 1728 1408
13 0 1648 1408 1728 1408
13 0 1728 1344 1728 1376
13 0 1728 1408 1728 1424
13 2 1648 1408 1728 1408
13 2 1728 1408 1728 1424
13 0 1648 1408 1728 1408
13 0 1104 1264 1184 1264
13 0 1184 1264 1184 1248
13 0 1184 1424 1104 1424
13 0 1104 1424 1104 1408
13 0 960 1376 928 1376
13 0 928 1376 928 1296
13 0 928 1296 960 1296
13 2 1648 1248 1728 1248
13 2 1104 1264 1184 1264
13 2 1328 1264 1360 1264
13 2 1360 1264 1376 1264
13 2 1376 1264 1504 1264
13 2 1872 1264 1952 1264
13 2 1952 1264 2080 1264
13 2 928 1296 960 1296
13 2 1456 1296 1504 1296
13 2 1728 1312 1936 1312
13 2 1184 1344 1408 1344
13 2 1728 1344 1952 1344
13 2 1184 1360 1376 1360
13 2 928 1376 960 1376
13 2 1456 1392 1504 1392
13 2 1872 1392 1936 1392
13 2 1936 1392 2080 1392
13 2 1648 1408 1728 1408
13 2 1104 1424 1184 1424
13 2 1328 1424 1344 1424
13 2 1344 1424 1408 1424
13 2 1408 1424 1504 1424
13 2 928 1296 928 1376
13 2 1104 1408 1104 1424
13 2 1184 1248 1184 1264
13 2 1184 1280 1184 1344
13 2 1184 1360 1184 1392
13 2 1376 1264 1376 1360
13 2 1408 1344 1408 1424
13 2 1456 1296 1456 1392
13 2 1648 1248 1648 1280
13 2 1728 1280 1728 1312
13 2 1728 1344 1728 1376
13 2 1872 1392 1872 1408
13 2 1936 1312 1936 1392
13 2 1952 1264 1952 1344
13 7 1360 1264
13 7 2080 1264
13 8 2080 1264 0
13 7 2080 1392
13 8 2080 1392 0
13 7 1344 1424
17 0 22
17 0 23
17 0 20
17 0 21
17 0 19
17 0 18
17 0 17
17 0 16
17 0 nd3 1376 1232 0
17 0 nd3 1376 1376 0
17 0 nd3 1600 1392 0
17 0 nd2 1600 1248 0
17 0 nd2 1920 1392 0
17 0 nd2 1920 1264 0
17 0 nd2 2144 1248 0
17 0 nd3 2144 1376 0
13 0 2064 1296 2144 1296
13 0 1520 1312 1600 1312
13 0 1744 1312 1776 1312
13 0 1776 1312 1792 1312
13 0 1792 1312 1920 1312
13 0 2288 1312 2368 1312
13 0 2368 1312 2496 1312
13 0 1344 1344 1376 1344
13 0 1872 1344 1920 1344
13 0 2144 1360 2352 1360
13 0 1600 1392 1824 1392
13 0 2144 1392 2368 1392
13 0 1600 1408 1792 1408
13 0 1344 1424 1376 1424
13 0 1872 1440 1920 1440
13 0 2288 1440 2352 1440
13 0 2352 1440 2496 1440
13 0 2064 1456 2144 1456
13 0 1520 1472 1600 1472
13 0 1744 1472 1760 1472
13 0 1760 1472 1824 1472
13 0 1824 1472 1920 1472
13 0 1344 1344 1344 1424
13 0 1520 1456 1520 1472
13 0 1600 1296 1600 1312
13 0 1600 1328 1600 1392
13 0 1600 1408 1600 1440
13 0 1792 1312 1792 1408
13 0 1824 1392 1824 1472
13 0 1872 1344 1872 1440
13 0 2064 1296 2064 1328
13 0 2144 1328 2144 1360
13 0 2144 1392 2144 1424
13 0 2288 1440 2288 1456
13 0 2352 1360 2352 1440
13 0 2368 1312 2368 1392
13 5 1776 1312 Q_JK_Master
13 5 2496 1312 Q_JK_Slave
13 5 2496 1440 nQ_JK_Slave
13 5 1760 1472 nQ_JK_Master
13 8 1360 1264 0
13 8 2080 1264 2
13 8 2080 1392 2
13 8 1344 1424 0
13 8 1776 1312 0
13 8 2496 1312 2
13 8 2496 1440 2
13 8 1760 1472 0
13 0 1376 1280 1280 1280
13 0 1280 1280 1232 1280
13 0 1280 1280 1232 1280
13 2 1232 1280 1280 1280
13 0 1280 1280 1248 1280
13 0 1248 1280 1248 768
13 0 1376 1456 1296 1456
13 0 1296 1456 1296 992
13 0 1328 1280 1376 1280
13 2 1328 1280 1376 1280
13 2 1248 1280 1328 1280
13 0 1376 1312 1248 1312
13 0 1248 1312 1248 1280
13 0 1344 1392 1216 1392
13 0 1216 1392 1216 864
13 0 1872 1392 1856 1392
13 0 1856 1392 1856 1600
13 0 1856 1600 1840 1600
13 0 1600 1504 1600 1568
13 0 1600 1568 528 1568
13 0 2144 1488 2144 1568
13 0 2144 1568 1600 1568
13 0 1840 1600 272 1600
13 0 1376 1280 1376 1200
13 0 1376 1200 1392 1200
13 0 1392 1200 2352 1200
13 0 2352 1200 2352 1360
13 0 1376 1488 1376 1648
13 0 1376 1648 1408 1648
13 0 1408 1648 2368 1648
13 0 2368 1648 2368 1392
