10 1 1
10 1 1
10 1 1
13 0 272 2512 272 1600
13 2 272 1600 272 2512
13 2 272 2512 272 2576
13 0 304 2528 304 2064
13 2 304 2064 304 2528
13 2 304 2528 304 2576
13 0 336 2512 336 2464
13 2 336 2464 336 2512
13 2 336 2512 336 2576
13 0 368 2528 368 384
13 2 368 384 368 2528
13 2 368 2528 368 2576
13 0 400 2544 400 2496
13 2 400 2496 400 2544
13 2 400 2544 400 2576
13 0 432 2544 432 384
13 2 432 384 432 2544
13 2 432 2544 432 2576
13 0 464 2544 464 2304
13 2 464 2304 464 2544
13 2 464 2544 464 2576
13 0 496 2544 496 2528
13 2 496 2528 496 2544
13 2 496 2544 496 2576
13 0 528 2560 528 2144
13 2 528 2144 528 2560
13 2 528 2560 528 2576
13 0 560 2544 560 384
13 2 560 384 560 2544
13 2 560 2544 560 2576
13 0 560 2544 560 2576
13 0 560 384 560 2544
13 0 528 2560 528 2576
13 0 528 2144 528 2560
13 0 496 2544 496 2576
13 0 496 2528 496 2544
13 0 464 2544 464 2576
13 0 464 2304 464 2544
13 0 432 2544 432 2576
13 0 432 384 432 2544
13 0 400 2544 400 2576
13 0 400 2496 400 2544
13 0 368 2528 368 2576
13 0 368 384 368 2528
13 0 336 2512 336 2576
13 0 336 2464 336 2512
13 0 304 2528 304 2576
13 0 304 2064 304 2528
13 0 272 2512 272 2576
13 0 272 1600 272 2512
