10 1 1
10 1 1
10 1 1
17 0 inv 352 288 1
17 0 inv 416 288 1
17 0 inv 480 288 1
17 0 inv 544 288 1
17 0 inv 608 288 1
17 0 nd2 1776 736 0
17 0 nd3 1552 864 0
17 0 nd3 1552 704 0
17 0 nd3 1776 864 0
17 0 and2 832 624 0
17 0 or2 1088 688 0
17 0 nr2 848 880 0
17 0 xor2 1088 912 0
13 0 272 288 304 288
13 0 336 288 368 288
13 0 400 288 432 288
13 0 464 288 496 288
13 0 528 288 560 288
13 0 336 672 832 672
13 0 400 704 832 704
13 0 976 736 1088 736
13 0 1232 752 1440 752
13 0 1440 752 1552 752
13 0 464 768 1088 768
13 0 1504 784 1552 784
13 0 1696 784 1776 784
13 0 1920 800 1952 800
13 0 1952 800 2016 800
13 0 304 864 1424 864
13 0 1424 864 1504 864
13 0 1552 864 1776 864
13 0 1776 864 1936 864
13 0 1552 880 1776 880
13 0 1776 880 1952 880
13 0 336 928 848 928
13 0 1504 944 1552 944
13 0 1696 944 1776 944
13 0 1920 944 1936 944
13 0 1936 944 2016 944
13 0 400 960 848 960
13 0 992 960 1072 960
13 0 1232 976 1424 976
13 0 1424 976 1552 976
13 0 496 992 1072 992
13 0 528 1088 1776 1088
13 0 272 256 272 288
13 0 272 288 272 2576
13 0 304 384 304 864
13 0 304 864 304 2576
13 0 336 256 336 288
13 0 336 288 336 672
13 0 336 672 336 928
13 0 336 928 336 2576
13 0 368 384 368 2576
13 0 400 256 400 288
13 0 400 288 400 704
13 0 400 704 400 960
13 0 400 960 400 2576
13 0 432 384 432 2576
13 0 464 256 464 288
13 0 464 288 464 768
13 0 464 768 464 2576
13 0 496 384 496 992
13 0 496 992 496 2576
13 0 528 256 528 288
13 0 528 288 528 1088
13 0 528 1088 528 2576
13 0 560 384 560 2576
13 0 976 688 976 736
13 0 992 944 992 960
13 0 1504 784 1504 864
13 0 1504 864 1504 944
13 0 1552 816 1552 864
13 0 1552 880 1552 912
13 0 1776 816 1776 864
13 0 1776 880 1776 912
13 0 1776 976 1776 1088
13 0 1936 864 1936 944
13 0 1952 800 1952 880
13 5 1440 752 J
13 5 2016 800 Q_JK
13 5 1424 864 C
13 5 2016 944 nQ_JK
13 5 1424 976 K
13 5 272 256 x1
13 5 336 256 x2
13 5 400 256 x3
13 5 464 256 x4
13 5 528 256 res
13 8 1440 752 0
13 8 2016 800 2
13 8 1424 864 0
13 8 2016 944 2
13 8 1424 976 0
13 8 272 256 1
13 8 336 256 1
13 8 400 256 1
13 8 464 256 1
13 8 528 256 1
