10 1 1
10 1 1
10 1 1
17 0 nd4 1600 2096 0
17 0 nd4 1600 1904 0
17 0 and2 1824 1984 0
13 0 1744 2192 1776 2192
13 0 1776 2192 1776 2064
13 0 1776 2064 1824 2064
13 0 1824 2032 1744 2032
13 0 1744 2032 1744 2000
13 2 1744 2032 1824 2032
13 2 1776 2064 1824 2064
13 2 1744 2192 1776 2192
13 2 1744 2000 1744 2032
13 2 1776 2064 1776 2192
17 0 26
17 0 25
17 0 24
17 0 and2 1808 2368 0
17 0 nd4 1584 2288 0
17 0 nd4 1584 2480 0
13 0 1728 2416 1808 2416
13 0 1760 2448 1808 2448
13 0 1728 2576 1760 2576
13 0 1728 2384 1728 2416
13 0 1760 2448 1760 2576
17 0 nd2 1728 2080 0
17 0 nd2 1728 1920 0
17 0 nd2 1728 1760 0
17 0 29
17 0 28
17 0 27
17 0 nd2 1584 1792 0
17 0 nd2 1584 1952 0
17 0 nd2 1584 2112 0
17 0 nd2 1952 1968 0
17 0 nd3 1952 2096 0
13 0 1728 1856 1776 1856
13 0 1776 1856 1776 1888
13 0 1776 1888 1776 1936
17 0 28
17 0 29
17 0 nd3 1600 1936 0
17 0 nd3 1600 2096 0
13 0 1776 1936 1600 1936
13 0 1600 1936 1600 1984
13 0 1600 2016 1520 2016
13 0 1520 2016 1520 2560
13 0 1520 2560 1584 2560
13 0 1744 2016 1952 2016
13 0 1584 1872 1584 1904
13 0 1584 1904 1600 1904
13 0 1600 1904 1760 1904
13 0 1760 1904 1760 2048
13 2 1760 1904 1760 2048
13 0 1600 1904 1760 1904
13 2 1600 1904 1760 1904
13 0 1600 1904 1760 1904
13 0 1760 1904 1760 2016
13 0 1600 2144 1600 2112
13 0 1600 2112 1760 2112
13 0 1760 2112 1760 2016
13 0 1584 1840 1552 1840
13 0 1552 1840 1552 1856
13 0 1552 1856 1552 2304
13 0 1552 2304 1952 2304
13 0 1952 2304 1952 2432
13 0 1600 2208 1552 2208
13 0 1600 2048 1584 2048
13 0 1584 2048 1584 2176
13 0 1584 2176 1600 2176
13 0 1584 2176 1392 2176
13 0 1744 2176 1952 2176
13 0 2096 2176 2128 2176
13 0 2096 2032 2128 2032
13 0 1952 2048 1952 2096
13 0 1952 2096 2128 2096
13 0 2128 2096 2128 2176
13 0 1952 2144 1952 2128
13 0 1952 2128 2144 2128
13 0 2144 2128 2144 2032
13 0 2128 2032 2176 2032
13 0 2128 2032 2144 2032
13 0 2144 2032 2176 2032
13 0 1584 2624 1584 2656
13 0 1584 2656 1600 2656
13 0 1600 2656 2144 2656
13 0 2144 2656 2144 2128
13 0 1584 2592 1424 2592
13 0 1584 2432 1584 2496
13 0 1584 2496 2128 2496
13 0 2128 2496 2128 2176
13 0 1584 2368 1520 2368
13 0 1584 2400 1392 2400
13 0 1584 2528 1568 2528
13 0 1568 2528 1552 2528
13 0 1552 2528 1552 2336
13 0 1584 2336 1552 2336
13 0 1552 2336 1552 2320
13 0 1552 2320 1760 2320
13 0 1760 2320 1760 2176
13 0 1952 2208 1952 2256
13 0 1952 2256 1520 2256
13 0 1520 2256 1392 2256
13 5 2176 2032 Qdin
13 7 2176 2032
13 5 2176 2032 Qdin
13 8 2176 2032 2
13 2 1552 1840 1584 1840
13 2 1728 1856 1776 1856
13 2 1584 1904 1760 1904
13 2 1600 1936 1776 1936
13 2 1520 2016 1600 2016
13 2 1744 2016 1760 2016
13 2 1760 2016 1952 2016
13 2 2096 2032 2144 2032
13 2 2144 2032 2176 2032
13 2 1584 2048 1600 2048
13 2 1952 2096 2128 2096
13 2 1600 2112 1760 2112
13 2 1952 2128 2144 2128
13 2 1392 2176 1584 2176
13 2 1584 2176 1600 2176
13 2 1744 2176 1760 2176
13 2 1760 2176 1952 2176
13 2 2096 2176 2128 2176
13 2 1552 2208 1600 2208
13 2 1392 2256 1520 2256
13 2 1520 2256 1952 2256
13 2 1552 2304 1952 2304
13 2 1552 2320 1760 2320
13 2 1552 2336 1584 2336
13 2 1520 2368 1584 2368
13 2 1392 2400 1584 2400
13 2 1728 2416 1808 2416
13 2 1760 2448 1808 2448
13 2 1584 2496 2128 2496
13 2 1552 2528 1584 2528
13 2 1520 2560 1584 2560
13 2 1728 2576 1760 2576
13 2 1424 2592 1584 2592
13 2 1584 2656 2144 2656
13 0 1520 2016 1520 2256
13 2 1520 2016 1520 2256
13 0 1520 2256 1520 2368
13 2 1520 2256 1520 2368
13 2 1520 2368 1520 2560
13 0 1552 1840 1552 2208
13 2 1552 1840 1552 2208
13 2 1552 2208 1552 2304
13 0 1552 2320 1552 2336
13 2 1552 2320 1552 2336
13 2 1552 2336 1552 2528
13 2 1584 1872 1584 1904
13 2 1584 2048 1584 2176
13 2 1584 2432 1584 2496
13 2 1584 2624 1584 2656
13 2 1600 1936 1600 1984
13 2 1600 2112 1600 2144
13 2 1728 2384 1728 2416
13 0 1760 1904 1760 2016
13 2 1760 1904 1760 2016
13 2 1760 2016 1760 2112
13 2 1760 2176 1760 2320
13 2 1760 2448 1760 2576
13 2 1776 1856 1776 1936
13 2 1952 2048 1952 2096
13 2 1952 2128 1952 2144
13 2 1952 2208 1952 2256
13 2 1952 2304 1952 2432
13 0 2128 2096 2128 2176
13 2 2128 2096 2128 2176
13 2 2128 2176 2128 2496
13 0 2144 2032 2144 2128
13 2 2144 2032 2144 2128
13 2 2144 2128 2144 2656
13 7 2176 2032
13 8 2176 2032 0
17 0 31
17 0 28
17 0 29
17 0 30
17 0 27
17 0 24
17 0 25
17 0 26
17 0 nd3 1904 1984 0
17 0 nd3 1552 1984 0
17 0 nd3 1552 1824 0
17 0 nd2 1904 1856 0
17 0 nd2 1536 1680 0
17 0 and2 1760 2256 0
17 0 nd4 1536 2176 0
17 0 nd4 1536 2368 0
13 0 1504 1728 1536 1728
13 0 1680 1744 1728 1744
13 0 1536 1792 1712 1792
13 0 1552 1824 1728 1824
13 0 1472 1904 1552 1904
13 0 1696 1904 1712 1904
13 0 1712 1904 1904 1904
13 0 2048 1920 2096 1920
13 0 2096 1920 2128 1920
13 0 1536 1936 1552 1936
13 0 1904 1984 2080 1984
13 0 1552 2000 1712 2000
13 0 1904 2016 2096 2016
13 0 1344 2064 1536 2064
13 0 1536 2064 1552 2064
13 0 1696 2064 1712 2064
13 0 1712 2064 1904 2064
13 0 2048 2064 2080 2064
13 0 1504 2096 1552 2096
13 0 1344 2144 1472 2144
13 0 1472 2144 1904 2144
13 0 1504 2192 1904 2192
13 0 1504 2208 1712 2208
13 0 1504 2224 1536 2224
13 0 1472 2256 1536 2256
13 0 1344 2288 1536 2288
13 0 1680 2304 1760 2304
13 0 1712 2336 1760 2336
13 0 1536 2384 2080 2384
13 0 1504 2416 1536 2416
13 0 1472 2448 1536 2448
13 0 1680 2464 1712 2464
13 0 1376 2480 1536 2480
13 0 1536 2544 2096 2544
13 0 1472 1904 1472 2144
13 0 1472 2144 1472 2256
13 0 1472 2256 1472 2448
13 0 1504 1728 1504 2096
13 0 1504 2096 1504 2192
13 0 1504 2208 1504 2224
13 0 1504 2224 1504 2416
13 0 1536 1760 1536 1792
13 0 1536 1936 1536 2064
13 0 1536 2320 1536 2384
13 0 1536 2512 1536 2544
13 0 1552 1824 1552 1872
13 0 1552 2000 1552 2032
13 0 1680 2272 1680 2304
13 0 1712 1792 1712 1904
13 0 1712 1904 1712 2000
13 0 1712 2064 1712 2208
13 0 1712 2336 1712 2464
13 0 1728 1744 1728 1824
13 0 1904 1936 1904 1984
13 0 1904 2016 1904 2032
13 0 1904 2096 1904 2144
13 0 1904 2192 1904 2320
13 0 2080 1984 2080 2064
13 0 2080 2064 2080 2384
13 0 2096 1920 2096 2016
13 0 2096 2016 2096 2544
13 5 2128 1920 Qdin
13 8 2176 2032 2
13 8 2128 1920 2
13 0 1344 2064 320 2064
13 0 320 2064 304 2064
13 0 1344 2288 528 2288
13 0 1344 2288 528 2288
13 2 528 2288 1344 2288
13 0 320 2064 304 2064
13 2 304 2064 320 2064
13 0 320 2064 304 2064
13 0 1344 2144 528 2144
13 0 1344 2288 1296 2288
13 0 1296 2288 1296 768
13 0 1296 768 1296 1456
13 0 1296 2288 1264 2288
13 0 1264 2288 1264 768
13 2 1264 768 1264 2288
17 0 and2 768 2128 0
17 0 or2 1024 2192 0
17 0 nr2 784 2384 0
17 0 xor2 1024 2416 0
13 0 672 2176 768 2176
13 0 672 2208 768 2208
13 0 912 2240 1024 2240
13 0 672 2272 1024 2272
13 0 1168 2272 1184 2272
13 0 1184 2272 1200 2272
13 0 1200 2272 1216 2272
13 0 672 2368 1152 2368
13 0 1152 2368 1216 2368
13 0 672 2432 784 2432
13 0 672 2464 784 2464
13 0 928 2464 1008 2464
13 0 672 2496 1008 2496
13 0 1168 2496 1216 2496
13 0 912 2192 912 2240
13 0 928 2448 928 2464
13 0 1152 2368 1152 2576
13 0 1168 2256 1168 2272
13 0 1168 2480 1168 2496
13 0 1184 2272 1184 2576
13 0 1216 2112 1216 2240
13 0 1216 2240 1216 2464
13 0 1216 2240 1216 2368
13 0 1216 2240 1216 2272
13 0 1216 2272 1216 2368
13 0 1216 2368 1216 2464
13 5 1200 2272 J
13 5 1216 2496 K
13 5 1216 2112 ENABLE
13 2 1216 2368 1216 2464
13 2 1216 2272 1216 2368
13 0 1216 2240 1216 2272
13 2 1216 2240 1216 2272
13 2 1216 2112 1216 2240
13 2 1184 2272 1184 2576
13 2 1168 2480 1168 2496
13 2 1168 2256 1168 2272
13 2 1152 2368 1152 2576
13 2 928 2448 928 2464
13 2 912 2192 912 2240
13 2 1168 2496 1216 2496
13 2 672 2496 1008 2496
13 2 928 2464 1008 2464
13 2 672 2464 784 2464
13 2 672 2432 784 2432
13 0 1152 2368 1216 2368
13 2 1152 2368 1216 2368
13 2 672 2368 1152 2368
13 2 1200 2272 1216 2272
13 0 1184 2272 1200 2272
13 2 1184 2272 1200 2272
13 2 1168 2272 1184 2272
13 2 672 2272 1024 2272
13 2 912 2240 1024 2240
13 2 672 2208 768 2208
13 2 672 2176 768 2176
13 7 1216 2496
13 7 1200 2272
17 0 35
17 0 34
17 0 33
17 0 32
17 0 and2 2592 1888 0
17 0 or2 2848 1952 0
17 0 nr2 2608 2144 0
17 0 xor2 2848 2176 0
13 0 2496 1936 2592 1936
13 0 2496 1968 2592 1968
13 0 2736 2000 2848 2000
13 0 2496 2032 2848 2032
13 0 2992 2032 3008 2032
13 0 3008 2032 3024 2032
13 0 3024 2032 3040 2032
13 0 2496 2128 2976 2128
13 0 2976 2128 3040 2128
13 0 2496 2192 2608 2192
13 0 2496 2224 2608 2224
13 0 2752 2224 2832 2224
13 0 2496 2256 2832 2256
13 0 2992 2256 3040 2256
13 0 2736 1952 2736 2000
13 0 2752 2208 2752 2224
13 0 2976 2128 2976 2336
13 0 2992 2016 2992 2032
13 0 2992 2240 2992 2256
13 0 3008 2032 3008 2336
13 0 3040 1872 3040 2000
13 0 3040 2000 3040 2224
13 0 3040 2000 3040 2128
13 0 3040 2000 3040 2032
13 0 3040 2032 3040 2128
13 0 3040 2128 3040 2224
13 5 3024 2032 J
13 5 3040 2256 K
13 5 3040 1872 ENABLE
13 2 3040 2128 3040 2224
13 2 3040 2032 3040 2128
13 0 3040 2000 3040 2032
13 2 3040 2000 3040 2032
13 2 3040 1872 3040 2000
13 2 3008 2032 3008 2336
13 2 2992 2240 2992 2256
13 2 2992 2016 2992 2032
13 2 2976 2128 2976 2336
13 2 2752 2208 2752 2224
13 2 2736 1952 2736 2000
13 2 2992 2256 3040 2256
13 2 2496 2256 2832 2256
13 2 2752 2224 2832 2224
13 2 2496 2224 2608 2224
13 2 2496 2192 2608 2192
13 0 2976 2128 3040 2128
13 2 2976 2128 3040 2128
13 2 2496 2128 2976 2128
13 2 3024 2032 3040 2032
13 0 3008 2032 3024 2032
13 2 3008 2032 3024 2032
13 2 2992 2032 3008 2032
13 2 2496 2032 2848 2032
13 2 2736 2000 2848 2000
13 2 2496 1968 2592 1968
13 2 2496 1936 2592 1936
13 7 3040 2256
13 7 3024 2032
17 0 35
17 0 34
17 0 33
17 0 32
17 0 and2 2688 1792 0
17 0 or2 2944 1856 0
17 0 nr2 2704 2048 0
17 0 xor2 2944 2080 0
13 0 2592 1840 2688 1840
13 0 2592 1872 2688 1872
13 0 2832 1904 2944 1904
13 0 2592 1936 2944 1936
13 0 3088 1936 3104 1936
13 0 3104 1936 3120 1936
13 0 3120 1936 3136 1936
13 0 2592 2032 3072 2032
13 0 3072 2032 3136 2032
13 0 2592 2096 2704 2096
13 0 2592 2128 2704 2128
13 0 2848 2128 2928 2128
13 0 2592 2160 2928 2160
13 0 3088 2160 3136 2160
13 0 2832 1856 2832 1904
13 0 2848 2112 2848 2128
13 0 3072 2032 3072 2240
13 0 3088 1920 3088 1936
13 0 3088 2144 3088 2160
13 0 3104 1936 3104 2240
13 0 3136 1776 3136 1904
13 0 3136 1904 3136 2128
13 0 3136 1904 3136 2032
13 0 3136 1904 3136 1936
13 0 3136 1936 3136 2032
13 0 3136 2032 3136 2128
13 5 3120 1936 J
13 5 3136 2160 K
13 5 3136 1776 ENABLE
13 2 3136 2032 3136 2128
13 2 3136 1936 3136 2032
13 0 3136 1904 3136 1936
13 2 3136 1904 3136 1936
13 2 3136 1776 3136 1904
13 2 3104 1936 3104 2240
13 2 3088 2144 3088 2160
13 2 3088 1920 3088 1936
13 2 3072 2032 3072 2240
13 2 2848 2112 2848 2128
13 2 2832 1856 2832 1904
13 2 3088 2160 3136 2160
13 2 2592 2160 2928 2160
13 2 2848 2128 2928 2128
13 2 2592 2128 2704 2128
13 2 2592 2096 2704 2096
13 0 3072 2032 3136 2032
13 2 3072 2032 3136 2032
13 2 2592 2032 3072 2032
13 2 3120 1936 3136 1936
13 0 3104 1936 3120 1936
13 2 3104 1936 3120 1936
13 2 3088 1936 3104 1936
13 2 2592 1936 2944 1936
13 2 2832 1904 2944 1904
13 2 2592 1872 2688 1872
13 2 2592 1840 2688 1840
13 7 3136 2160
13 7 3120 1936
17 0 35
17 0 34
17 0 33
17 0 32
17 0 and2 2656 1824 0
17 0 nr2 2672 2080 0
13 0 2576 1872 2656 1872
13 0 2576 1904 2656 1904
13 0 2800 1936 2912 1936
13 0 2576 1968 2912 1968
13 0 2576 2064 3040 2064
13 0 2576 2128 2672 2128
13 0 2576 2160 2672 2160
13 0 2816 2160 2896 2160
13 0 2576 2192 2896 2192
13 0 2800 1888 2800 1936
13 0 2816 2144 2816 2160
13 0 3040 2064 3040 2240
13 0 2880 2064 3040 2064
13 2 2880 2064 3040 2064
13 2 2576 2064 2880 2064
13 0 3040 2144 3040 2064
13 2 3040 2064 3040 2144
13 2 3040 2144 3040 2240
13 0 2784 2192 2896 2192
13 2 2784 2192 2896 2192
13 2 2576 2192 2784 2192
13 0 2800 1968 2912 1968
13 2 2800 1968 2912 1968
13 2 2576 1968 2800 1968
17 0 or2 2912 1888 0
17 0 xor2 2912 2112 0
17 0 or2 2576 1984 0
17 0 33
17 0 36
17 0 or2 2672 2080 0
13 2 2576 1872 2656 1872
13 2 2576 1904 2656 1904
13 2 2800 1936 2912 1936
13 2 2576 2128 2672 2128
13 2 2576 2160 2672 2160
13 2 2816 2160 2896 2160
13 2 2800 1888 2800 1936
13 2 2816 2144 2816 2160
17 0 36
17 0 35
17 0 34
17 0 32
17 0 or2 864 2416 0
17 0 xor2 1104 2448 0
17 0 or2 1104 2224 0
17 0 and2 848 2160 0
13 0 768 2208 848 2208
13 0 768 2240 848 2240
13 0 992 2272 1104 2272
13 0 768 2464 864 2464
13 0 768 2496 864 2496
13 0 1008 2496 1088 2496
13 0 992 2224 992 2272
13 0 1008 2480 1008 2496
13 2 1264 2288 1536 2288
13 0 1248 2288 1536 2288
13 0 1248 2512 1376 2512
13 0 1376 2512 1376 2480
13 0 768 2208 336 2208
13 0 768 2240 400 2240
13 0 768 2464 336 2464
13 0 768 2496 400 2496
13 0 1104 2304 464 2304
13 0 1088 2528 496 2528
