10 1 1
10 1 1
10 1 1
13 0 384 3968 384 5312
13 0 384 5312 368 5312
17 0 inv 464 4000 1
13 0 416 4000 384 4000
13 0 416 4096 416 5312
13 0 544 5232 544 5168
13 0 544 5168 592 5168
13 2 544 5168 592 5168
13 2 544 5168 544 5232
13 2 368 5312 384 5312
13 0 384 5280 384 5312
13 2 384 5280 384 5312
13 0 416 5280 416 5312
13 2 416 5280 416 5312
17 0 inv 560 4000 1
13 0 480 4000 512 4000
13 0 480 3968 480 4000
13 0 480 4000 480 5280
13 0 512 4096 512 5280
17 0 inv 656 4000 1
13 0 576 4000 608 4000
13 0 576 3968 576 4000
13 0 576 4000 576 5280
13 0 608 4096 608 5280
17 0 inv 752 4000 1
13 0 672 4000 704 4000
13 0 672 3968 672 4000
13 0 672 4000 672 5280
13 0 704 4096 704 5280
13 5 384 3968 B
13 5 480 3968 C
13 5 576 3968 D
13 7 576 3968
13 5 576 3968 E
13 5 672 3968 F
13 8 384 3968 1
13 8 480 3968 1
13 8 576 3968 1
13 8 672 3968 1
17 0 mux41 1744 4496 0
17 0 and2 928 4112 0
17 0 and3 928 4240 0
17 0 or2 1168 4176 0
17 0 61
17 0 and3 928 4224 0
13 0 1168 4256 1072 4256
13 0 1072 4256 1072 4304
13 0 1168 4224 1072 4224
13 0 1072 4224 1072 4176
17 0 and2 928 4384 0
17 0 and2 928 4512 0
17 0 or3 1168 4432 0
17 0 65
17 0 or2 1168 4448 0
17 0 and2 1360 4528 0
13 0 1168 4496 1072 4496
13 0 1072 4496 1072 4448
13 0 1168 4528 1072 4528
13 0 1072 4528 1072 4576
13 0 1360 4576 1360 4512
13 0 1360 4512 1312 4512
17 0 and2 928 4672 0
17 0 and2 928 4784 0
17 0 and3 928 4896 0
17 0 69
17 0 and3 928 4880 0
17 0 or3 1152 4768 0
17 0 and2 1328 4880 0
13 0 1152 4816 1152 4736
13 0 1152 4736 1072 4736
13 0 1152 4848 1072 4848
13 0 1152 4880 1152 4960
13 0 1152 4960 1072 4960
13 0 1328 4928 1328 4848
13 0 1328 4848 1296 4848
17 0 and2 928 5040 0
17 0 and2 928 5152 0
17 0 or2 1120 5088 0
17 0 72
17 0 and2 928 5024 0
13 0 1120 5136 1120 5088
13 0 1120 5088 1072 5088
13 0 1120 5168 1120 5216
13 0 1120 5216 1072 5216
13 2 1072 5216 1120 5216
17 0 73
17 0 and2 928 5136 0
13 0 1072 5200 1072 5216
13 0 1072 5216 1120 5216
13 0 1104 5216 1120 5216
13 2 1104 5216 1120 5216
13 2 1072 5216 1104 5216
13 0 1104 5200 1072 5200
13 0 1072 5200 1072 5216
13 0 1104 5200 1120 5200
13 0 1120 5200 1120 5216
13 2 1120 5200 1120 5216
13 2 1072 5200 1072 5216
17 0 and3 1312 5136 0
13 0 1312 5184 1264 5184
13 0 1264 5184 1264 5152
13 2 1264 5152 1264 5184
13 2 1264 5184 1312 5184
13 0 1264 5152 1312 5152
13 0 1312 5152 1312 5184
13 2 1312 5152 1312 5184
17 0 75
17 0 and3 1328 5136 0
13 0 1328 5184 1312 5184
13 0 1312 5152 1312 5184
17 0 or2 1520 5024 0
13 0 1520 5072 1520 4944
13 0 1520 4944 1472 4944
13 0 1520 5104 1520 5216
13 0 1520 5216 1472 5216
13 2 1072 4224 1168 4224
13 2 1072 4256 1168 4256
13 2 1072 4496 1168 4496
13 2 1312 4512 1360 4512
13 2 1072 4528 1168 4528
13 2 1072 4736 1152 4736
13 2 1072 4848 1152 4848
13 2 1296 4848 1328 4848
13 2 1472 4944 1520 4944
13 2 1072 4960 1152 4960
13 2 1072 5088 1120 5088
13 2 1264 5152 1312 5152
13 2 1312 5184 1328 5184
13 2 1072 5200 1120 5200
13 2 1472 5216 1520 5216
13 2 1072 4176 1072 4224
13 2 1072 4256 1072 4304
13 2 1072 4448 1072 4496
13 2 1072 4528 1072 4576
13 2 1120 5088 1120 5136
13 2 1120 5168 1120 5200
13 2 1152 4736 1152 4816
13 2 1152 4880 1152 4960
13 2 1312 5152 1312 5184
13 2 1328 4848 1328 4928
13 2 1360 4512 1360 4576
13 2 1520 4944 1520 5072
13 2 1520 5104 1520 5216
17 0 76
17 0 75
17 0 74
17 0 73
17 0 72
17 0 71
17 0 70
17 0 69
17 0 68
17 0 67
17 0 66
17 0 65
17 0 64
17 0 63
17 0 62
17 0 61
17 0 60
17 0 or2 1488 4816 0
17 0 and3 1296 4928 0
17 0 or2 1088 4880 0
17 0 and2 896 4928 0
17 0 and2 896 4816 0
17 0 and2 1296 4672 0
17 0 or3 1120 4560 0
17 0 and3 896 4672 0
17 0 and2 896 4576 0
17 0 and2 896 4464 0
17 0 and2 1328 4320 0
17 0 or2 1136 4240 0
17 0 and2 896 4304 0
17 0 and2 896 4176 0
17 0 or2 1136 3968 0
17 0 and3 896 4016 0
17 0 and2 896 3904 0
13 0 1040 4016 1136 4016
13 0 1040 4048 1136 4048
13 0 1040 4288 1136 4288
13 0 1280 4304 1328 4304
13 0 1040 4320 1136 4320
13 0 1040 4528 1120 4528
13 0 1040 4640 1120 4640
13 0 1264 4640 1296 4640
13 0 1440 4736 1488 4736
13 0 1040 4752 1120 4752
13 0 1040 4880 1088 4880
13 0 1232 4944 1280 4944
13 0 1280 4976 1296 4976
13 0 1040 4992 1088 4992
13 0 1440 5008 1488 5008
13 0 1040 3968 1040 4016
13 0 1040 4048 1040 4096
13 0 1040 4240 1040 4288
13 0 1040 4320 1040 4368
13 0 1088 4880 1088 4928
13 0 1088 4960 1088 4992
13 0 1120 4528 1120 4608
13 0 1120 4672 1120 4752
13 0 1280 4944 1280 4976
13 0 1296 4640 1296 4720
13 0 1328 4304 1328 4368
13 0 1488 4736 1488 4864
13 0 1488 4896 1488 5008
17 0 and3 896 5088 0
13 2 384 4000 416 4000
13 2 480 4000 512 4000
13 2 576 4000 608 4000
13 2 672 4000 704 4000
13 0 384 3968 384 4000
13 2 384 3968 384 4000
13 2 384 4000 384 5280
13 2 416 4096 416 5280
13 0 480 3968 480 4000
13 2 480 3968 480 4000
13 2 480 4000 480 5280
13 2 512 4096 512 5280
13 0 576 3968 576 4000
13 2 576 3968 576 4000
13 2 576 4000 576 5280
13 2 608 4096 608 5280
13 0 672 3968 672 4000
13 2 672 3968 672 4000
13 2 672 4000 672 5280
13 2 704 4096 704 5280
13 7 384 3968
13 8 384 3968 0
13 7 480 3968
13 8 480 3968 0
13 7 576 3968
13 8 576 3968 0
13 7 672 3968
13 8 672 3968 0
17 0 58
17 0 57
17 0 27
17 0 21
17 0 inv 688 3952 1
17 0 inv 592 3952 1
17 0 inv 496 3952 1
17 0 inv 400 3952 1
13 0 320 3952 352 3952
13 0 416 3952 448 3952
13 0 512 3952 544 3952
13 0 608 3952 640 3952
13 0 320 3920 320 3952
13 0 320 3952 320 5232
13 0 352 4048 352 5232
13 0 416 3920 416 3952
13 0 416 3952 416 5232
13 0 448 4048 448 5232
13 0 512 3920 512 3952
13 0 512 3952 512 5232
13 0 544 4048 544 5232
13 0 608 3920 608 3952
13 0 608 3952 608 5232
13 0 640 4048 640 5232
13 5 320 3920 B
13 5 416 3920 C
13 5 512 3920 E
13 5 608 3920 F
13 8 384 3968 1
13 8 480 3968 1
13 8 576 3968 1
13 8 672 3968 1
13 8 320 3920 1
13 8 416 3920 1
13 8 512 3920 1
13 8 608 3920 1
13 2 1040 4016 1136 4016
13 2 1040 4048 1136 4048
13 2 1040 4288 1136 4288
13 2 1280 4304 1328 4304
13 2 1040 4320 1136 4320
13 2 1040 4528 1120 4528
13 2 1040 4640 1120 4640
13 2 1264 4640 1296 4640
13 2 1440 4736 1488 4736
13 2 1040 4752 1120 4752
13 2 1040 4880 1088 4880
13 2 1232 4944 1280 4944
13 2 1280 4976 1296 4976
13 2 1040 4992 1088 4992
13 2 1440 5008 1488 5008
13 2 1040 3968 1040 4016
13 2 1040 4048 1040 4096
13 2 1040 4240 1040 4288
13 2 1040 4320 1040 4368
13 2 1088 4880 1088 4928
13 2 1088 4960 1088 4992
13 2 1120 4528 1120 4608
13 2 1120 4672 1120 4752
13 2 1280 4944 1280 4976
13 2 1296 4640 1296 4720
13 2 1328 4304 1328 4368
13 2 1488 4736 1488 4864
13 2 1488 4896 1488 5008
17 0 77
17 0 60
17 0 61
17 0 62
17 0 63
17 0 64
17 0 65
17 0 66
17 0 67
17 0 68
17 0 69
17 0 70
17 0 71
17 0 72
17 0 73
17 0 74
17 0 75
17 0 76
17 0 and3 864 5136 0
17 0 or2 1456 4864 0
17 0 and3 1264 4976 0
17 0 or2 1056 4928 0
17 0 and2 864 4976 0
17 0 and2 864 4864 0
17 0 and2 1264 4720 0
17 0 or3 1088 4608 0
17 0 and3 864 4720 0
17 0 and2 864 4624 0
17 0 and2 864 4512 0
17 0 and2 1296 4368 0
17 0 or2 1104 4288 0
17 0 and2 864 4352 0
17 0 and2 864 4224 0
17 0 or2 1104 4016 0
17 0 and3 864 4064 0
17 0 and2 864 3952 0
13 0 1008 4064 1104 4064
13 0 1008 4096 1104 4096
13 0 1008 4336 1104 4336
13 0 1248 4352 1296 4352
13 0 1008 4368 1104 4368
13 0 1008 4576 1088 4576
13 0 1008 4688 1088 4688
13 0 1232 4688 1264 4688
13 0 1408 4784 1456 4784
13 0 1008 4800 1088 4800
13 0 1008 4928 1056 4928
13 0 1200 4992 1248 4992
13 0 1248 5024 1264 5024
13 0 1008 5040 1056 5040
13 0 1408 5056 1456 5056
13 0 1008 4016 1008 4064
13 0 1008 4096 1008 4144
13 0 1008 4288 1008 4336
13 0 1008 4368 1008 4416
13 0 1056 4928 1056 4976
13 0 1056 5008 1056 5040
13 0 1088 4576 1088 4656
13 0 1088 4720 1088 4800
13 0 1248 4992 1248 5024
13 0 1264 4688 1264 4768
13 0 1296 4352 1296 4416
13 0 1456 4784 1456 4912
13 0 1456 4944 1456 5056
13 2 368 2208 416 2208
13 2 448 2208 496 2208
13 2 528 2208 576 2208
13 2 608 2208 656 2208
13 2 688 2208 736 2208
13 2 768 2208 816 2208
13 2 576 2320 1008 2320
13 2 656 2352 1008 2352
13 2 1152 2400 1232 2400
13 2 1152 2432 1232 2432
13 2 528 2464 1008 2464
13 2 1376 2464 1424 2464
13 2 608 2496 1008 2496
13 2 1184 2496 1424 2496
13 2 1568 2496 1728 2496
13 2 688 2528 1008 2528
13 2 1216 2528 1424 2528
13 2 416 2560 1184 2560
13 2 496 2576 1216 2576
13 2 448 2592 1008 2592
13 2 528 2624 1008 2624
13 2 656 2656 1008 2656
13 2 688 2688 1008 2688
13 2 1152 2704 1232 2704
13 2 1152 2736 1232 2736
13 2 496 2752 1008 2752
13 2 1376 2768 1424 2768
13 2 576 2784 1008 2784
13 2 608 2816 1008 2816
13 2 816 2848 1008 2848
13 2 416 2880 1424 2880
13 2 448 2912 1008 2912
13 2 608 2944 1008 2944
13 2 816 2976 1008 2976
13 2 1152 3008 1232 3008
13 2 1152 3040 1232 3040
13 2 496 3072 1008 3072
13 2 1376 3072 1424 3072
13 2 1568 3072 1728 3072
13 2 656 3104 1008 3104
13 2 1216 3104 1424 3104
13 2 1568 3104 1728 3104
13 2 1872 3104 1936 3104
13 2 688 3136 1008 3136
13 2 1264 3136 1424 3136
13 2 1568 3136 1728 3136
13 2 368 3168 1216 3168
13 2 528 3184 1264 3184
13 2 368 3216 1008 3216
13 2 688 3248 1008 3248
13 2 816 3280 1008 3280
13 2 1152 3312 1232 3312
13 2 1152 3344 1232 3344
13 2 576 3376 1008 3376
13 2 1376 3376 1424 3376
13 2 736 3408 1008 3408
13 2 1200 3408 1424 3408
13 2 768 3440 1008 3440
13 2 1248 3440 1424 3440
13 2 496 3472 1200 3472
13 2 656 3504 1248 3504
13 2 576 3552 1008 3552
13 2 688 3584 1008 3584
13 2 1152 3616 1216 3616
13 2 1152 3648 1216 3648
13 2 1360 3664 1424 3664
13 2 528 3680 1008 3680
13 2 1184 3696 1424 3696
13 2 736 3712 1008 3712
13 2 1216 3728 1424 3728
13 2 1568 3728 1728 3728
13 2 1248 3760 1424 3760
13 2 368 3776 1184 3776
13 2 448 3792 1216 3792
13 2 1280 3792 1424 3792
13 2 656 3824 1248 3824
13 2 768 3856 1280 3856
13 0 368 2176 368 2208
13 2 368 2176 368 2208
13 0 368 2208 368 3168
13 2 368 2208 368 3168
13 0 368 3168 368 3216
13 2 368 3168 368 3216
13 2 368 3216 368 3776
13 0 416 2304 416 2560
13 2 416 2304 416 2560
13 2 416 2560 416 2880
13 0 448 2176 448 2208
13 2 448 2176 448 2208
13 0 448 2208 448 2592
13 2 448 2208 448 2592
13 0 448 2592 448 2912
13 2 448 2592 448 2912
13 2 448 2912 448 3792
13 0 496 2304 496 2576
13 2 496 2304 496 2576
13 0 496 2576 496 2752
13 2 496 2576 496 2752
13 0 496 2752 496 3072
13 2 496 2752 496 3072
13 2 496 3072 496 3472
13 0 528 2176 528 2208
13 2 528 2176 528 2208
13 0 528 2208 528 2464
13 2 528 2208 528 2464
13 0 528 2464 528 2624
13 2 528 2464 528 2624
13 0 528 2624 528 3184
13 2 528 2624 528 3184
13 2 528 3184 528 3680
13 0 576 2304 576 2320
13 2 576 2304 576 2320
13 0 576 2320 576 2784
13 2 576 2320 576 2784
13 0 576 2784 576 3376
13 2 576 2784 576 3376
13 2 576 3376 576 3552
13 0 608 2176 608 2208
13 2 608 2176 608 2208
13 0 608 2208 608 2496
13 2 608 2208 608 2496
13 0 608 2496 608 2816
13 2 608 2496 608 2816
13 2 608 2816 608 2944
13 0 656 2304 656 2352
13 2 656 2304 656 2352
13 0 656 2352 656 2656
13 2 656 2352 656 2656
13 0 656 2656 656 3104
13 2 656 2656 656 3104
13 0 656 3104 656 3504
13 2 656 3104 656 3504
13 2 656 3504 656 3824
13 0 688 2176 688 2208
13 2 688 2176 688 2208
13 0 688 2208 688 2528
13 2 688 2208 688 2528
13 0 688 2528 688 2688
13 2 688 2528 688 2688
13 0 688 2688 688 3136
13 2 688 2688 688 3136
13 0 688 3136 688 3248
13 2 688 3136 688 3248
13 2 688 3248 688 3584
13 0 736 2304 736 3408
13 2 736 2304 736 3408
13 2 736 3408 736 3712
13 0 768 2176 768 2208
13 2 768 2176 768 2208
13 0 768 2208 768 3440
13 2 768 2208 768 3440
13 2 768 3440 768 3856
13 0 816 2304 816 2848
13 2 816 2304 816 2848
13 0 816 2848 816 2976
13 2 816 2848 816 2976
13 2 816 2976 816 3280
13 2 1152 2336 1152 2400
13 2 1152 2432 1152 2496
13 2 1152 2640 1152 2704
13 2 1152 2736 1152 2800
13 2 1152 2944 1152 3008
13 2 1152 3040 1152 3104
13 2 1152 3248 1152 3312
13 2 1152 3344 1152 3408
13 2 1152 3568 1152 3616
13 2 1152 3648 1152 3696
13 2 1184 2496 1184 2560
13 2 1184 3696 1184 3776
13 2 1200 3408 1200 3472
13 2 1216 2528 1216 2576
13 2 1216 3104 1216 3168
13 2 1216 3728 1216 3792
13 2 1248 3440 1248 3504
13 2 1248 3760 1248 3824
13 2 1264 3136 1264 3184
13 2 1280 3792 1280 3856
13 2 1360 3632 1360 3664
13 2 1376 2416 1376 2464
13 2 1376 2720 1376 2768
13 2 1376 3024 1376 3072
13 2 1376 3328 1376 3376
13 2 1424 2800 1424 2880
13 2 1568 2784 1568 3072
13 2 1568 3136 1568 3408
13 2 1728 2496 1728 3040
13 2 1728 3168 1728 3728
13 7 1936 3104
13 8 1936 3104 0
13 7 368 2176
13 8 368 2176 0
13 7 448 2176
13 8 448 2176 0
13 7 528 2176
13 8 528 2176 0
13 7 608 2176
13 8 608 2176 0
13 7 688 2176
13 8 688 2176 0
13 7 768 2176
13 8 768 2176 0
17 0 28
17 0 29
17 0 30
17 0 31
17 0 32
17 0 33
17 0 9
17 0 10
17 0 7
17 0 13
17 0 16
17 0 20
17 0 55
17 0 25
17 0 26
17 0 14
17 0 11
17 0 17
17 0 15
17 0 18
17 0 23
17 0 24
17 0 19
17 0 22
17 0 12
17 0 8
17 0 56
17 0 inv 848 2112 1
17 0 inv 768 2112 1
17 0 inv 688 2112 1
17 0 inv 608 2112 1
17 0 inv 528 2112 1
17 0 inv 448 2112 1
17 0 nd2 992 2176 0
17 0 nd2 1216 2560 0
17 0 nd2 1216 2864 0
17 0 nd2 1408 2624 0
17 0 nd2 1216 2256 0
17 0 nd2 1216 3168 0
17 0 nd2 992 3408 0
17 0 nd2 992 3536 0
17 0 nd2 1200 3472 0
17 0 nd3 992 2320 0
17 0 nd3 1408 2320 0
17 0 nd3 992 2768 0
17 0 nd3 992 2928 0
17 0 nd3 1408 2928 0
17 0 nd3 992 3072 0
17 0 nd3 992 3232 0
17 0 nd3 1408 3232 0
17 0 nd4 992 2448 0
17 0 nd4 992 2608 0
17 0 nd5 1408 3520 0
17 0 nd5 1712 2896 0
13 0 352 2112 400 2112
13 0 432 2112 480 2112
13 0 512 2112 560 2112
13 0 592 2112 640 2112
13 0 672 2112 720 2112
13 0 752 2112 800 2112
13 0 560 2224 992 2224
13 0 640 2256 992 2256
13 0 1136 2304 1216 2304
13 0 1136 2336 1216 2336
13 0 512 2368 992 2368
13 0 1360 2368 1408 2368
13 0 592 2400 992 2400
13 0 1168 2400 1408 2400
13 0 1552 2400 1712 2400
13 0 672 2432 992 2432
13 0 1200 2432 1408 2432
13 0 400 2464 1168 2464
13 0 480 2480 1200 2480
13 0 432 2496 992 2496
13 0 512 2528 992 2528
13 0 640 2560 992 2560
13 0 672 2592 992 2592
13 0 1136 2608 1216 2608
13 0 1136 2640 1216 2640
13 0 480 2656 992 2656
13 0 1360 2672 1408 2672
13 0 560 2688 992 2688
13 0 592 2720 992 2720
13 0 800 2752 992 2752
13 0 400 2784 1408 2784
13 0 432 2816 992 2816
13 0 592 2848 992 2848
13 0 800 2880 992 2880
13 0 1136 2912 1216 2912
13 0 1136 2944 1216 2944
13 0 480 2976 992 2976
13 0 1360 2976 1408 2976
13 0 1552 2976 1712 2976
13 0 640 3008 992 3008
13 0 1200 3008 1408 3008
13 0 1552 3008 1712 3008
13 0 1856 3008 1920 3008
13 0 672 3040 992 3040
13 0 1248 3040 1408 3040
13 0 1552 3040 1712 3040
13 0 352 3072 1200 3072
13 0 512 3088 1248 3088
13 0 352 3120 992 3120
13 0 672 3152 992 3152
13 0 800 3184 992 3184
13 0 1136 3216 1216 3216
13 0 1136 3248 1216 3248
13 0 560 3280 992 3280
13 0 1360 3280 1408 3280
13 0 720 3312 992 3312
13 0 1184 3312 1408 3312
13 0 752 3344 992 3344
13 0 1232 3344 1408 3344
13 0 480 3376 1184 3376
13 0 640 3408 1232 3408
13 0 560 3456 992 3456
13 0 672 3488 992 3488
13 0 1136 3520 1200 3520
13 0 1136 3552 1200 3552
13 0 1344 3568 1408 3568
13 0 512 3584 992 3584
13 0 1168 3600 1408 3600
13 0 720 3616 992 3616
13 0 1200 3632 1408 3632
13 0 1552 3632 1712 3632
13 0 1232 3664 1408 3664
13 0 352 3680 1168 3680
13 0 432 3696 1200 3696
13 0 1264 3696 1408 3696
13 0 640 3728 1232 3728
13 0 752 3760 1264 3760
13 0 352 2080 352 2112
13 0 352 2112 352 3072
13 0 352 3072 352 3120
13 0 352 3120 352 3680
13 0 400 2208 400 2464
13 0 400 2464 400 2784
13 0 432 2080 432 2112
13 0 432 2112 432 2496
13 0 432 2496 432 2816
13 0 432 2816 432 3696
13 0 480 2208 480 2480
13 0 480 2480 480 2656
13 0 480 2656 480 2976
13 0 480 2976 480 3376
13 0 512 2080 512 2112
13 0 512 2112 512 2368
13 0 512 2368 512 2528
13 0 512 2528 512 3088
13 0 512 3088 512 3584
13 0 560 2208 560 2224
13 0 560 2224 560 2688
13 0 560 2688 560 3280
13 0 560 3280 560 3456
13 0 592 2080 592 2112
13 0 592 2112 592 2400
13 0 592 2400 592 2720
13 0 592 2720 592 2848
13 0 640 2208 640 2256
13 0 640 2256 640 2560
13 0 640 2560 640 3008
13 0 640 3008 640 3408
13 0 640 3408 640 3728
13 0 672 2080 672 2112
13 0 672 2112 672 2432
13 0 672 2432 672 2592
13 0 672 2592 672 3040
13 0 672 3040 672 3152
13 0 672 3152 672 3488
13 0 720 2208 720 3312
13 0 720 3312 720 3616
13 0 752 2080 752 2112
13 0 752 2112 752 3344
13 0 752 3344 752 3760
13 0 800 2208 800 2752
13 0 800 2752 800 2880
13 0 800 2880 800 3184
13 0 1136 2240 1136 2304
13 0 1136 2336 1136 2400
13 0 1136 2544 1136 2608
13 0 1136 2640 1136 2704
13 0 1136 2848 1136 2912
13 0 1136 2944 1136 3008
13 0 1136 3152 1136 3216
13 0 1136 3248 1136 3312
13 0 1136 3472 1136 3520
13 0 1136 3552 1136 3600
13 0 1168 2400 1168 2464
13 0 1168 3600 1168 3680
13 0 1184 3312 1184 3376
13 0 1200 2432 1200 2480
13 0 1200 3008 1200 3072
13 0 1200 3632 1200 3696
13 0 1232 3344 1232 3408
13 0 1232 3664 1232 3728
13 0 1248 3040 1248 3088
13 0 1264 3696 1264 3760
13 0 1344 3536 1344 3568
13 0 1360 2320 1360 2368
13 0 1360 2624 1360 2672
13 0 1360 2928 1360 2976
13 0 1360 3232 1360 3280
13 0 1408 2704 1408 2784
13 0 1552 2688 1552 2976
13 0 1552 3040 1552 3312
13 0 1712 2400 1712 2944
13 0 1712 3072 1712 3632
13 5 1920 3008 Out2
13 5 352 2080 A
13 5 432 2080 B
13 5 512 2080 C
13 5 592 2080 D
13 5 672 2080 E
13 5 752 2080 F
13 8 1936 3104 2
13 8 368 2176 1
13 8 448 2176 1
13 8 528 2176 1
13 8 608 2176 1
13 8 688 2176 1
13 8 768 2176 1
13 8 1920 3008 2
13 8 352 2080 1
13 8 432 2080 1
13 8 512 2080 1
13 8 592 2080 1
13 8 672 2080 1
13 8 752 2080 1
13 2 320 3952 352 3952
13 2 416 3952 448 3952
13 2 512 3952 544 3952
13 2 608 3952 640 3952
13 0 320 3920 320 3952
13 2 320 3920 320 3952
13 2 320 3952 320 5232
13 2 352 4048 352 5232
13 0 416 3920 416 3952
13 2 416 3920 416 3952
13 2 416 3952 416 5232
13 2 448 4048 448 5232
13 0 512 3920 512 3952
13 2 512 3920 512 3952
13 2 512 3952 512 5232
13 2 544 4048 544 5232
13 0 608 3920 608 3952
13 2 608 3920 608 3952
13 2 608 3952 608 5232
13 2 640 4048 640 5232
13 7 320 3920
13 8 320 3920 0
13 7 416 3920
13 8 416 3920 0
13 7 512 3920
13 8 512 3920 0
13 7 608 3920
13 8 608 3920 0
17 0 21
17 0 27
17 0 57
17 0 58
17 0 inv 688 3856 1
17 0 inv 592 3856 1
17 0 inv 496 3856 1
17 0 inv 400 3856 1
13 0 320 3856 352 3856
13 0 416 3856 448 3856
13 0 512 3856 544 3856
13 0 608 3856 640 3856
13 0 320 3824 320 3856
13 0 320 3856 320 5136
13 0 352 3952 352 5136
13 0 416 3824 416 3856
13 0 416 3856 416 5136
13 0 448 3952 448 5136
13 0 512 3824 512 3856
13 0 512 3856 512 5136
13 0 544 3952 544 5136
13 0 608 3824 608 3856
13 0 608 3856 608 5136
13 0 640 3952 640 5136
13 5 320 3824 B
13 5 416 3824 C
13 5 512 3824 E
13 5 608 3824 F
13 8 320 3920 1
13 8 416 3920 1
13 8 512 3920 1
13 8 608 3920 1
13 8 320 3824 1
13 8 416 3824 1
13 8 512 3824 1
13 8 608 3824 1
13 0 640 5136 640 5216
13 0 608 5136 608 5312
13 0 640 5216 640 5328
13 0 544 5136 544 5312
13 0 512 5136 512 5312
13 0 448 5136 448 5312
13 0 416 5136 416 5312
13 0 352 5136 352 5312
13 0 320 5136 320 5328
13 0 320 5312 320 5328
13 2 320 5312 320 5328
13 0 640 5312 640 5328
13 2 640 5312 640 5328
13 0 864 4000 352 4000
13 0 864 4032 448 4032
13 0 864 4112 320 4112
13 0 864 4144 416 4144
13 0 864 4176 512 4176
13 0 864 4272 448 4272
13 0 864 4320 640 4320
13 2 640 4320 864 4320
13 0 864 4304 640 4304
13 0 864 4400 416 4400
13 0 864 4432 512 4432
13 0 1296 4448 1296 4496
13 0 1296 4496 1264 4496
13 0 1264 4496 352 4496
13 0 864 4560 416 4560
13 0 864 4592 512 4592
13 0 864 4672 512 4672
13 0 864 4704 640 4704
13 0 864 4768 448 4768
13 0 864 4800 544 4800
13 0 864 4832 608 4832
13 0 1264 4800 1264 4880
13 0 1264 4880 1184 4880
13 0 1184 4880 352 4880
13 0 864 4912 416 4912
13 0 864 4944 544 4944
13 0 864 5024 448 5024
13 0 864 5056 512 5056
13 0 864 5184 320 5184
13 0 864 5216 416 5216
13 0 864 5248 640 5248
17 0 59
17 0 mux41 1744 4512 0
13 0 1248 4080 1744 4080
13 0 1744 4080 1744 4560
13 0 1744 4592 1440 4592
13 0 1440 4592 1440 4432
13 0 1600 4928 1600 4624
13 0 1600 4624 1744 4624
13 0 1744 4656 1648 4656
13 0 1648 4656 1648 4736
13 0 1008 5216 1648 5216
13 0 1648 5216 1648 4736
13 0 320 5264 320 5184
13 2 320 5184 320 5264
13 2 320 5264 320 5312
13 0 320 5264 320 5312
13 0 320 5264 320 5184
13 0 320 5264 320 5184
13 2 320 5184 320 5264
13 2 320 5264 320 5312
13 0 352 5264 352 4880
13 2 352 4880 352 5264
13 2 352 5264 352 5312
13 0 416 5264 416 5216
13 2 416 5216 416 5264
13 2 416 5264 416 5312
13 0 448 5280 448 5024
13 2 448 5024 448 5280
13 2 448 5280 448 5312
13 0 512 5280 512 5056
13 2 512 5056 512 5280
13 2 512 5280 512 5312
13 0 544 5280 544 4944
13 2 544 4944 544 5280
13 2 544 5280 544 5312
13 0 608 5280 608 4832
13 2 608 4832 608 5280
13 2 608 5280 608 5312
13 0 640 5280 640 5248
13 2 640 5248 640 5280
13 2 640 5280 640 5312
13 5 1744 4704 D
13 5 1744 4704 D
13 0 1744 4704 1728 4704
13 0 1744 4736 1728 4736
13 0 1936 4608 1968 4608
13 5 1728 4704 D
13 5 1728 4736 A
13 8 1728 4704 1
13 8 1728 4736 1
13 5 1968 4608 Out3
13 8 1968 4608 2
17 0 and3 3200 4784 0
17 0 or2 3792 4512 0
17 0 and3 3600 4624 0
17 0 or2 3392 4576 0
17 0 and2 3200 4624 0
17 0 and2 3200 4512 0
17 0 and2 3600 4368 0
17 0 or3 3424 4256 0
17 0 and3 3200 4368 0
17 0 and2 3200 4272 0
17 0 and2 3200 4160 0
17 0 and2 3632 4016 0
17 0 or2 3440 3936 0
17 0 and2 3200 4000 0
17 0 and2 3200 3872 0
17 0 or2 3440 3664 0
17 0 and3 3200 3712 0
17 0 and2 3200 3600 0
17 0 mux41 4080 4160 0
17 0 inv 3024 3504 1
17 0 inv 2928 3504 1
17 0 inv 2832 3504 1
17 0 inv 2736 3504 1
13 0 2656 3504 2688 3504
13 0 2752 3504 2784 3504
13 0 2848 3504 2880 3504
13 0 2944 3504 2976 3504
13 0 2688 3648 3200 3648
13 0 2784 3680 3200 3680
13 0 3344 3712 3440 3712
13 0 3584 3728 4080 3728
13 0 3344 3744 3440 3744
13 0 2656 3760 3200 3760
13 0 2752 3792 3200 3792
13 0 2848 3824 3200 3824
13 0 2784 3920 3200 3920
13 0 2976 3952 3200 3952
13 0 3344 3984 3440 3984
13 0 3584 4000 3632 4000
13 0 3344 4016 3440 4016
13 0 2752 4048 3200 4048
13 0 2848 4080 3200 4080
13 0 2688 4144 3632 4144
13 0 2752 4208 3200 4208
13 0 3344 4224 3424 4224
13 0 2848 4240 3200 4240
13 0 3776 4240 4080 4240
13 0 4272 4256 4304 4256
13 0 3936 4272 4080 4272
13 0 3984 4304 4080 4304
13 0 2848 4320 3200 4320
13 0 3344 4336 3424 4336
13 0 3568 4336 3600 4336
13 0 2976 4352 3200 4352
13 0 4064 4352 4080 4352
13 0 4064 4384 4080 4384
13 0 2784 4416 3200 4416
13 0 3744 4432 3792 4432
13 0 2880 4448 3200 4448
13 0 3344 4448 3424 4448
13 0 2944 4480 3200 4480
13 0 2688 4528 3600 4528
13 0 2752 4560 3200 4560
13 0 3344 4576 3392 4576
13 0 2880 4592 3200 4592
13 0 3536 4640 3584 4640
13 0 2784 4672 3200 4672
13 0 3584 4672 3600 4672
13 0 3344 4688 3392 4688
13 0 2848 4704 3200 4704
13 0 3744 4704 3792 4704
13 0 2656 4832 3200 4832
13 0 2752 4864 3200 4864
13 0 3344 4864 3984 4864
13 0 2976 4896 3200 4896
13 0 2656 3472 2656 3504
13 0 2656 3504 2656 3760
13 0 2656 3760 2656 4832
13 0 2688 3600 2688 3648
13 0 2688 3648 2688 4144
13 0 2688 4144 2688 4528
13 0 2752 3472 2752 3504
13 0 2752 3504 2752 3792
13 0 2752 3792 2752 4048
13 0 2752 4048 2752 4208
13 0 2752 4208 2752 4560
13 0 2752 4560 2752 4864
13 0 2784 3600 2784 3680
13 0 2784 3680 2784 3920
13 0 2784 3920 2784 4416
13 0 2784 4416 2784 4672
13 0 2848 3472 2848 3504
13 0 2848 3504 2848 3824
13 0 2848 3824 2848 4080
13 0 2848 4080 2848 4240
13 0 2848 4240 2848 4320
13 0 2848 4320 2848 4704
13 0 2880 3600 2880 4448
13 0 2880 4448 2880 4592
13 0 2944 3472 2944 3504
13 0 2944 3504 2944 4480
13 0 2976 3600 2976 3952
13 0 2976 3952 2976 4352
13 0 2976 4352 2976 4896
13 0 3344 3664 3344 3712
13 0 3344 3744 3344 3792
13 0 3344 3936 3344 3984
13 0 3344 4016 3344 4064
13 0 3392 4576 3392 4624
13 0 3392 4656 3392 4688
13 0 3424 4224 3424 4304
13 0 3424 4368 3424 4448
13 0 3584 4640 3584 4672
13 0 3600 4336 3600 4416
13 0 3600 4448 3600 4528
13 0 3632 4000 3632 4064
13 0 3632 4096 3632 4144
13 0 3776 4080 3776 4240
13 0 3792 4432 3792 4560
13 0 3792 4592 3792 4704
13 0 3936 4272 3936 4576
13 0 3984 4304 3984 4864
13 0 4080 3728 4080 4208
13 5 4304 4256 Out3
13 5 4064 4352 D
13 5 4064 4384 A
13 5 2656 3472 B
13 5 2752 3472 C
13 5 2848 3472 E
13 5 2944 3472 F
13 8 4304 4256 2
13 8 4064 4352 1
13 8 4064 4384 1
13 8 2656 3472 1
13 8 2752 3472 1
13 8 2848 3472 1
13 8 2944 3472 1
13 2 4080 3728 4080 4208
13 2 3984 4304 3984 4864
13 2 3936 4272 3936 4576
13 2 3792 4592 3792 4704
13 2 3792 4432 3792 4560
13 2 3776 4080 3776 4240
13 2 3632 4096 3632 4144
13 2 3632 4000 3632 4064
13 2 3600 4448 3600 4528
13 2 3600 4336 3600 4416
13 2 3584 4640 3584 4672
13 2 3424 4368 3424 4448
13 2 3424 4224 3424 4304
13 2 3392 4656 3392 4688
13 2 3392 4576 3392 4624
13 2 3344 4016 3344 4064
13 2 3344 3936 3344 3984
13 2 3344 3744 3344 3792
13 2 3344 3664 3344 3712
13 2 2976 4352 2976 4896
13 2 2976 3952 2976 4352
13 2 2976 3600 2976 3952
13 2 2944 3504 2944 4480
13 2 2944 3472 2944 3504
13 2 2880 4448 2880 4592
13 2 2880 3600 2880 4448
13 2 2848 4320 2848 4704
13 2 2848 4240 2848 4320
13 2 2848 4080 2848 4240
13 2 2848 3824 2848 4080
13 2 2848 3504 2848 3824
13 2 2848 3472 2848 3504
13 2 2784 4416 2784 4672
13 2 2784 3920 2784 4416
13 2 2784 3680 2784 3920
13 2 2784 3600 2784 3680
13 2 2752 4560 2752 4864
13 2 2752 4208 2752 4560
13 2 2752 4048 2752 4208
13 2 2752 3792 2752 4048
13 2 2752 3504 2752 3792
13 2 2752 3472 2752 3504
13 2 2688 4144 2688 4528
13 2 2688 3648 2688 4144
13 2 2688 3600 2688 3648
13 2 2656 3760 2656 4832
13 2 2656 3504 2656 3760
13 2 2656 3472 2656 3504
13 2 2976 4896 3200 4896
13 2 3344 4864 3984 4864
13 2 2752 4864 3200 4864
13 2 2656 4832 3200 4832
13 2 3744 4704 3792 4704
13 2 2848 4704 3200 4704
13 2 3344 4688 3392 4688
13 2 3584 4672 3600 4672
13 2 2784 4672 3200 4672
13 2 3536 4640 3584 4640
13 2 2880 4592 3200 4592
13 2 3344 4576 3392 4576
13 2 2752 4560 3200 4560
13 2 2688 4528 3600 4528
13 2 2944 4480 3200 4480
13 2 3344 4448 3424 4448
13 2 2880 4448 3200 4448
13 2 3744 4432 3792 4432
13 2 2784 4416 3200 4416
13 2 4064 4384 4080 4384
13 2 4064 4352 4080 4352
13 2 2976 4352 3200 4352
13 2 3568 4336 3600 4336
13 2 3344 4336 3424 4336
13 2 2848 4320 3200 4320
13 2 3984 4304 4080 4304
13 2 3936 4272 4080 4272
13 2 4272 4256 4304 4256
13 2 3776 4240 4080 4240
13 2 2848 4240 3200 4240
13 2 3344 4224 3424 4224
13 2 2752 4208 3200 4208
13 2 2688 4144 3632 4144
13 2 2848 4080 3200 4080
13 2 2752 4048 3200 4048
13 2 3344 4016 3440 4016
13 2 3584 4000 3632 4000
13 2 3344 3984 3440 3984
13 2 2976 3952 3200 3952
13 2 2784 3920 3200 3920
13 2 2848 3824 3200 3824
13 2 2752 3792 3200 3792
13 2 2656 3760 3200 3760
13 2 3344 3744 3440 3744
13 2 3584 3728 4080 3728
13 2 3344 3712 3440 3712
13 2 2784 3680 3200 3680
13 2 2688 3648 3200 3648
13 2 2944 3504 2976 3504
13 2 2848 3504 2880 3504
13 2 2752 3504 2784 3504
13 2 2656 3504 2688 3504
13 7 2944 3472
13 8 2944 3472 0
13 7 2848 3472
13 8 2848 3472 0
13 7 2752 3472
13 8 2752 3472 0
13 7 2656 3472
13 8 2656 3472 0
13 7 4064 4384
13 8 4064 4384 0
13 7 4064 4352
13 8 4064 4352 0
13 7 4304 4256
13 8 4304 4256 0
13 8 2944 3472 1
13 8 2848 3472 1
13 8 2752 3472 1
13 8 2656 3472 1
13 8 4064 4384 1
13 8 4064 4352 1
13 8 4304 4256 2
17 0 100
17 0 99
17 0 98
17 0 97
17 0 96
17 0 95
17 0 94
17 0 93
17 0 92
17 0 91
17 0 90
17 0 89
17 0 88
17 0 87
17 0 86
17 0 85
17 0 84
17 0 83
17 0 82
17 0 81
17 0 80
17 0 79
17 0 78
17 0 76
17 0 75
17 0 74
17 0 73
17 0 72
17 0 71
17 0 70
17 0 69
17 0 68
17 0 67
17 0 66
17 0 65
17 0 64
17 0 63
17 0 62
17 0 61
17 0 60
17 0 77
17 0 59
17 0 58
17 0 57
17 0 27
17 0 21
13 2 320 3856 352 3856
13 2 416 3856 448 3856
13 2 512 3856 544 3856
13 2 608 3856 640 3856
13 2 352 4000 864 4000
13 2 448 4032 864 4032
13 2 1008 4064 1104 4064
13 2 1248 4080 1744 4080
13 2 1008 4096 1104 4096
13 2 320 4112 864 4112
13 2 416 4144 864 4144
13 2 512 4176 864 4176
13 2 448 4272 864 4272
13 2 640 4304 864 4304
13 2 1008 4336 1104 4336
13 2 1248 4352 1296 4352
13 2 1008 4368 1104 4368
13 2 416 4400 864 4400
13 2 512 4432 864 4432
13 2 352 4496 1296 4496
13 2 416 4560 864 4560
13 2 1008 4576 1088 4576
13 2 512 4592 864 4592
13 2 1440 4592 1744 4592
13 2 1936 4608 1968 4608
13 2 1600 4624 1744 4624
13 2 1648 4656 1744 4656
13 2 512 4672 864 4672
13 2 1008 4688 1088 4688
13 2 1232 4688 1264 4688
13 2 640 4704 864 4704
13 2 1728 4704 1744 4704
13 2 1728 4736 1744 4736
13 2 448 4768 864 4768
13 2 1408 4784 1456 4784
13 2 544 4800 864 4800
13 2 1008 4800 1088 4800
13 2 608 4832 864 4832
13 2 352 4880 1264 4880
13 2 416 4912 864 4912
13 2 1008 4928 1056 4928
13 2 544 4944 864 4944
13 2 1200 4992 1248 4992
13 2 448 5024 864 5024
13 2 1248 5024 1264 5024
13 2 1008 5040 1056 5040
13 2 512 5056 864 5056
13 2 1408 5056 1456 5056
13 2 320 5184 864 5184
13 2 416 5216 864 5216
13 2 1008 5216 1648 5216
13 2 640 5248 864 5248
13 0 320 3824 320 3856
13 2 320 3824 320 3856
13 0 320 3856 320 4112
13 2 320 3856 320 4112
13 2 320 4112 320 5184
13 0 352 3952 352 4000
13 2 352 3952 352 4000
13 0 352 4000 352 4496
13 2 352 4000 352 4496
13 2 352 4496 352 4880
13 0 416 3824 416 3856
13 2 416 3824 416 3856
13 0 416 3856 416 4144
13 2 416 3856 416 4144
13 0 416 4144 416 4400
13 2 416 4144 416 4400
13 0 416 4400 416 4560
13 2 416 4400 416 4560
13 0 416 4560 416 4912
13 2 416 4560 416 4912
13 2 416 4912 416 5216
13 0 448 3952 448 4032
13 2 448 3952 448 4032
13 0 448 4032 448 4272
13 2 448 4032 448 4272
13 0 448 4272 448 4768
13 2 448 4272 448 4768
13 2 448 4768 448 5024
13 0 512 3824 512 3856
13 2 512 3824 512 3856
13 0 512 3856 512 4176
13 2 512 3856 512 4176
13 0 512 4176 512 4432
13 2 512 4176 512 4432
13 0 512 4432 512 4592
13 2 512 4432 512 4592
13 0 512 4592 512 4672
13 2 512 4592 512 4672
13 2 512 4672 512 5056
13 0 544 3952 544 4800
13 2 544 3952 544 4800
13 2 544 4800 544 4944
13 0 608 3824 608 3856
13 2 608 3824 608 3856
13 2 608 3856 608 4832
13 0 640 3952 640 4304
13 2 640 3952 640 4304
13 0 640 4304 640 4704
13 2 640 4304 640 4704
13 2 640 4704 640 5248
13 2 1008 4016 1008 4064
13 2 1008 4096 1008 4144
13 2 1008 4288 1008 4336
13 2 1008 4368 1008 4416
13 2 1056 4928 1056 4976
13 2 1056 5008 1056 5040
13 2 1088 4576 1088 4656
13 2 1088 4720 1088 4800
13 2 1248 4992 1248 5024
13 2 1264 4688 1264 4768
13 2 1264 4800 1264 4880
13 2 1296 4352 1296 4416
13 2 1296 4448 1296 4496
13 2 1440 4432 1440 4592
13 2 1456 4784 1456 4912
13 2 1456 4944 1456 5056
13 2 1600 4624 1600 4928
13 2 1648 4656 1648 5216
13 2 1744 4080 1744 4560
13 7 1968 4608
13 8 1968 4608 0
13 7 1728 4704
13 8 1728 4704 0
13 7 1728 4736
13 8 1728 4736 0
13 7 320 3824
13 8 320 3824 0
13 7 416 3824
13 8 416 3824 0
13 7 512 3824
13 8 512 3824 0
13 7 608 3824
13 8 608 3824 0
13 8 1968 4608 0
13 8 1728 4704 0
13 8 1728 4736 0
13 8 320 3824 0
13 8 416 3824 0
13 8 512 3824 0
13 8 608 3824 0
17 0 and3 944 5184 0
17 0 or2 1536 4912 0
17 0 and3 1344 5024 0
17 0 or2 1136 4976 0
17 0 and2 944 5024 0
17 0 and2 944 4912 0
17 0 and2 1344 4768 0
17 0 or3 1168 4656 0
17 0 and3 944 4768 0
17 0 and2 944 4672 0
17 0 and2 944 4560 0
17 0 and2 1376 4416 0
17 0 or2 1184 4336 0
17 0 and2 944 4400 0
17 0 and2 944 4272 0
17 0 or2 1184 4064 0
17 0 and3 944 4112 0
17 0 and2 944 4000 0
17 0 mux41 1824 4560 0
17 0 inv 768 3904 1
17 0 inv 672 3904 1
17 0 inv 576 3904 1
17 0 inv 480 3904 1
13 0 400 3904 432 3904
13 0 496 3904 528 3904
13 0 592 3904 624 3904
13 0 688 3904 720 3904
13 0 432 4048 944 4048
13 0 528 4080 944 4080
13 0 1088 4112 1184 4112
13 0 1328 4128 1824 4128
13 0 1088 4144 1184 4144
13 0 400 4160 944 4160
13 0 496 4192 944 4192
13 0 592 4224 944 4224
13 0 528 4320 944 4320
13 0 720 4352 944 4352
13 0 1088 4384 1184 4384
13 0 1328 4400 1376 4400
13 0 1088 4416 1184 4416
13 0 496 4448 944 4448
13 0 592 4480 944 4480
13 0 432 4544 1376 4544
13 0 496 4608 944 4608
13 0 1088 4624 1168 4624
13 0 592 4640 944 4640
13 0 1520 4640 1824 4640
13 0 2016 4656 2048 4656
13 0 1680 4672 1824 4672
13 0 1728 4704 1824 4704
13 0 592 4720 944 4720
13 0 1088 4736 1168 4736
13 0 1312 4736 1344 4736
13 0 720 4752 944 4752
13 0 1808 4752 1824 4752
13 0 1808 4784 1824 4784
13 0 528 4816 944 4816
13 0 1488 4832 1536 4832
13 0 624 4848 944 4848
13 0 1088 4848 1168 4848
13 0 688 4880 944 4880
13 0 432 4928 1344 4928
13 0 496 4960 944 4960
13 0 1088 4976 1136 4976
13 0 624 4992 944 4992
13 0 1280 5040 1328 5040
13 0 528 5072 944 5072
13 0 1328 5072 1344 5072
13 0 1088 5088 1136 5088
13 0 592 5104 944 5104
13 0 1488 5104 1536 5104
13 0 400 5232 944 5232
13 0 496 5264 944 5264
13 0 1088 5264 1728 5264
13 0 720 5296 944 5296
13 0 400 3872 400 3904
13 0 400 3904 400 4160
13 0 400 4160 400 5232
13 0 432 4000 432 4048
13 0 432 4048 432 4544
13 0 432 4544 432 4928
13 0 496 3872 496 3904
13 0 496 3904 496 4192
13 0 496 4192 496 4448
13 0 496 4448 496 4608
13 0 496 4608 496 4960
13 0 496 4960 496 5264
13 0 528 4000 528 4080
13 0 528 4080 528 4320
13 0 528 4320 528 4816
13 0 528 4816 528 5072
13 0 592 3872 592 3904
13 0 592 3904 592 4224
13 0 592 4224 592 4480
13 0 592 4480 592 4640
13 0 592 4640 592 4720
13 0 592 4720 592 5104
13 0 624 4000 624 4848
13 0 624 4848 624 4992
13 0 688 3872 688 3904
13 0 688 3904 688 4880
13 0 720 4000 720 4352
13 0 720 4352 720 4752
13 0 720 4752 720 5296
13 0 1088 4064 1088 4112
13 0 1088 4144 1088 4192
13 0 1088 4336 1088 4384
13 0 1088 4416 1088 4464
13 0 1136 4976 1136 5024
13 0 1136 5056 1136 5088
13 0 1168 4624 1168 4704
13 0 1168 4768 1168 4848
13 0 1328 5040 1328 5072
13 0 1344 4736 1344 4816
13 0 1344 4848 1344 4928
13 0 1376 4400 1376 4464
13 0 1376 4496 1376 4544
13 0 1520 4480 1520 4640
13 0 1536 4832 1536 4960
13 0 1536 4992 1536 5104
13 0 1680 4672 1680 4976
13 0 1728 4704 1728 5264
13 0 1824 4128 1824 4608
13 5 2048 4656 Out3
13 5 1808 4752 D
13 5 1808 4784 A
13 5 400 3872 B
13 5 496 3872 C
13 5 592 3872 E
13 5 688 3872 F
13 8 2048 4656 2
13 8 1808 4752 1
13 8 1808 4784 1
13 8 400 3872 1
13 8 496 3872 1
13 8 592 3872 1
13 8 688 3872 1
13 0 400 5168 1248 5168
13 0 1248 5168 1248 5120
13 0 1344 5104 1248 5104
13 0 1248 5104 1248 5120
13 0 1344 5136 1344 5200
13 0 1344 5200 1280 5200
13 0 1280 5200 704 5200
13 0 704 5200 704 5184
13 2 704 5184 704 5200
13 0 1280 5200 704 5200
13 2 704 5200 1280 5200
13 0 1280 5200 688 5200
13 0 688 5200 688 4880
