10 1 1
10 1 1
10 1 1
13 0 1472 1200 912 1200
13 0 912 1200 912 1216
13 0 1472 1232 1072 1232
13 0 1472 1264 1280 1264
13 0 1472 1360 960 1360
13 0 1472 1392 1120 1392
13 0 1472 1424 1152 1424
13 0 1888 1392 1680 1392
13 0 1680 1392 1680 1456
13 0 1680 1456 832 1456
13 0 1888 1424 1728 1424
13 0 1728 1424 1728 1440
13 2 1728 1424 1728 1440
13 2 1728 1424 1888 1424
13 0 1888 1424 1728 1424
13 0 1728 1424 1728 1472
13 0 1728 1472 992 1472
13 0 1472 1504 832 1504
13 0 1472 1536 1152 1536
13 0 1472 1568 1280 1568
13 0 1472 1664 1040 1664
13 0 1472 1696 1200 1696
13 0 1472 1728 1232 1728
13 0 1888 1696 1664 1696
13 0 1664 1696 1664 1760
13 0 1664 1760 960 1760
13 0 1888 1728 1712 1728
13 0 1712 1728 1712 1792
13 0 1712 1792 1120 1792
13 0 1120 1792 1120 1808
13 0 1472 1840 1040 1840
13 0 1472 1872 1152 1872
13 0 1472 1968 992 1968
13 0 1472 2000 1200 2000
13 0 1888 1984 1664 1984
13 2 1664 1984 1888 1984
13 0 1888 1984 1648 1984
13 0 1648 1984 1648 2064
13 0 1648 2064 832 2064
13 0 832 2064 832 2032
13 0 1888 2016 1680 2016
13 2 1680 2016 1888 2016
13 0 1888 2016 1680 2016
13 0 1680 2016 1680 2080
13 0 1680 2080 912 2080
13 0 912 2080 912 2032
13 0 1888 2048 1712 2048
13 0 1712 2048 1712 2112
13 0 1712 2112 1120 2112
13 0 1120 2112 1120 2032
13 0 1888 2080 1744 2080
13 0 1744 2080 1744 2144
13 0 1744 2144 1232 2144
13 0 1232 2144 1232 2032
13 0 880 1840 880 1168
13 2 880 1168 880 1840
13 2 880 1840 880 2032
13 0 960 1936 960 1760
13 2 960 1760 960 1936
13 2 960 1936 960 2032
13 0 992 2000 992 1968
13 2 992 1968 992 2000
13 2 992 2000 992 2032
13 0 1040 2000 1040 1840
13 2 1040 1840 1040 2000
13 2 1040 2000 1040 2032
13 0 1072 2000 1072 1232
13 2 1072 1232 1072 2000
13 2 1072 2000 1072 2032
13 0 1152 2000 1152 1872
13 2 1152 1872 1152 2000
13 2 1152 2000 1152 2032
13 0 1200 2016 1200 2000
13 2 1200 2000 1200 2016
13 2 1200 2016 1200 2032
13 0 1280 2016 1280 1568
13 2 1280 1568 1280 2016
13 2 1280 2016 1280 2032
13 8 2352 1392 0
13 8 2336 1392 0
13 8 2336 1392 2
13 8 2384 1392 2
13 8 2000 1392 2
13 8 2016 1408 2
13 8 1904 1424 2
13 8 2336 1392 2
13 8 2336 1392 2
13 0 2336 1392 2400 1392
13 5 2400 1392 Funkcija
13 8 2400 1392 2
13 8 1232 464 1
13 8 1152 464 1
13 8 1072 464 1
13 8 992 464 1
13 8 912 464 1
13 8 832 464 1
17 0 1
17 0 2
17 0 6
17 0 3
17 0 4
17 0 5
13 2 2432 224 2464 224
13 2 2528 224 2560 224
13 2 2592 304 2672 304
13 2 2560 320 2592 320
13 2 2816 320 2896 320
13 2 2464 336 2560 336
13 2 2560 336 2672 336
13 2 2528 416 2672 416
13 2 2432 448 2672 448
13 2 2816 448 2896 448
13 2 2368 480 2672 480
13 0 2368 224 2368 480
13 2 2368 224 2368 480
13 2 2368 480 2368 560
13 0 2432 208 2432 224
13 2 2432 208 2432 224
13 0 2432 224 2432 448
13 2 2432 224 2432 448
13 2 2432 448 2432 560
13 0 2464 320 2464 336
13 2 2464 320 2464 336
13 2 2464 336 2464 560
13 0 2528 208 2528 224
13 2 2528 208 2528 224
13 0 2528 224 2528 416
13 2 2528 224 2528 416
13 2 2528 416 2528 560
13 0 2560 320 2560 336
13 2 2560 320 2560 336
13 2 2560 336 2560 560
13 2 2592 304 2592 320
13 2 2896 320 2896 368
13 2 2896 400 2896 448
13 7 2368 224
13 7 2432 208
13 7 2528 208
13 8 2368 224 0
13 8 2432 208 0
13 8 2528 208 0
