10 1 1
10 1 1
10 1 1
17 0 6
17 0 and3 1856 832 0
17 0 or2 1568 1184 0
17 0 and2 1328 1136 0
17 0 and3 1376 1280 0
17 0 8
17 0 and2 1344 1104 0
17 0 9
17 0 and3 1344 1248 0
17 0 9
17 0 and3 1344 1264 0
13 0 1488 1344 1488 1264
13 0 1488 1264 1568 1264
13 0 1488 1168 1488 1232
13 0 1488 1232 1552 1232
13 2 1488 1232 1552 1232
13 2 1488 1168 1488 1232
13 0 1488 1168 1488 1232
13 0 1488 1232 1552 1232
13 2 1488 1232 1552 1232
13 2 1488 1168 1488 1232
13 0 1488 1168 1488 1248
13 0 1488 1248 1568 1248
13 2 1488 1248 1568 1248
13 2 1488 1168 1488 1248
13 0 1568 1232 1488 1232
13 0 1488 1232 1488 1168
13 0 1504 1264 1568 1264
13 2 1504 1264 1568 1264
13 2 1488 1264 1504 1264
13 0 1488 1296 1488 1264
13 2 1488 1264 1488 1296
13 2 1488 1296 1488 1344
17 0 9
17 0 and3 1344 1264 0
17 0 9
17 0 and3 1344 1248 0
13 0 1568 1264 1488 1264
13 0 1488 1264 1488 1328
17 0 and3 1760 1248 0
13 0 1712 1248 1712 1296
13 0 1712 1296 1760 1296
13 2 1216 672 1248 672
13 2 1312 672 1344 672
13 2 1376 752 1456 752
13 2 1344 768 1376 768
13 2 1600 768 1680 768
13 2 1248 784 1344 784
13 2 1344 784 1456 784
13 2 1312 864 1456 864
13 2 1216 896 1456 896
13 2 1600 896 1680 896
13 2 1152 928 1456 928
13 0 1152 672 1152 928
13 2 1152 672 1152 928
13 2 1152 928 1152 1008
13 0 1216 656 1216 672
13 2 1216 656 1216 672
13 0 1216 672 1216 896
13 2 1216 672 1216 896
13 2 1216 896 1216 1008
13 0 1248 768 1248 784
13 2 1248 768 1248 784
13 2 1248 784 1248 1008
13 0 1312 656 1312 672
13 2 1312 656 1312 672
13 0 1312 672 1312 864
13 2 1312 672 1312 864
13 2 1312 864 1312 1008
13 0 1344 768 1344 784
13 2 1344 768 1344 784
13 2 1344 784 1344 1008
13 2 1376 752 1376 768
13 2 1680 768 1680 816
13 2 1680 848 1680 896
13 7 1152 672
13 7 1216 656
13 7 1312 656
17 0 1
17 0 2
17 0 6
17 0 3
17 0 4
17 0 5
17 0 or2 784 304 0
17 0 and2 560 240 0
17 0 and3 960 368 0
17 0 and3 560 352 0
17 0 inv 496 208 1
17 0 inv 400 208 1
13 0 320 208 352 208
13 0 416 208 448 208
13 0 480 288 560 288
13 0 448 304 480 304
13 0 704 304 784 304
13 0 352 320 448 320
13 0 448 320 560 320
13 0 416 400 560 400
13 0 320 432 560 432
13 0 704 432 784 432
13 0 256 464 560 464
13 0 256 208 256 464
13 0 256 464 256 544
13 0 320 192 320 208
13 0 320 208 320 432
13 0 320 432 320 544
13 0 352 304 352 320
13 0 352 320 352 544
13 0 416 192 416 208
13 0 416 208 416 400
13 0 416 400 416 544
13 0 448 304 448 320
13 0 448 320 448 544
13 0 480 288 480 304
13 0 784 304 784 352
13 0 784 384 784 432
13 5 256 208 e
13 5 320 192 c
13 5 416 192 d
13 8 1152 672 0
13 8 1216 656 0
13 8 1312 656 0
13 8 256 208 0
13 8 320 192 0
13 8 416 192 0
17 0 and4 1904 1536 0
17 0 and4 1904 1712 0
17 0 12
17 0 11
17 0 and4 1344 1600 0
17 0 and4 1344 1424 0
17 0 11
17 0 12
17 0 and4 1344 1552 0
17 0 and4 1344 1376 0
17 0 12
17 0 and4 1344 1536 0
17 0 11
17 0 and4 1344 1392 0
17 0 11
17 0 and4 1344 1376 0
17 0 or2 1600 1488 0
17 0 13
17 0 or2 1568 1488 0
13 0 1568 1568 1488 1568
13 0 1488 1568 1488 1632
13 0 1568 1536 1488 1536
13 0 1488 1536 1488 1472
17 0 and2 1760 1552 0
13 0 1712 1552 1712 1600
13 0 1712 1600 1760 1600
17 0 and3 1424 1760 0
17 0 and3 1328 1888 0
17 0 15
17 0 and3 1344 1712 0
17 0 16
17 0 and3 1344 1856 0
17 0 or3 1568 1776 0
17 0 15
17 0 and3 1344 1712 0
17 0 15
17 0 and3 1344 1696 0
17 0 17
17 0 or2 1568 1792 0
13 0 1568 1872 1488 1872
13 2 1488 1872 1568 1872
13 0 1568 1872 1488 1872
13 0 1488 1872 1488 1936
13 0 1568 1840 1488 1840
13 0 1488 1840 1488 1776
17 0 and3 1760 1872 0
17 0 18
17 0 and3 1760 1856 0
13 0 1712 1856 1712 1904
13 0 1712 1904 1760 1904
13 0 1840 1824 1888 1824
13 0 1888 1824 1888 1808
13 2 1888 1808 1888 1824
13 2 1840 1824 1888 1824
17 0 and3 1760 2160 0
17 0 or2 1568 2096 0
17 0 and3 1344 2160 0
17 0 and3 1344 2000 0
13 0 1488 2144 1568 2144
13 0 1488 2176 1568 2176
13 0 1712 2208 1760 2208
13 0 1488 2080 1488 2144
13 0 1488 2176 1488 2240
13 0 1712 2160 1712 2208
17 0 and3 1344 2304 0
17 0 and3 1344 2464 0
17 0 or2 1568 2400 0
13 0 1488 2448 1568 2448
13 0 1488 2480 1568 2480
13 0 1488 2384 1488 2448
13 0 1488 2480 1488 2544
13 0 1712 2464 1712 2512
13 0 1712 2480 1712 2464
13 2 1712 2464 1712 2480
13 2 1712 2480 1712 2512
17 0 and4 1760 2448 0
13 0 1760 2496 1712 2496
13 0 1712 2496 1712 2464
13 2 1488 1232 1568 1232
13 2 1488 1264 1568 1264
13 2 1712 1296 1760 1296
13 2 1488 1536 1568 1536
13 2 1488 1568 1568 1568
13 2 1712 1600 1760 1600
13 2 1488 1840 1568 1840
13 2 1488 1872 1568 1872
13 2 1712 1904 1760 1904
13 2 1488 2144 1568 2144
13 2 1488 2176 1568 2176
13 2 1712 2208 1760 2208
13 2 1488 2448 1568 2448
13 2 1488 2480 1568 2480
13 2 1712 2496 1760 2496
13 2 1488 1168 1488 1232
13 2 1488 1264 1488 1328
13 2 1488 1472 1488 1536
13 2 1488 1568 1488 1632
13 2 1488 1776 1488 1840
13 2 1488 1872 1488 1936
13 2 1488 2080 1488 2144
13 2 1488 2176 1488 2240
13 2 1488 2384 1488 2448
13 2 1488 2480 1488 2544
13 2 1712 1248 1712 1296
13 2 1712 1552 1712 1600
13 2 1712 1856 1712 1904
13 2 1712 2160 1712 2208
13 2 1712 2464 1712 2496
17 0 26
17 0 25
17 0 24
17 0 23
17 0 22
17 0 21
17 0 20
17 0 19
17 0 18
17 0 17
17 0 16
17 0 15
17 0 14
17 0 13
17 0 12
17 0 11
17 0 10
17 0 9
17 0 8
17 0 7
17 0 and4 1888 1904 0
17 0 or2 1696 1856 0
17 0 and3 1472 1920 0
17 0 and3 1472 1760 0
17 0 and3 1472 1456 0
17 0 and3 1472 1616 0
17 0 or2 1696 1552 0
17 0 and3 1888 1616 0
17 0 and3 1888 1312 0
17 0 or2 1696 1248 0
17 0 and3 1472 1312 0
17 0 and3 1472 1152 0
17 0 and2 1888 1008 0
17 0 or2 1696 944 0
17 0 and4 1472 992 0
17 0 and4 1472 832 0
17 0 and3 1888 704 0
17 0 and3 1472 704 0
17 0 and2 1472 560 0
17 0 or2 1696 640 0
13 0 1616 688 1696 688
13 0 1616 720 1696 720
13 0 1840 752 1888 752
13 0 1616 992 1696 992
13 0 1616 1024 1696 1024
13 0 1840 1056 1888 1056
13 0 1616 1296 1696 1296
13 0 1616 1328 1696 1328
13 0 1840 1360 1888 1360
13 0 1616 1600 1696 1600
13 0 1616 1632 1696 1632
13 0 1840 1664 1888 1664
13 0 1616 1904 1696 1904
13 0 1616 1936 1696 1936
13 0 1840 1952 1888 1952
13 0 1616 624 1616 688
13 0 1616 720 1616 784
13 0 1616 928 1616 992
13 0 1616 1024 1616 1088
13 0 1616 1232 1616 1296
13 0 1616 1328 1616 1392
13 0 1616 1536 1616 1600
13 0 1616 1632 1616 1696
13 0 1616 1840 1616 1904
13 0 1616 1936 1616 2000
13 0 1840 704 1840 752
13 0 1840 1008 1840 1056
13 0 1840 1312 1840 1360
13 0 1840 1616 1840 1664
13 0 1840 1920 1840 1952
17 0 7
17 0 8
17 0 9
17 0 10
13 2 1616 1904 1696 1904
13 2 1616 1936 1696 1936
13 2 1840 1952 1888 1952
13 2 1616 1840 1616 1904
13 2 1616 1936 1616 2000
13 2 1840 1920 1840 1952
17 0 and2 1472 1792 0
17 0 and2 1472 1920 0
17 0 or5 1920 1920 0
17 0 8
17 0 or5 1952 1856 0
17 0 or2 1680 1856 0
13 0 1680 1904 1616 1904
13 0 1616 1904 1616 1856
13 0 1680 1936 1616 1936
13 0 1616 1936 1616 1984
17 0 8
17 0 or5 1888 1904 0
13 0 1888 1952 1824 1952
13 0 1824 1952 1824 1920
13 0 1968 2000 1968 1984
13 2 1968 1984 1968 2000
17 0 8
13 0 1856 1952 1888 1952
13 2 1856 1952 1888 1952
13 2 1824 1952 1856 1952
13 2 1824 1920 1824 1952
17 0 and5 1888 1904 0
13 0 1888 1952 1824 1952
13 0 1824 1952 1824 1920
17 0 or5 2192 1280 0
13 0 2192 1328 2192 784
13 0 2192 784 2032 784
13 0 2192 1360 2192 1072
13 0 2192 1072 2032 1072
13 2 2032 1072 2192 1072
13 2 2192 1328 2192 1360
13 0 2032 1072 2032 1360
13 0 2032 1360 2192 1360
13 0 2192 1392 2032 1392
13 0 2032 1696 2032 1424
13 2 2032 1424 2032 1696
13 0 2032 1696 2032 1424
13 0 2032 1424 2192 1424
13 0 2192 1456 2192 2016
13 0 2192 2016 2032 2016
13 0 816 592 816 2000
13 0 816 2000 784 2000
17 0 inv 912 624 1
13 0 864 624 864 592
13 0 864 592 832 592
13 2 832 592 864 592
13 2 864 592 864 624
13 0 816 592 864 592
13 0 864 592 864 624
13 2 864 592 864 624
13 2 816 592 864 592
13 0 864 624 816 624
13 0 864 720 864 2000
13 0 800 2000 816 2000
13 2 800 2000 816 2000
13 2 784 2000 800 2000
17 0 inv 992 624 1
13 0 896 624 944 624
13 0 896 592 896 624
13 0 896 624 896 2000
13 0 944 720 944 2000
17 0 inv 1072 624 1
13 0 976 624 1024 624
13 0 976 592 976 624
13 0 976 624 976 2000
13 0 1024 720 1024 2000
17 0 inv 1152 624 1
13 0 1056 624 1104 624
13 0 1056 592 1056 624
13 0 1056 624 1056 2000
13 0 1104 720 1104 2000
17 0 inv 1232 624 1
13 0 1136 624 1184 624
13 0 1136 592 1136 624
13 0 1136 624 1136 2000
13 0 1184 720 1184 2000
17 0 inv 1312 624 1
13 0 1216 624 1264 624
13 0 1216 592 1216 624
13 0 1216 624 1216 2000
13 0 1264 720 1264 2000
13 2 320 208 352 208
13 2 416 208 448 208
13 2 480 288 560 288
13 2 448 304 480 304
13 2 704 304 784 304
13 2 352 320 448 320
13 2 448 320 560 320
13 2 416 400 560 400
13 2 320 432 560 432
13 2 704 432 784 432
13 2 256 464 560 464
13 0 256 208 256 464
13 2 256 208 256 464
13 2 256 464 256 544
13 0 320 192 320 208
13 2 320 192 320 208
13 0 320 208 320 432
13 2 320 208 320 432
13 2 320 432 320 544
13 0 352 304 352 320
13 2 352 304 352 320
13 2 352 320 352 544
13 0 416 192 416 208
13 2 416 192 416 208
13 0 416 208 416 400
13 2 416 208 416 400
13 2 416 400 416 544
13 0 448 304 448 320
13 2 448 304 448 320
13 2 448 320 448 544
13 2 480 288 480 304
13 2 784 304 784 352
13 2 784 384 784 432
13 7 256 208
13 7 320 192
13 7 416 192
17 0 5
17 0 4
17 0 3
17 0 6
17 0 2
17 0 1
17 0 or2 2896 320 0
17 0 and2 2672 256 0
17 0 and3 3072 384 0
17 0 and3 2672 368 0
17 0 inv 2608 224 1
17 0 inv 2512 224 1
13 0 2432 224 2464 224
13 0 2528 224 2560 224
13 0 2592 304 2672 304
13 0 2560 320 2592 320
13 0 2816 320 2896 320
13 0 2464 336 2560 336
13 0 2560 336 2672 336
13 0 2528 416 2672 416
13 0 2432 448 2672 448
13 0 2816 448 2896 448
13 0 2368 480 2672 480
13 0 2368 224 2368 480
13 0 2368 480 2368 560
13 0 2432 208 2432 224
13 0 2432 224 2432 448
13 0 2432 448 2432 560
13 0 2464 320 2464 336
13 0 2464 336 2464 560
13 0 2528 208 2528 224
13 0 2528 224 2528 416
13 0 2528 416 2528 560
13 0 2560 320 2560 336
13 0 2560 336 2560 560
13 0 2592 304 2592 320
13 0 2896 320 2896 368
13 0 2896 400 2896 448
13 5 2368 224 e
13 5 2432 208 c
13 5 2528 208 d
13 8 256 208 0
13 8 320 192 0
13 8 416 192 0
13 8 2368 224 0
13 8 2432 208 0
13 8 2528 208 0
13 5 816 592 A
13 5 896 592 B
13 5 976 592 C
13 5 1056 592 D
13 5 1136 592 E
13 5 1216 592 F
13 0 1264 2000 1264 2160
13 0 1216 2000 1216 2160
13 0 1184 2000 1184 2160
13 0 1136 2000 1136 2160
13 0 1104 2000 1104 2160
13 0 1056 2000 1056 2160
13 0 1024 2000 1024 2160
13 0 976 2000 976 2160
13 0 944 2000 944 2160
13 0 896 2000 896 2160
13 0 864 2000 864 2160
13 0 816 2000 816 2160
13 0 976 1760 976 624
13 2 976 624 976 1760
13 2 976 1760 976 2160
13 0 976 1760 976 2160
13 0 976 1760 976 624
13 2 816 624 864 624
13 2 896 624 944 624
13 2 976 624 1024 624
13 2 1056 624 1104 624
13 2 1136 624 1184 624
13 2 1216 624 1264 624
13 0 816 592 816 624
13 2 816 592 816 624
13 2 816 624 816 2160
13 2 864 720 864 2160
13 0 896 592 896 624
13 2 896 592 896 624
13 2 896 624 896 2160
13 2 944 720 944 2160
13 0 976 592 976 624
13 2 976 592 976 624
13 2 976 624 976 2160
13 2 1024 720 1024 2160
13 0 1056 592 1056 624
13 2 1056 592 1056 624
13 2 1056 624 1056 2160
13 2 1104 720 1104 2160
13 0 1136 592 1136 624
13 2 1136 592 1136 624
13 2 1136 624 1136 2160
13 2 1184 720 1184 2160
13 0 1216 592 1216 624
13 2 1216 592 1216 624
13 2 1216 624 1216 2160
13 2 1264 720 1264 2160
13 7 816 592
13 7 896 592
13 7 976 592
13 7 1056 592
13 7 1136 592
13 7 1216 592
17 0 33
17 0 32
17 0 31
17 0 30
17 0 29
17 0 28
17 0 inv 1328 496 1
17 0 inv 1248 496 1
17 0 inv 1168 496 1
17 0 inv 1088 496 1
17 0 inv 1008 496 1
17 0 inv 928 496 1
13 0 832 496 880 496
13 0 912 496 960 496
13 0 992 496 1040 496
13 0 1072 496 1120 496
13 0 1152 496 1200 496
13 0 1232 496 1280 496
13 0 832 464 832 496
13 0 832 496 832 2032
13 0 880 592 880 2032
13 0 912 464 912 496
13 0 912 496 912 2032
13 0 960 592 960 2032
13 0 992 464 992 496
13 0 992 496 992 2032
13 0 1040 592 1040 2032
13 0 1072 464 1072 496
13 0 1072 496 1072 2032
13 0 1120 592 1120 2032
13 0 1152 464 1152 496
13 0 1152 496 1152 2032
13 0 1200 592 1200 2032
13 0 1232 464 1232 496
13 0 1232 496 1232 2032
13 0 1280 592 1280 2032
13 5 832 464 A
13 5 912 464 B
13 5 992 464 C
13 5 1072 464 D
13 5 1152 464 E
13 5 1232 464 F
13 8 816 592 0
13 8 896 592 0
13 8 976 592 0
13 8 1056 592 0
13 8 1136 592 0
13 8 1216 592 0
13 8 832 464 0
13 8 912 464 0
13 8 992 464 0
13 8 1072 464 0
13 8 1152 464 0
13 8 1232 464 0
13 0 1472 608 1040 608
13 0 1472 640 1120 640
13 0 1472 752 992 752
13 0 1472 784 1072 784
13 0 1472 816 1152 816
13 0 1888 784 1648 784
13 0 1648 784 1648 848
13 0 1648 848 832 848
13 2 832 848 1648 848
13 0 1648 848 880 848
13 0 1888 816 1680 816
13 0 1680 816 1680 864
13 0 1680 864 960 864
13 0 1472 880 912 880
13 0 1472 912 992 912
13 0 1472 944 1120 944
13 0 1472 976 1152 976
13 0 1472 1040 960 1040
13 0 1472 1104 1040 1104
13 2 1040 1104 1472 1104
13 0 1472 1072 1040 1072
13 0 1472 1104 1072 1104
13 0 1472 1136 1280 1136
13 0 1888 1088 1888 1168
13 0 1888 1168 1808 1168
13 0 1808 1168 832 1168
13 0 1808 1168 832 1168
13 2 832 1168 1808 1168
13 0 1808 1168 880 1168
