10 1 1
10 1 1
10 1 1
17 0 or2 1680 768 0
17 0 and2 1456 704 0
17 0 and2 1456 832 0
17 0 3
17 0 and2 1456 832 0
17 0 3
17 0 and3 1456 816 0
13 0 1600 896 1680 896
13 0 1680 896 1680 848
13 0 1600 768 1680 768
13 0 1680 768 1680 816
13 0 1280 688 1280 1056
13 0 1248 688 1248 1056
13 0 1248 1056 1264 1056
13 0 1216 688 1216 1056
13 0 1216 1056 1232 1056
13 2 1216 1056 1232 1056
13 2 1216 688 1216 1056
13 2 1248 1056 1264 1056
13 2 1248 688 1248 1056
13 0 1248 688 1248 1056
13 0 1216 688 1216 1056
13 5 1280 688 c
13 0 1280 768 1280 688
13 2 1280 688 1280 768
13 2 1280 768 1280 1056
13 0 1264 752 1264 1056
13 0 1264 1056 1280 1056
13 0 1264 752 1264 688
13 0 1264 688 1280 688
13 2 1264 688 1280 688
13 0 1264 752 1264 688
13 2 1264 688 1264 752
13 2 1264 1056 1280 1056
13 2 1264 752 1264 1056
13 0 1280 768 1280 1056
13 0 1280 688 1280 768
13 5 1248 688 d
13 5 1216 688 e
13 2 1600 896 1680 896
17 0 3
17 0 and3 1456 816 0
13 0 1600 896 1680 896
13 0 1920 640 1920 992
13 2 1920 640 1920 992
13 0 1872 688 1872 1056
17 0 inv 1952 704 1
13 0 1904 704 1872 704
13 0 1904 800 1904 1056
13 2 1872 704 1904 704
13 0 1872 688 1872 704
13 2 1872 688 1872 704
13 2 1872 704 1872 1056
13 2 1904 800 1904 1056
17 0 4
17 0 inv 1968 688 1
13 0 1888 688 1920 688
13 0 1888 672 1888 688
13 0 1888 688 1888 1040
13 0 1920 784 1920 1040
13 2 1888 688 1920 688
13 0 1888 672 1888 688
13 2 1888 672 1888 688
13 2 1888 688 1888 1040
13 2 1920 784 1920 1040
17 0 4
17 0 inv 1392 704 1
13 0 1312 704 1344 704
13 0 1312 688 1312 704
13 0 1312 704 1312 1056
13 0 1344 800 1344 1056
13 2 1312 704 1344 704
13 0 1312 688 1312 704
13 2 1312 688 1312 704
13 2 1312 704 1312 1056
13 2 1344 800 1344 1056
13 0 1312 704 1344 704
13 0 1312 688 1312 704
13 0 1312 704 1312 1056
13 0 1344 800 1344 1056
13 2 1312 704 1344 704
13 0 1312 688 1312 704
13 2 1312 688 1312 704
13 2 1312 704 1312 1056
13 2 1344 800 1344 1056
17 0 4
17 0 inv 1392 656 1
13 0 1312 656 1344 656
13 0 1312 640 1312 656
13 0 1312 656 1312 1008
13 0 1344 752 1344 1008
13 5 1312 640 c
13 0 1280 720 1280 688
13 2 1280 688 1280 720
13 2 1280 720 1280 1056
13 7 1280 688
13 2 1248 688 1248 1056
13 7 1248 688
13 0 1040 608 1040 976
13 5 1040 608 d
13 8 1248 688 0
13 8 1040 608 0
17 0 inv 1120 640 1
13 0 1072 640 1040 640
13 2 1040 640 1072 640
17 0 5
17 0 inv 1120 640 1
17 0 5
17 0 inv 1120 640 1
17 0 5
17 0 inv 1120 624 1
13 0 1072 624 1040 624
13 0 1072 720 1072 976
13 2 1216 688 1216 1056
13 7 1216 688
13 0 1152 640 1152 1008
13 5 1152 640 e
13 8 1216 688 0
13 8 1152 640 0
13 2 1040 624 1072 624
13 0 1040 608 1040 624
13 2 1040 608 1040 624
13 2 1040 624 1040 976
13 2 1072 720 1072 976
13 7 1040 608
17 0 5
17 0 inv 1296 656 1
13 0 1216 656 1248 656
13 0 1216 640 1216 656
13 0 1216 656 1216 1008
13 0 1248 752 1248 1008
13 5 1216 640 d
13 8 1040 608 0
13 8 1216 640 0
13 0 1456 752 1344 752
13 0 1456 784 1248 784
13 0 1456 864 1312 864
13 0 1456 896 1216 896
13 0 1456 928 1152 928
13 2 1312 656 1344 656
13 2 1344 752 1456 752
13 0 1312 640 1312 656
13 2 1312 640 1312 656
13 2 1312 656 1312 864
13 2 1344 752 1344 1008
17 0 4
17 0 inv 1392 672 1
13 0 1312 672 1344 672
13 0 1344 768 1376 768
13 0 1376 768 1376 752
13 0 1376 752 1456 752
13 0 1312 640 1312 672
13 0 1312 672 1312 768
13 0 1312 768 1312 864
13 0 1344 784 1344 768
13 0 1344 784 1344 1008
13 0 1328 672 1344 672
13 2 1328 672 1344 672
13 2 1312 672 1328 672
13 0 1328 656 1312 656
13 0 1312 656 1312 672
13 0 1328 656 1344 656
13 0 1344 656 1344 672
13 2 1344 768 1376 768
13 2 1344 656 1344 672
13 2 1344 768 1344 784
13 2 1376 752 1376 768
17 0 4
17 0 inv 1392 672 1
13 0 1344 768 1376 768
13 0 1344 656 1344 672
13 0 1344 768 1344 784
13 0 1376 752 1376 768
13 2 1344 768 1376 768
13 2 1344 656 1344 672
13 2 1344 768 1344 784
13 2 1376 752 1376 768
17 0 4
17 0 inv 1392 672 1
13 0 1344 768 1376 768
13 0 1344 656 1344 672
13 0 1344 768 1344 784
13 0 1376 752 1376 768
13 2 1344 768 1376 768
13 2 1344 656 1344 672
13 2 1344 768 1344 784
13 2 1376 752 1376 768
17 0 4
17 0 inv 1392 672 1
13 0 1344 768 1376 768
13 0 1344 656 1344 672
13 0 1344 768 1344 784
13 0 1376 752 1376 768
13 0 1392 752 1456 752
13 2 1392 752 1456 752
13 2 1376 752 1392 752
13 0 1376 752 1456 752
13 2 1152 640 1152 928
13 7 1152 640
13 0 1152 640 1152 928
13 5 1152 640 e
13 8 1152 640 0
13 8 1152 640 0
13 0 1152 800 1152 640
13 2 1152 640 1152 800
13 2 1152 800 1152 928
13 0 1152 976 1152 928
13 2 1152 928 1152 976
13 2 1152 976 1152 1008
13 7 1152 640
13 0 1152 656 1152 1008
13 0 1152 656 1152 928
13 0 1152 928 1152 1008
13 5 1152 656 b
13 2 1216 656 1248 656
13 0 1216 656 1216 640
13 2 1216 640 1216 656
13 2 1216 656 1216 896
13 7 1216 640
13 0 1216 912 1216 896
13 2 1216 896 1216 912
13 2 1216 912 1216 1008
13 0 1232 672 1232 640
13 0 1232 640 1216 640
13 0 1216 1008 1216 656
13 0 1216 656 1216 896
13 0 1216 896 1216 1008
13 2 1216 640 1232 640
13 2 1232 640 1232 672
13 5 1216 656 c
13 0 1248 656 1216 656
13 2 1216 656 1248 656
13 0 1216 656 1216 640
13 2 1216 640 1216 656
13 7 1216 656
13 0 1216 656 1216 640
13 0 1216 656 1216 640
13 2 1216 640 1216 656
13 0 1232 640 1232 672
13 0 1216 640 1232 640
13 2 1216 896 1216 1008
13 2 1216 656 1216 896
13 2 1216 640 1232 640
13 2 1232 640 1232 672
13 0 1216 1008 1216 656
13 0 1216 656 1216 896
13 0 1216 896 1216 1008
13 5 1216 656 c
13 0 1248 768 1248 752
13 2 1248 752 1248 768
13 2 1248 768 1248 784
17 0 5
17 0 inv 1296 656 1
17 0 5
17 0 inv 1296 672 1
13 0 1248 768 1248 784
13 0 1248 672 1216 672
13 0 1312 624 1312 656
13 2 1312 624 1312 640
13 2 1312 656 1344 656
13 0 1312 656 1312 640
13 2 1312 640 1312 656
13 2 1312 656 1312 864
13 0 1312 656 1312 864
13 0 1312 656 1312 640
13 0 1312 656 1344 656
13 2 1312 656 1344 656
13 0 1312 656 1312 640
13 2 1312 640 1312 656
13 2 1312 656 1312 864
13 7 1312 640
13 0 1312 864 1312 656
13 5 1312 656 d
13 2 1344 656 1344 672
13 0 1344 672 1312 672
17 0 and3 1856 752 0
13 2 1312 864 1456 864
13 2 1216 896 1456 896
13 2 1600 896 1680 896
13 2 1152 928 1456 928
17 0 3
17 0 and3 1456 816 0
13 0 1312 864 1456 864
13 0 1440 896 1456 896
13 0 1216 896 1440 896
13 0 1600 896 1680 896
13 0 1424 928 1456 928
13 0 1152 928 1424 928
13 0 1184 928 1456 928
13 2 1184 928 1456 928
13 2 1152 928 1184 928
13 0 1184 928 1152 928
13 0 1184 928 1456 928
13 2 1152 656 1152 928
13 7 1152 656
13 8 1152 656 0
13 0 1152 928 1152 672
13 5 1152 672 e
