10 1 1
10 1 1
10 1 1
17 0 fd1s3dx 1152 928 0
17 0 mult2 1776 704 0
17 0 2
17 0 mux41 1744 800 0
17 0 2
17 0 mux41 832 880 0
17 0 2
17 0 1
17 0 mux41 768 592 0
17 0 fd1s3dx 1088 640 0
17 0 1
17 0 2
17 0 mux41 528 368 0
17 0 fd1s3dx 848 416 0
13 0 720 464 848 464
17 0 mux41 1312 384 0
17 0 fd1s3dx 1632 432 0
13 0 1504 480 1632 480
17 0 mux41 2000 384 0
17 0 fd1s3dx 2320 432 0
13 0 2192 480 2320 480
17 0 mux41 528 800 0
17 0 fd1s3dx 848 848 0
13 0 720 896 848 896
17 0 mux41 1312 816 0
17 0 fd1s3dx 1632 864 0
13 0 1504 912 1632 912
17 0 mux41 2000 832 0
17 0 fd1s3dx 2320 880 0
13 0 2192 928 2320 928
17 0 mux41 2688 864 0
17 0 fd1s3dx 3008 912 0
13 0 2880 960 3008 960
13 2 2880 960 3008 960
17 0 14
17 0 13
17 0 fd1s3dx 2976 416 0
17 0 mux41 2656 368 0
13 0 2848 464 2976 464
13 0 2544 928 2608 928
13 0 2608 928 2608 1232
13 0 1856 912 1904 912
13 0 1904 912 1904 1248
13 0 1072 896 1136 896
13 0 1136 896 1136 1264
13 0 1072 464 1136 464
13 0 1136 464 1136 240
13 0 1856 480 1888 480
13 0 1888 480 1888 256
13 0 2560 480 2576 480
13 2 2560 480 2576 480
13 0 2544 480 2576 480
13 0 2576 480 2576 240
13 0 3200 464 3232 464
13 0 3232 464 3232 240
13 5 2608 1232 Q0
13 5 1904 1248 Q1
13 5 1136 1264 Q2
13 5 3232 240 Q3
13 5 2576 240 Q4
13 5 1888 256 Q5
13 5 1136 240 Q6
13 8 2608 1232 2
13 8 1904 1248 2
13 8 1136 1264 2
13 8 3232 240 2
13 8 3232 240 2
13 8 3232 240 0
13 8 3232 240 2
13 8 2576 240 2
13 8 1888 256 2
13 8 1136 240 2
13 0 960 1008 960 1104
13 0 960 576 960 672
13 0 1744 592 1744 688
13 0 2432 592 2432 704
13 0 2432 1040 2432 1168
13 0 3088 576 3088 704
13 0 368 1104 2704 1104
13 0 368 1104 960 1104
13 0 960 1104 2704 1104
13 0 2704 1104 2704 1088
13 0 1744 1024 1744 1104
13 0 2432 1136 2432 1040
13 2 2432 1040 2432 1136
13 2 2432 1136 2432 1168
13 0 2432 1040 2432 1104
13 5 368 1104 Rst
13 8 368 1104 1
13 2 2704 1088 2704 1104
13 0 2704 1104 3088 1104
13 0 3088 1104 3088 768
13 0 3088 768 3088 704
13 0 960 672 3088 672
13 0 1744 640 1744 592
13 2 1744 592 1744 640
13 2 1744 640 1744 688
13 0 2432 624 2432 592
13 2 2432 592 2432 624
13 2 2432 624 2432 704
13 0 1744 592 1744 672
13 0 2432 592 2432 672
13 0 848 928 848 1136
13 0 1632 944 1632 1136
13 0 2320 960 2320 1136
13 0 384 1136 2976 1136
13 0 384 1136 2320 1136
13 0 384 1136 1632 1136
13 0 384 1136 848 1136
13 0 848 1136 1632 1136
13 0 1632 1136 2320 1136
13 0 2320 1136 2976 1136
13 0 2976 496 2976 1136
13 0 2320 512 2320 704
13 0 1632 512 1632 704
13 0 848 496 848 704
13 0 848 704 2976 704
13 0 848 704 2320 704
13 0 848 704 1632 704
13 0 1632 704 2320 704
13 0 2320 704 2976 704
13 5 384 1136 Clk
13 8 384 1136 1
13 0 384 752 2864 752
13 0 528 560 496 560
13 0 496 560 496 752
13 0 1312 576 1264 576
13 0 1264 576 1264 752
13 0 2000 576 1952 576
13 0 1952 576 1952 752
13 0 2656 560 2608 560
13 0 2608 560 2608 752
13 0 528 992 496 992
13 0 496 992 496 752
13 0 1264 752 1264 1008
13 0 1264 1008 1312 1008
13 0 1952 752 1952 1024
13 0 1952 1024 2000 1024
13 0 2784 752 2864 752
13 2 2784 752 2864 752
13 2 2608 752 2784 752
13 5 384 752 A0
13 8 384 752 1
13 0 400 784 2656 784
13 0 2656 592 2656 784
13 0 2000 608 2000 784
13 0 1312 608 1312 784
13 0 528 592 528 784
13 0 528 1024 464 1024
13 0 464 1024 464 784
13 0 1312 1040 1232 1040
13 0 1232 1040 1232 784
13 0 2000 1056 1920 1056
13 0 1920 1056 1920 784
13 5 400 784 A1
13 8 400 784 1
13 0 2000 880 2000 816
13 0 2000 816 2608 816
13 0 2608 816 2608 928
13 0 2000 912 1904 912
13 0 2000 944 1984 944
13 0 1984 944 1984 1248
13 5 1984 1248 DL
13 8 1984 1248 1
13 0 2000 976 2000 1200
13 0 2000 976 2000 1056
13 0 2000 976 2000 1024
13 0 2000 1024 2000 1056
13 2 2000 976 2000 1024
13 0 2000 976 2000 1200
13 0 2000 976 2000 1056
13 0 2000 976 2000 1024
13 0 2000 1024 2000 1056
13 2 2000 976 2000 1024
13 0 2000 976 1968 976
13 0 1968 976 1968 1328
13 5 1968 1328 D0
13 8 1968 1328 1
13 8 2176 1264 1
13 0 1312 864 1312 800
13 0 1312 800 1328 800
13 0 1328 800 1904 800
13 0 1904 800 1904 912
13 0 1312 896 1136 896
13 0 2608 1184 1280 1184
13 0 1280 1184 1280 928
13 0 1280 928 1312 928
13 0 1312 960 1312 1216
13 0 1312 960 1312 1040
13 0 1312 960 1312 1008
13 0 1312 1008 1312 1040
13 2 1312 960 1312 1008
13 0 1312 960 1296 960
13 0 1296 960 1296 1296
13 5 1296 1296 D1
13 8 1296 1296 1
13 0 528 848 512 848
13 0 1136 1200 512 1200
13 0 512 1200 512 848
13 0 3232 272 416 272
13 0 528 880 416 880
13 0 416 272 416 880
13 0 528 912 448 912
13 0 1904 1216 448 1216
13 0 448 1216 448 912
13 0 528 944 528 1248
13 0 528 944 528 1024
13 0 528 944 528 992
13 0 528 992 528 1024
13 2 528 944 528 992
13 0 528 944 480 944
13 0 480 944 480 1264
13 5 480 1264 D2
13 8 480 1264 1
13 0 3232 304 2656 304
13 0 2656 304 2656 416
13 0 2656 448 2576 448
13 0 2656 480 2640 480
13 0 2640 480 2640 304
13 0 2640 304 2624 304
13 0 1696 1328 1680 1328
13 2 1680 1328 1696 1328
13 0 1136 1248 432 1248
13 0 2624 304 432 304
13 0 432 304 432 1248
13 0 2656 512 2608 512
13 0 2608 512 2608 224
13 5 2608 224 D3
13 8 2608 224 1
13 0 2000 432 2000 352
13 0 2000 352 2576 352
13 0 2000 464 1888 464
13 0 2000 496 1968 496
13 0 3232 256 1968 256
13 0 1968 256 1968 496
13 0 1936 240 1936 528
13 0 1936 528 2000 528
13 5 1936 240 D4
13 8 1936 240 1
13 0 1888 336 1312 336
13 0 1312 336 1312 432
13 0 1312 464 1136 464
13 0 2576 320 1280 320
13 0 1280 320 1280 496
13 0 1280 496 1312 496
13 0 1248 224 1248 528
13 0 1248 528 1312 528
13 5 1248 224 D5
13 8 1248 224 1
13 0 1136 336 528 336
13 0 528 336 528 416
13 0 496 256 496 448
13 0 496 448 528 448
13 5 496 256 DR
13 8 496 256 1
13 0 1248 320 480 320
13 0 480 320 480 464
13 0 528 480 480 480
13 0 480 480 480 464
13 0 480 480 480 464
13 2 480 464 480 480
13 2 480 480 528 480
13 2 480 320 480 464
13 2 480 320 1248 320
13 0 1888 368 464 368
13 0 464 368 464 480
13 0 464 480 528 480
13 0 528 512 384 512
13 5 384 512 D6
13 8 384 512 1
13 0 608 336 1136 336
13 2 608 336 1136 336
13 2 528 336 608 336
13 0 608 336 528 336
13 0 608 336 1136 336
13 0 1968 1232 1968 1296
13 2 1968 1232 1968 1296
13 0 1984 1232 1984 1248
13 2 1984 1232 1984 1248
13 7 1984 1248
13 8 1984 1248 0
13 8 1984 1248 0
13 0 1968 1232 1968 1296
13 7 496 256
13 8 496 256 0
13 8 496 256 0
13 5 496 256 DL
13 8 496 256 1
13 5 1984 1232 DR
13 8 1984 1232 1
13 0 1968 912 2000 912
13 2 1968 912 2000 912
13 2 1904 912 1968 912
13 0 1968 912 1904 912
13 0 1968 912 2000 912
13 0 1984 912 2000 912
13 2 1984 912 2000 912
13 2 1904 912 1984 912
13 2 1984 944 2000 944
13 2 1984 944 1984 1232
13 0 1984 944 1984 1232
13 0 1984 944 2000 944
13 2 1984 944 2000 944
13 0 1984 944 1984 912
13 0 1984 912 2000 912
13 0 1968 1216 1968 1264
13 2 1968 1216 1968 1264
13 0 1984 1216 1984 1232
13 2 1984 1216 1984 1232
13 7 1984 1232
13 8 1984 1232 0
13 8 1984 1232 0
13 0 1968 1264 1968 1216
13 5 1984 1216 DL
13 8 1984 1216 1
13 0 2000 944 1904 944
13 0 1296 896 1312 896
13 2 1296 896 1312 896
13 2 1136 896 1296 896
13 0 1296 928 1312 928
13 2 1296 928 1312 928
13 2 1280 928 1296 928
13 0 1312 896 1280 896
13 0 1280 896 1280 912
13 0 1280 928 1280 912
13 0 1312 928 1136 928
13 2 416 880 528 880
13 0 416 880 512 880
13 2 416 880 512 880
13 2 448 912 528 912
13 0 448 912 512 912
13 2 448 912 512 912
13 0 448 912 448 880
13 0 448 880 528 880
13 0 528 912 416 912
13 0 416 912 416 880
13 0 2624 448 2656 448
13 2 2624 448 2656 448
13 2 2576 448 2624 448
13 0 2640 464 2640 304
13 2 2640 304 2640 464
13 2 2640 464 2640 480
13 0 2640 304 2640 448
13 0 2640 448 2656 448
13 0 2640 480 2576 480
13 0 1984 464 2000 464
13 2 1984 464 2000 464
13 2 1888 464 1984 464
13 0 1984 496 2000 496
13 2 1984 496 2000 496
13 2 1968 496 1984 496
13 0 2000 464 1968 464
13 0 2000 496 1888 496
13 0 1888 496 1968 496
13 0 1968 496 2000 496
13 0 1888 496 1888 480
13 2 1968 496 2000 496
13 2 1888 496 1968 496
13 0 1968 480 1968 464
13 2 1968 464 1968 480
13 2 1968 480 1968 496
13 0 2000 496 1888 496
13 0 1888 496 1888 480
13 0 1296 464 1312 464
13 2 1296 464 1312 464
13 2 1136 464 1296 464
13 0 1296 496 1312 496
13 2 1296 496 1312 496
13 2 1280 496 1296 496
13 0 1312 464 1280 464
13 0 1280 480 1280 464
13 2 1280 464 1280 480
13 2 1280 480 1280 496
13 0 1312 496 1136 496
13 0 1136 496 1136 464
13 0 512 448 528 448
13 2 512 448 528 448
13 2 496 448 512 448
13 0 512 480 528 480
13 2 512 480 528 480
13 2 464 480 512 480
13 0 496 448 496 480
13 0 496 480 528 480
13 0 528 448 464 448
13 0 464 464 464 448
13 2 464 448 464 464
13 2 464 464 464 480
13 7 496 256
13 8 496 256 0
13 8 496 256 0
13 5 496 256 DR
13 8 496 256 1
