10 1 1
10 1 1
10 1 1
17 0 fd1s3dx 672 576 0
17 0 mux41 336 528 0
17 0 mux41 1104 528 0
17 0 fd1s3dx 1440 576 0
17 0 mux41 1824 544 0
17 0 fd1s3dx 2160 592 0
17 0 mux41 2560 544 0
17 0 fd1s3dx 2896 592 0
17 0 mux41 336 960 0
17 0 fd1s3dx 672 1008 0
17 0 mux41 1088 960 0
17 0 fd1s3dx 1424 1008 0
17 0 mux41 1824 960 0
17 0 fd1s3dx 2160 1008 0
13 0 256 1280 2880 1280
13 0 784 1168 784 1280
13 0 1536 1168 1536 1280
13 0 2272 1168 2272 1296
13 0 2896 672 2896 1280
13 0 2896 1280 2880 1280
13 0 2896 1280 2880 1280
13 2 2880 1280 2896 1280
13 2 2896 672 2896 1280
13 0 3008 752 3008 1280
13 0 3008 1280 2880 1280
13 0 2272 752 2272 832
13 0 2288 832 3008 832
13 0 2288 832 2272 832
13 0 2272 832 1552 832
13 0 1552 832 1552 736
13 0 1552 832 784 832
13 0 784 832 784 736
13 5 256 1280 Rst
13 8 256 1280 1
13 0 256 1328 2944 1328
13 0 2896 672 2896 1328
13 0 2928 1328 2944 1328
13 2 2928 1328 2944 1328
13 2 2896 1328 2928 1328
13 0 2160 1088 2160 1328
13 0 1424 1088 1424 1328
13 0 672 1088 672 1328
13 0 672 656 672 864
13 0 672 864 2896 864
13 0 1440 656 1440 864
13 0 2160 672 2160 864
13 5 256 1328 Clk
13 8 256 1328 1
13 0 304 896 2752 896
13 0 2752 896 2752 912
13 5 304 896 A0
13 8 304 896 1
13 0 336 720 320 720
13 0 320 720 320 896
13 2 320 720 320 896
13 0 464 896 2752 896
13 2 464 896 2752 896
13 2 304 896 464 896
13 0 464 896 304 896
13 0 464 896 2752 896
13 2 2752 896 2752 912
13 2 304 896 2752 896
13 0 2752 896 2752 912
13 2 2752 896 2752 912
13 7 304 896
13 8 304 896 0
13 0 2688 912 2688 896
13 0 2688 896 2752 896
13 0 240 896 2688 896
13 0 2688 896 2752 896
13 0 2752 896 2752 912
13 5 240 896 A0
13 8 304 896 1
13 8 240 896 1
13 2 2688 896 2688 912
13 2 240 896 2752 896
13 2 2752 896 2752 912
13 0 2752 896 2752 912
13 0 2752 896 240 896
13 2 2752 896 2752 912
13 0 320 720 288 720
13 0 288 720 288 896
13 0 288 896 288 1152
13 0 288 1152 336 1152
13 0 528 1056 672 1056
13 0 528 624 672 624
13 0 1296 624 1440 624
13 0 1280 1056 1424 1056
13 0 2016 1056 2160 1056
13 0 2016 640 2160 640
13 0 2384 640 2400 640
13 0 2752 640 2896 640
13 0 1056 896 1056 720
13 0 1056 720 1104 720
13 0 1056 896 1056 1152
13 0 1056 1152 1088 1152
13 0 1760 896 1760 736
13 0 1760 736 1824 736
13 0 1760 896 1760 1152
13 0 1760 1152 1824 1152
13 0 2528 896 2528 736
13 0 2528 736 2560 736
13 0 2624 896 2752 896
13 2 2624 896 2752 896
13 2 2528 896 2624 896
13 0 256 928 2480 928
13 0 2480 928 2480 944
13 5 256 928 A1
13 8 256 928 1
13 0 336 752 336 928
13 0 320 928 320 1184
13 0 320 1184 336 1184
13 2 320 1184 336 1184
13 2 320 928 320 1184
13 0 304 928 304 1184
13 0 304 1184 336 1184
13 0 1104 752 1104 928
13 0 1024 928 1024 1184
13 0 1024 1184 1088 1184
13 0 1824 784 1824 928
13 0 1824 784 1824 768
13 0 1792 928 1792 1184
13 0 1792 1184 1824 1184
13 0 2560 768 2560 928
13 0 2560 928 2480 928
13 2 2480 928 2480 944
13 0 2384 1056 2384 1440
13 0 2384 1440 2400 1440
13 2 2384 1440 2400 1440
13 5 2384 1440 Q0
13 8 2384 1440 2
13 0 1648 1056 1648 1440
13 5 1648 1440 Q1
13 8 1648 1440 2
13 0 896 1056 896 1472
13 5 896 1472 Q2
13 8 896 1472 2
13 0 3120 640 3120 432
13 5 3120 432 Q3
13 8 3120 432 2
13 0 2400 448 2400 640
13 5 2400 448 Q4
13 8 2400 448 2
13 0 1664 624 1664 416
13 5 1664 416 Q5
13 8 1664 416 2
13 0 896 400 896 624
13 5 896 400 Q6
13 8 896 400 2
13 0 1824 1008 1728 1008
13 0 1728 1008 1728 1440
13 5 1728 1440 D0
13 8 1728 1440 1
13 0 1664 624 1664 1072
13 0 1664 1072 1824 1072
13 0 896 624 960 624
13 0 960 624 960 1424
13 0 960 1424 1584 1424
13 0 1824 1104 1824 1424
13 0 1824 1104 1824 1184
13 0 1824 1104 1824 1152
13 0 1824 1152 1824 1184
13 2 1824 1104 1824 1152
13 0 1824 1104 1808 1104
13 0 1808 1104 1808 1424
13 0 1808 1424 1584 1424
13 0 1824 1040 1824 1376
13 0 1824 1040 1824 1184
13 0 1824 1040 1824 1152
13 0 1824 1040 1824 1104
13 0 1824 1040 1824 1072
13 0 1824 1072 1824 1104
13 2 1824 1040 1824 1072
13 0 1824 1040 1808 1040
13 8 1808 1040 1
13 8 1808 1040 1
17 0 vhi 1744 960 0
13 0 1088 1008 1008 1008
13 0 1008 1008 1008 1472
13 5 1008 1472 D1
13 8 1008 1472 1
13 0 2384 1376 1040 1376
13 0 1088 1040 1040 1040
13 0 1040 1040 1040 1376
13 0 1088 1104 1072 1104
13 0 960 624 1072 624
13 0 1072 624 1072 1104
13 0 1088 1072 1072 1072
13 0 336 1008 240 1008
13 5 240 1008 D2
13 8 240 1008 1
13 0 1648 1408 240 1408
13 0 240 1408 240 1040
13 0 240 1040 336 1040
13 0 896 432 240 432
13 0 240 432 240 448
13 2 240 432 240 448
13 2 240 432 896 432
13 0 896 432 208 432
13 0 208 432 208 1072
13 0 208 1072 336 1072
13 2 208 1072 336 1072
13 2 208 432 208 1072
13 2 208 432 896 432
13 0 2384 1344 320 1344
13 0 320 1344 320 1072
13 0 336 1072 320 1072
13 0 336 1104 320 1104
13 0 2560 592 2560 416
13 5 2560 416 D3
13 8 2560 416 1
13 0 896 1056 928 1056
13 0 928 1056 928 432
13 0 928 432 1072 432
13 0 1072 432 2512 432
13 0 2512 432 2512 624
13 0 2560 624 2512 624
13 0 1648 1232 2544 1232
13 0 2544 1232 2544 656
13 0 2560 656 2544 656
13 0 2560 688 2544 688
13 0 1824 592 1824 368
13 5 1824 368 D4
13 8 1824 368 1
13 0 3120 464 1792 464
13 0 1792 464 1792 624
13 0 1824 624 1792 624
13 0 928 784 1728 784
13 0 1728 784 1728 656
13 0 1728 656 1824 656
13 0 1824 688 1728 688
13 0 1104 592 1104 384
13 0 1104 384 1104 576
13 0 1104 576 1104 592
13 5 1104 384 D5
13 8 1104 384 1
13 2 1104 576 1104 592
13 0 2400 496 1088 496
13 0 1088 496 1088 608
13 0 1104 608 1088 608
13 0 1792 464 1072 464
13 0 1104 640 1040 640
13 0 1040 640 1040 464
13 0 1040 464 1072 464
13 0 1104 672 1040 672
13 0 1040 672 1040 640
13 0 336 576 336 384
13 5 336 384 D6
13 8 336 384 1
13 0 1664 512 304 512
13 0 304 512 304 608
13 0 336 608 304 608
13 0 1088 496 288 496
13 0 288 496 288 640
13 0 288 640 336 640
13 0 336 672 256 672
13 0 336 432 272 432
13 0 256 672 256 432
13 0 256 432 272 432
17 0 15
13 2 1808 1040 1824 1040
17 0 vhi 1744 1104 3
17 0 vhi 1744 1104 3
17 0 vhi 1760 960 0
17 0 vhi 2064 944 0
17 0 15
17 0 vhi 2032 944 0
17 0 15
17 0 vhi 2112 1008 3
17 0 15
17 0 vhi 1744 1104 3
17 0 vhi 2112 1008 3
17 0 15
17 0 vhi 2112 1008 3
17 0 15
17 0 vhi 1744 1104 3
17 0 vhi 2112 1008 3
17 0 15
17 0 vhi 2112 1008 3
13 0 1824 1040 1808 1040
17 0 15
17 0 vhi 1728 1104 3
13 0 304 432 336 432
13 2 304 432 336 432
13 2 256 432 304 432
13 0 256 496 256 432
13 2 256 432 256 496
13 2 256 496 256 672
13 0 256 672 256 448
13 0 256 448 896 448
13 0 2512 512 2512 432
13 2 2512 432 2512 512
13 2 2512 512 2512 624
13 0 2528 544 2528 624
13 0 2528 624 2512 624
13 0 2528 544 2528 432
13 0 2528 432 2512 432
13 0 2528 432 2512 432
13 2 2512 432 2528 432
13 0 2528 544 2528 432
13 2 2528 432 2528 544
13 2 2528 544 2528 624
13 0 2512 512 2512 624
13 0 2512 432 2512 512
13 0 2416 432 2512 432
13 2 2416 432 2512 432
13 2 928 432 2416 432
13 0 2416 432 928 432
13 0 2416 432 2512 432
13 0 240 1312 240 1040
13 2 240 1040 240 1312
13 2 240 1312 240 1408
13 0 240 1312 240 1408
13 0 240 1312 240 1040
13 0 288 1280 784 1280
13 2 288 1280 784 1280
13 2 256 1280 288 1280
13 0 256 1280 784 1280
13 2 256 1280 784 1280
13 2 240 1040 240 1408
13 7 256 1280
13 8 256 1280 0
13 0 256 1280 784 1280
13 0 240 1264 240 1312
13 0 240 1040 240 1264
13 0 240 1264 240 1312
13 0 240 1312 240 1408
13 5 256 1280 Rst
13 8 256 1280 1
13 8 256 1280 1
13 0 240 1296 240 1040
13 2 240 1040 240 1296
13 2 240 1296 240 1408
13 0 192 1296 192 1408
13 0 192 1408 240 1408
13 0 192 1296 192 1040
13 0 192 1040 240 1040
13 0 1248 1424 1808 1424
13 2 1248 1424 1808 1424
13 2 960 1424 1248 1424
13 0 1248 1520 960 1520
13 0 960 1520 960 1424
13 0 1248 1520 1808 1520
13 0 1808 1520 1808 1424
13 0 2304 432 2512 432
13 2 2304 432 2512 432
13 2 928 432 2304 432
13 0 2288 320 928 320
13 0 928 320 928 432
13 0 2288 320 2512 320
13 0 2512 320 2512 432
13 2 1808 1040 1824 1040
13 2 1808 1040 1824 1040
17 0 15
17 0 vhi 1648 1104 3
13 0 1728 1040 1824 1040
13 0 1728 1040 1824 1040
13 2 1728 1040 1824 1040
17 0 15
17 0 vhi 1728 1104 3
13 0 1808 1040 1824 1040
17 0 15
13 0 1808 1040 1728 1040
13 0 1808 1040 1728 1040
13 2 1728 1040 1808 1040
13 0 1808 1040 1712 1040
17 0 vhi 1632 1104 3
17 0 15
13 0 1808 1040 1712 1040
13 2 1712 1040 1808 1040
13 0 1808 1040 1808 960
13 0 1808 960 1632 960
17 0 vhi 1552 1024 3
